============================= test session starts =============================
platform win32 -- Python 3.12.10, pytest-9.0.3, pluggy-1.6.0
rootdir: C:\projects\simple-budget\backend
configfile: pytest.ini
testpaths: tests
plugins: anyio-4.12.1, asyncio-1.3.0, cov-7.0.0
asyncio: mode=Mode.STRICT, debug=False, asyncio_default_fixture_loop_scope=function, asyncio_default_test_loop_scope=function

[Integration] DATABASE_URL = postgresql://test_user:test_pass@localhost:5433/budget_test
[Integration] RATE_LIMIT_ENABLED = False
collected 249 items

tests\integration\test_db_failure_modes.py EEE                           [  1%]
tests\integration\test_e2e_budget_flow.py E                              [  1%]
tests\integration\test_integration_auth_lockout.py EEEEEEEEEE            [  5%]
tests\integration\test_integration_errors.py EEEEEEEEEEEEEEEEEEEEEEEEEEE [ 16%]
EEEEEEEEE                                                                [ 20%]
tests\integration\test_integration_happy_paths.py EEEEEEEEEEE            [ 24%]
tests\integration\test_integration_repositories.py EEEEEEEEE             [ 28%]
tests\test_auth_rate_limits.py ..                                        [ 28%]
tests\test_auth_service.py ......                                        [ 31%]
tests\test_budget_service.py ...............                             [ 37%]
tests\test_error_handlers.py ........................................... [ 54%]
......................                                                   [ 63%]
tests\test_expense_service.py .......                                    [ 66%]
tests\test_http_controllers.py ......................................... [ 82%]
................                                                         [ 89%]
tests\test_income_service.py ......                                      [ 91%]
tests\test_report_service.py .......                                     [ 94%]
tests\test_security.py ............F.                                    [100%]

=================================== ERRORS ====================================
_ ERROR at setup of TestDatabaseFailureModes.test_register_gracefully_handles_db_disconnect _

self = <sqlalchemy.engine.base.Connection object at 0x000001F509F8E960>
engine = Engine(postgresql://test_user:***@localhost:5433/budget_test)
connection = None, _has_events = None, _allow_revalidate = True
_allow_autobegin = True

    def __init__(
        self,
        engine: Engine,
        connection: Optional[PoolProxiedConnection] = None,
        _has_events: Optional[bool] = None,
        _allow_revalidate: bool = True,
        _allow_autobegin: bool = True,
    ):
        """Construct a new Connection."""
        self.engine = engine
        self.dialect = dialect = engine.dialect
    
        if connection is None:
            try:
>               self._dbapi_connection = engine.raw_connection()
                                         ^^^^^^^^^^^^^^^^^^^^^^^

..\.venv\Lib\site-packages\sqlalchemy\engine\base.py:145: 
_ _ _ _ _ _ _ _ _ _ _ _ _ _ _ _ _ _ _ _ _ _ _ _ _ _ _ _ _ _ _ _ _ _ _ _ _ _ _ _
..\.venv\Lib\site-packages\sqlalchemy\engine\base.py:3293: in raw_connection
    return self.pool.connect()
           ^^^^^^^^^^^^^^^^^^^
..\.venv\Lib\site-packages\sqlalchemy\pool\base.py:452: in connect
    return _ConnectionFairy._checkout(self)
           ^^^^^^^^^^^^^^^^^^^^^^^^^^^^^^^^
..\.venv\Lib\site-packages\sqlalchemy\pool\base.py:1269: in _checkout
    fairy = _ConnectionRecord.checkout(pool)
            ^^^^^^^^^^^^^^^^^^^^^^^^^^^^^^^^
..\.venv\Lib\site-packages\sqlalchemy\pool\base.py:716: in checkout
    rec = pool._do_get()
          ^^^^^^^^^^^^^^
..\.venv\Lib\site-packages\sqlalchemy\pool\impl.py:169: in _do_get
    with util.safe_reraise():
         ^^^^^^^^^^^^^^^^^^^
..\.venv\Lib\site-packages\sqlalchemy\util\langhelpers.py:146: in __exit__
    raise exc_value.with_traceback(exc_tb)
..\.venv\Lib\site-packages\sqlalchemy\pool\impl.py:167: in _do_get
    return self._create_connection()
           ^^^^^^^^^^^^^^^^^^^^^^^^^
..\.venv\Lib\site-packages\sqlalchemy\pool\base.py:393: in _create_connection
    return _ConnectionRecord(self)
           ^^^^^^^^^^^^^^^^^^^^^^^
..\.venv\Lib\site-packages\sqlalchemy\pool\base.py:678: in __init__
    self.__connect()
..\.venv\Lib\site-packages\sqlalchemy\pool\base.py:902: in __connect
    with util.safe_reraise():
         ^^^^^^^^^^^^^^^^^^^
..\.venv\Lib\site-packages\sqlalchemy\util\langhelpers.py:146: in __exit__
    raise exc_value.with_traceback(exc_tb)
..\.venv\Lib\site-packages\sqlalchemy\pool\base.py:898: in __connect
    self.dbapi_connection = connection = pool._invoke_creator(self)
                                         ^^^^^^^^^^^^^^^^^^^^^^^^^^
..\.venv\Lib\site-packages\sqlalchemy\engine\create.py:645: in connect
    return dialect.connect(*cargs, **cparams)
           ^^^^^^^^^^^^^^^^^^^^^^^^^^^^^^^^^^
..\.venv\Lib\site-packages\sqlalchemy\engine\default.py:616: in connect
    return self.loaded_dbapi.connect(*cargs, **cparams)
           ^^^^^^^^^^^^^^^^^^^^^^^^^^^^^^^^^^^^^^^^^^^^
_ _ _ _ _ _ _ _ _ _ _ _ _ _ _ _ _ _ _ _ _ _ _ _ _ _ _ _ _ _ _ _ _ _ _ _ _ _ _ _

dsn = 'host=localhost dbname=budget_test user=test_user password=test_pass port=5433'
connection_factory = None, cursor_factory = None
kwargs = {'dbname': 'budget_test', 'host': 'localhost', 'password': 'test_pass', 'port': 5433, ...}
kwasync = {}

    def connect(dsn=None, connection_factory=None, cursor_factory=None, **kwargs):
        """
        Create a new database connection.
    
        The connection parameters can be specified as a string:
    
            conn = psycopg2.connect("dbname=test user=postgres password=secret")
    
        or using a set of keyword arguments:
    
            conn = psycopg2.connect(database="test", user="postgres", password="secret")
    
        Or as a mix of both. The basic connection parameters are:
    
        - *dbname*: the database name
        - *database*: the database name (only as keyword argument)
        - *user*: user name used to authenticate
        - *password*: password used to authenticate
        - *host*: database host address (defaults to UNIX socket if not provided)
        - *port*: connection port number (defaults to 5432 if not provided)
    
        Using the *connection_factory* parameter a different class or connections
        factory can be specified. It should be a callable object taking a dsn
        argument.
    
        Using the *cursor_factory* parameter, a new default cursor factory will be
        used by cursor().
    
        Using *async*=True an asynchronous connection will be created. *async_* is
        a valid alias (for Python versions where ``async`` is a keyword).
    
        Any other keyword parameter will be passed to the underlying client
        library: the list of supported parameters depends on the library version.
    
        """
        kwasync = {}
        if 'async' in kwargs:
            kwasync['async'] = kwargs.pop('async')
        if 'async_' in kwargs:
            kwasync['async_'] = kwargs.pop('async_')
    
        dsn = _ext.make_dsn(dsn, **kwargs)
>       conn = _connect(dsn, connection_factory=connection_factory, **kwasync)
               ^^^^^^^^^^^^^^^^^^^^^^^^^^^^^^^^^^^^^^^^^^^^^^^^^^^^^^^^^^^^^^^
E       psycopg2.OperationalError: connection to server at "localhost" (::1), port 5433 failed: Connection refused (0x0000274D/10061)
E       	Is the server running on that host and accepting TCP/IP connections?
E       connection to server at "localhost" (127.0.0.1), port 5433 failed: Connection refused (0x0000274D/10061)
E       	Is the server running on that host and accepting TCP/IP connections?

..\.venv\Lib\site-packages\psycopg2\__init__.py:122: OperationalError

The above exception was the direct cause of the following exception:

fixturedef = <FixtureDef argname='create_tables' scope='session' baseid='tests/integration'>
request = <SubRequest 'create_tables' for <Function test_register_gracefully_handles_db_disconnect>>

    @pytest.hookimpl(wrapper=True)
    def pytest_fixture_setup(fixturedef: FixtureDef, request) -> object | None:
        asyncio_mode = _get_asyncio_mode(request.config)
        if not _is_asyncio_fixture_function(fixturedef.func):
            if asyncio_mode == Mode.STRICT:
                # Ignore async fixtures without explicit asyncio mark in strict mode
                # This applies to pytest_trio fixtures, for example
>               return (yield)
                        ^^^^^

..\.venv\Lib\site-packages\pytest_asyncio\plugin.py:728: 
_ _ _ _ _ _ _ _ _ _ _ _ _ _ _ _ _ _ _ _ _ _ _ _ _ _ _ _ _ _ _ _ _ _ _ _ _ _ _ _
tests\integration\conftest.py:89: in create_tables
    Base.metadata.drop_all(bind=_engine)
..\.venv\Lib\site-packages\sqlalchemy\sql\schema.py:5860: in drop_all
    bind._run_ddl_visitor(
..\.venv\Lib\site-packages\sqlalchemy\engine\base.py:3243: in _run_ddl_visitor
    with self.begin() as conn:
         ^^^^^^^^^^^^
C:\Users\monke\AppData\Local\Programs\Python\Python312\Lib\contextlib.py:137: in __enter__
    return next(self.gen)
           ^^^^^^^^^^^^^^
..\.venv\Lib\site-packages\sqlalchemy\engine\base.py:3233: in begin
    with self.connect() as conn:
         ^^^^^^^^^^^^^^
..\.venv\Lib\site-packages\sqlalchemy\engine\base.py:3269: in connect
    return self._connection_cls(self)
           ^^^^^^^^^^^^^^^^^^^^^^^^^^
..\.venv\Lib\site-packages\sqlalchemy\engine\base.py:147: in __init__
    Connection._handle_dbapi_exception_noconnection(
..\.venv\Lib\site-packages\sqlalchemy\engine\base.py:2431: in _handle_dbapi_exception_noconnection
    raise sqlalchemy_exception.with_traceback(exc_info[2]) from e
..\.venv\Lib\site-packages\sqlalchemy\engine\base.py:145: in __init__
    self._dbapi_connection = engine.raw_connection()
                             ^^^^^^^^^^^^^^^^^^^^^^^
..\.venv\Lib\site-packages\sqlalchemy\engine\base.py:3293: in raw_connection
    return self.pool.connect()
           ^^^^^^^^^^^^^^^^^^^
..\.venv\Lib\site-packages\sqlalchemy\pool\base.py:452: in connect
    return _ConnectionFairy._checkout(self)
           ^^^^^^^^^^^^^^^^^^^^^^^^^^^^^^^^
..\.venv\Lib\site-packages\sqlalchemy\pool\base.py:1269: in _checkout
    fairy = _ConnectionRecord.checkout(pool)
            ^^^^^^^^^^^^^^^^^^^^^^^^^^^^^^^^
..\.venv\Lib\site-packages\sqlalchemy\pool\base.py:716: in checkout
    rec = pool._do_get()
          ^^^^^^^^^^^^^^
..\.venv\Lib\site-packages\sqlalchemy\pool\impl.py:169: in _do_get
    with util.safe_reraise():
         ^^^^^^^^^^^^^^^^^^^
..\.venv\Lib\site-packages\sqlalchemy\util\langhelpers.py:146: in __exit__
    raise exc_value.with_traceback(exc_tb)
..\.venv\Lib\site-packages\sqlalchemy\pool\impl.py:167: in _do_get
    return self._create_connection()
           ^^^^^^^^^^^^^^^^^^^^^^^^^
..\.venv\Lib\site-packages\sqlalchemy\pool\base.py:393: in _create_connection
    return _ConnectionRecord(self)
           ^^^^^^^^^^^^^^^^^^^^^^^
..\.venv\Lib\site-packages\sqlalchemy\pool\base.py:678: in __init__
    self.__connect()
..\.venv\Lib\site-packages\sqlalchemy\pool\base.py:902: in __connect
    with util.safe_reraise():
         ^^^^^^^^^^^^^^^^^^^
..\.venv\Lib\site-packages\sqlalchemy\util\langhelpers.py:146: in __exit__
    raise exc_value.with_traceback(exc_tb)
..\.venv\Lib\site-packages\sqlalchemy\pool\base.py:898: in __connect
    self.dbapi_connection = connection = pool._invoke_creator(self)
                                         ^^^^^^^^^^^^^^^^^^^^^^^^^^
..\.venv\Lib\site-packages\sqlalchemy\engine\create.py:645: in connect
    return dialect.connect(*cargs, **cparams)
           ^^^^^^^^^^^^^^^^^^^^^^^^^^^^^^^^^^
..\.venv\Lib\site-packages\sqlalchemy\engine\default.py:616: in connect
    return self.loaded_dbapi.connect(*cargs, **cparams)
           ^^^^^^^^^^^^^^^^^^^^^^^^^^^^^^^^^^^^^^^^^^^^
_ _ _ _ _ _ _ _ _ _ _ _ _ _ _ _ _ _ _ _ _ _ _ _ _ _ _ _ _ _ _ _ _ _ _ _ _ _ _ _

dsn = 'host=localhost dbname=budget_test user=test_user password=test_pass port=5433'
connection_factory = None, cursor_factory = None
kwargs = {'dbname': 'budget_test', 'host': 'localhost', 'password': 'test_pass', 'port': 5433, ...}
kwasync = {}

    def connect(dsn=None, connection_factory=None, cursor_factory=None, **kwargs):
        """
        Create a new database connection.
    
        The connection parameters can be specified as a string:
    
            conn = psycopg2.connect("dbname=test user=postgres password=secret")
    
        or using a set of keyword arguments:
    
            conn = psycopg2.connect(database="test", user="postgres", password="secret")
    
        Or as a mix of both. The basic connection parameters are:
    
        - *dbname*: the database name
        - *database*: the database name (only as keyword argument)
        - *user*: user name used to authenticate
        - *password*: password used to authenticate
        - *host*: database host address (defaults to UNIX socket if not provided)
        - *port*: connection port number (defaults to 5432 if not provided)
    
        Using the *connection_factory* parameter a different class or connections
        factory can be specified. It should be a callable object taking a dsn
        argument.
    
        Using the *cursor_factory* parameter, a new default cursor factory will be
        used by cursor().
    
        Using *async*=True an asynchronous connection will be created. *async_* is
        a valid alias (for Python versions where ``async`` is a keyword).
    
        Any other keyword parameter will be passed to the underlying client
        library: the list of supported parameters depends on the library version.
    
        """
        kwasync = {}
        if 'async' in kwargs:
            kwasync['async'] = kwargs.pop('async')
        if 'async_' in kwargs:
            kwasync['async_'] = kwargs.pop('async_')
    
        dsn = _ext.make_dsn(dsn, **kwargs)
>       conn = _connect(dsn, connection_factory=connection_factory, **kwasync)
               ^^^^^^^^^^^^^^^^^^^^^^^^^^^^^^^^^^^^^^^^^^^^^^^^^^^^^^^^^^^^^^^
E       sqlalchemy.exc.OperationalError: (psycopg2.OperationalError) connection to server at "localhost" (::1), port 5433 failed: Connection refused (0x0000274D/10061)
E       	Is the server running on that host and accepting TCP/IP connections?
E       connection to server at "localhost" (127.0.0.1), port 5433 failed: Connection refused (0x0000274D/10061)
E       	Is the server running on that host and accepting TCP/IP connections?
E       
E       (Background on this error at: https://sqlalche.me/e/20/e3q8)

..\.venv\Lib\site-packages\psycopg2\__init__.py:122: OperationalError
_ ERROR at setup of TestDatabaseFailureModes.test_summary_gracefully_handles_db_timeout _

self = <sqlalchemy.engine.base.Connection object at 0x000001F509F8E960>
engine = Engine(postgresql://test_user:***@localhost:5433/budget_test)
connection = None, _has_events = None, _allow_revalidate = True
_allow_autobegin = True

    def __init__(
        self,
        engine: Engine,
        connection: Optional[PoolProxiedConnection] = None,
        _has_events: Optional[bool] = None,
        _allow_revalidate: bool = True,
        _allow_autobegin: bool = True,
    ):
        """Construct a new Connection."""
        self.engine = engine
        self.dialect = dialect = engine.dialect
    
        if connection is None:
            try:
>               self._dbapi_connection = engine.raw_connection()
                                         ^^^^^^^^^^^^^^^^^^^^^^^

..\.venv\Lib\site-packages\sqlalchemy\engine\base.py:145: 
_ _ _ _ _ _ _ _ _ _ _ _ _ _ _ _ _ _ _ _ _ _ _ _ _ _ _ _ _ _ _ _ _ _ _ _ _ _ _ _
..\.venv\Lib\site-packages\sqlalchemy\engine\base.py:3293: in raw_connection
    return self.pool.connect()
           ^^^^^^^^^^^^^^^^^^^
..\.venv\Lib\site-packages\sqlalchemy\pool\base.py:452: in connect
    return _ConnectionFairy._checkout(self)
           ^^^^^^^^^^^^^^^^^^^^^^^^^^^^^^^^
..\.venv\Lib\site-packages\sqlalchemy\pool\base.py:1269: in _checkout
    fairy = _ConnectionRecord.checkout(pool)
            ^^^^^^^^^^^^^^^^^^^^^^^^^^^^^^^^
..\.venv\Lib\site-packages\sqlalchemy\pool\base.py:716: in checkout
    rec = pool._do_get()
          ^^^^^^^^^^^^^^
..\.venv\Lib\site-packages\sqlalchemy\pool\impl.py:169: in _do_get
    with util.safe_reraise():
         ^^^^^^^^^^^^^^^^^^^
..\.venv\Lib\site-packages\sqlalchemy\util\langhelpers.py:146: in __exit__
    raise exc_value.with_traceback(exc_tb)
..\.venv\Lib\site-packages\sqlalchemy\pool\impl.py:167: in _do_get
    return self._create_connection()
           ^^^^^^^^^^^^^^^^^^^^^^^^^
..\.venv\Lib\site-packages\sqlalchemy\pool\base.py:393: in _create_connection
    return _ConnectionRecord(self)
           ^^^^^^^^^^^^^^^^^^^^^^^
..\.venv\Lib\site-packages\sqlalchemy\pool\base.py:678: in __init__
    self.__connect()
..\.venv\Lib\site-packages\sqlalchemy\pool\base.py:902: in __connect
    with util.safe_reraise():
         ^^^^^^^^^^^^^^^^^^^
..\.venv\Lib\site-packages\sqlalchemy\util\langhelpers.py:146: in __exit__
    raise exc_value.with_traceback(exc_tb)
..\.venv\Lib\site-packages\sqlalchemy\pool\base.py:898: in __connect
    self.dbapi_connection = connection = pool._invoke_creator(self)
                                         ^^^^^^^^^^^^^^^^^^^^^^^^^^
..\.venv\Lib\site-packages\sqlalchemy\engine\create.py:645: in connect
    return dialect.connect(*cargs, **cparams)
           ^^^^^^^^^^^^^^^^^^^^^^^^^^^^^^^^^^
..\.venv\Lib\site-packages\sqlalchemy\engine\default.py:616: in connect
    return self.loaded_dbapi.connect(*cargs, **cparams)
           ^^^^^^^^^^^^^^^^^^^^^^^^^^^^^^^^^^^^^^^^^^^^
_ _ _ _ _ _ _ _ _ _ _ _ _ _ _ _ _ _ _ _ _ _ _ _ _ _ _ _ _ _ _ _ _ _ _ _ _ _ _ _

dsn = 'host=localhost dbname=budget_test user=test_user password=test_pass port=5433'
connection_factory = None, cursor_factory = None
kwargs = {'dbname': 'budget_test', 'host': 'localhost', 'password': 'test_pass', 'port': 5433, ...}
kwasync = {}

    def connect(dsn=None, connection_factory=None, cursor_factory=None, **kwargs):
        """
        Create a new database connection.
    
        The connection parameters can be specified as a string:
    
            conn = psycopg2.connect("dbname=test user=postgres password=secret")
    
        or using a set of keyword arguments:
    
            conn = psycopg2.connect(database="test", user="postgres", password="secret")
    
        Or as a mix of both. The basic connection parameters are:
    
        - *dbname*: the database name
        - *database*: the database name (only as keyword argument)
        - *user*: user name used to authenticate
        - *password*: password used to authenticate
        - *host*: database host address (defaults to UNIX socket if not provided)
        - *port*: connection port number (defaults to 5432 if not provided)
    
        Using the *connection_factory* parameter a different class or connections
        factory can be specified. It should be a callable object taking a dsn
        argument.
    
        Using the *cursor_factory* parameter, a new default cursor factory will be
        used by cursor().
    
        Using *async*=True an asynchronous connection will be created. *async_* is
        a valid alias (for Python versions where ``async`` is a keyword).
    
        Any other keyword parameter will be passed to the underlying client
        library: the list of supported parameters depends on the library version.
    
        """
        kwasync = {}
        if 'async' in kwargs:
            kwasync['async'] = kwargs.pop('async')
        if 'async_' in kwargs:
            kwasync['async_'] = kwargs.pop('async_')
    
        dsn = _ext.make_dsn(dsn, **kwargs)
>       conn = _connect(dsn, connection_factory=connection_factory, **kwasync)
               ^^^^^^^^^^^^^^^^^^^^^^^^^^^^^^^^^^^^^^^^^^^^^^^^^^^^^^^^^^^^^^^
E       psycopg2.OperationalError: connection to server at "localhost" (::1), port 5433 failed: Connection refused (0x0000274D/10061)
E       	Is the server running on that host and accepting TCP/IP connections?
E       connection to server at "localhost" (127.0.0.1), port 5433 failed: Connection refused (0x0000274D/10061)
E       	Is the server running on that host and accepting TCP/IP connections?

..\.venv\Lib\site-packages\psycopg2\__init__.py:122: OperationalError

The above exception was the direct cause of the following exception:

    @pytest.fixture(scope="session", autouse=True)
    def create_tables():
        """Drop and recreate all tables once per test session."""
>       Base.metadata.drop_all(bind=_engine)

tests\integration\conftest.py:89: 
_ _ _ _ _ _ _ _ _ _ _ _ _ _ _ _ _ _ _ _ _ _ _ _ _ _ _ _ _ _ _ _ _ _ _ _ _ _ _ _
..\.venv\Lib\site-packages\sqlalchemy\sql\schema.py:5860: in drop_all
    bind._run_ddl_visitor(
..\.venv\Lib\site-packages\sqlalchemy\engine\base.py:3243: in _run_ddl_visitor
    with self.begin() as conn:
         ^^^^^^^^^^^^
C:\Users\monke\AppData\Local\Programs\Python\Python312\Lib\contextlib.py:137: in __enter__
    return next(self.gen)
           ^^^^^^^^^^^^^^
..\.venv\Lib\site-packages\sqlalchemy\engine\base.py:3233: in begin
    with self.connect() as conn:
         ^^^^^^^^^^^^^^
..\.venv\Lib\site-packages\sqlalchemy\engine\base.py:3269: in connect
    return self._connection_cls(self)
           ^^^^^^^^^^^^^^^^^^^^^^^^^^
..\.venv\Lib\site-packages\sqlalchemy\engine\base.py:147: in __init__
    Connection._handle_dbapi_exception_noconnection(
..\.venv\Lib\site-packages\sqlalchemy\engine\base.py:2431: in _handle_dbapi_exception_noconnection
    raise sqlalchemy_exception.with_traceback(exc_info[2]) from e
..\.venv\Lib\site-packages\sqlalchemy\engine\base.py:145: in __init__
    self._dbapi_connection = engine.raw_connection()
                             ^^^^^^^^^^^^^^^^^^^^^^^
..\.venv\Lib\site-packages\sqlalchemy\engine\base.py:3293: in raw_connection
    return self.pool.connect()
           ^^^^^^^^^^^^^^^^^^^
..\.venv\Lib\site-packages\sqlalchemy\pool\base.py:452: in connect
    return _ConnectionFairy._checkout(self)
           ^^^^^^^^^^^^^^^^^^^^^^^^^^^^^^^^
..\.venv\Lib\site-packages\sqlalchemy\pool\base.py:1269: in _checkout
    fairy = _ConnectionRecord.checkout(pool)
            ^^^^^^^^^^^^^^^^^^^^^^^^^^^^^^^^
..\.venv\Lib\site-packages\sqlalchemy\pool\base.py:716: in checkout
    rec = pool._do_get()
          ^^^^^^^^^^^^^^
..\.venv\Lib\site-packages\sqlalchemy\pool\impl.py:169: in _do_get
    with util.safe_reraise():
         ^^^^^^^^^^^^^^^^^^^
..\.venv\Lib\site-packages\sqlalchemy\util\langhelpers.py:146: in __exit__
    raise exc_value.with_traceback(exc_tb)
..\.venv\Lib\site-packages\sqlalchemy\pool\impl.py:167: in _do_get
    return self._create_connection()
           ^^^^^^^^^^^^^^^^^^^^^^^^^
..\.venv\Lib\site-packages\sqlalchemy\pool\base.py:393: in _create_connection
    return _ConnectionRecord(self)
           ^^^^^^^^^^^^^^^^^^^^^^^
..\.venv\Lib\site-packages\sqlalchemy\pool\base.py:678: in __init__
    self.__connect()
..\.venv\Lib\site-packages\sqlalchemy\pool\base.py:902: in __connect
    with util.safe_reraise():
         ^^^^^^^^^^^^^^^^^^^
..\.venv\Lib\site-packages\sqlalchemy\util\langhelpers.py:146: in __exit__
    raise exc_value.with_traceback(exc_tb)
..\.venv\Lib\site-packages\sqlalchemy\pool\base.py:898: in __connect
    self.dbapi_connection = connection = pool._invoke_creator(self)
                                         ^^^^^^^^^^^^^^^^^^^^^^^^^^
..\.venv\Lib\site-packages\sqlalchemy\engine\create.py:645: in connect
    return dialect.connect(*cargs, **cparams)
           ^^^^^^^^^^^^^^^^^^^^^^^^^^^^^^^^^^
..\.venv\Lib\site-packages\sqlalchemy\engine\default.py:616: in connect
    return self.loaded_dbapi.connect(*cargs, **cparams)
           ^^^^^^^^^^^^^^^^^^^^^^^^^^^^^^^^^^^^^^^^^^^^
_ _ _ _ _ _ _ _ _ _ _ _ _ _ _ _ _ _ _ _ _ _ _ _ _ _ _ _ _ _ _ _ _ _ _ _ _ _ _ _

dsn = 'host=localhost dbname=budget_test user=test_user password=test_pass port=5433'
connection_factory = None, cursor_factory = None
kwargs = {'dbname': 'budget_test', 'host': 'localhost', 'password': 'test_pass', 'port': 5433, ...}
kwasync = {}

    def connect(dsn=None, connection_factory=None, cursor_factory=None, **kwargs):
        """
        Create a new database connection.
    
        The connection parameters can be specified as a string:
    
            conn = psycopg2.connect("dbname=test user=postgres password=secret")
    
        or using a set of keyword arguments:
    
            conn = psycopg2.connect(database="test", user="postgres", password="secret")
    
        Or as a mix of both. The basic connection parameters are:
    
        - *dbname*: the database name
        - *database*: the database name (only as keyword argument)
        - *user*: user name used to authenticate
        - *password*: password used to authenticate
        - *host*: database host address (defaults to UNIX socket if not provided)
        - *port*: connection port number (defaults to 5432 if not provided)
    
        Using the *connection_factory* parameter a different class or connections
        factory can be specified. It should be a callable object taking a dsn
        argument.
    
        Using the *cursor_factory* parameter, a new default cursor factory will be
        used by cursor().
    
        Using *async*=True an asynchronous connection will be created. *async_* is
        a valid alias (for Python versions where ``async`` is a keyword).
    
        Any other keyword parameter will be passed to the underlying client
        library: the list of supported parameters depends on the library version.
    
        """
        kwasync = {}
        if 'async' in kwargs:
            kwasync['async'] = kwargs.pop('async')
        if 'async_' in kwargs:
            kwasync['async_'] = kwargs.pop('async_')
    
        dsn = _ext.make_dsn(dsn, **kwargs)
>       conn = _connect(dsn, connection_factory=connection_factory, **kwasync)
               ^^^^^^^^^^^^^^^^^^^^^^^^^^^^^^^^^^^^^^^^^^^^^^^^^^^^^^^^^^^^^^^
E       sqlalchemy.exc.OperationalError: (psycopg2.OperationalError) connection to server at "localhost" (::1), port 5433 failed: Connection refused (0x0000274D/10061)
E       	Is the server running on that host and accepting TCP/IP connections?
E       connection to server at "localhost" (127.0.0.1), port 5433 failed: Connection refused (0x0000274D/10061)
E       	Is the server running on that host and accepting TCP/IP connections?
E       
E       (Background on this error at: https://sqlalche.me/e/20/e3q8)

..\.venv\Lib\site-packages\psycopg2\__init__.py:122: OperationalError
_ ERROR at setup of TestDatabaseFailureModes.test_budget_create_gracefully_handles_transaction_failure _

self = <sqlalchemy.engine.base.Connection object at 0x000001F509F8E960>
engine = Engine(postgresql://test_user:***@localhost:5433/budget_test)
connection = None, _has_events = None, _allow_revalidate = True
_allow_autobegin = True

    def __init__(
        self,
        engine: Engine,
        connection: Optional[PoolProxiedConnection] = None,
        _has_events: Optional[bool] = None,
        _allow_revalidate: bool = True,
        _allow_autobegin: bool = True,
    ):
        """Construct a new Connection."""
        self.engine = engine
        self.dialect = dialect = engine.dialect
    
        if connection is None:
            try:
>               self._dbapi_connection = engine.raw_connection()
                                         ^^^^^^^^^^^^^^^^^^^^^^^

..\.venv\Lib\site-packages\sqlalchemy\engine\base.py:145: 
_ _ _ _ _ _ _ _ _ _ _ _ _ _ _ _ _ _ _ _ _ _ _ _ _ _ _ _ _ _ _ _ _ _ _ _ _ _ _ _
..\.venv\Lib\site-packages\sqlalchemy\engine\base.py:3293: in raw_connection
    return self.pool.connect()
           ^^^^^^^^^^^^^^^^^^^
..\.venv\Lib\site-packages\sqlalchemy\pool\base.py:452: in connect
    return _ConnectionFairy._checkout(self)
           ^^^^^^^^^^^^^^^^^^^^^^^^^^^^^^^^
..\.venv\Lib\site-packages\sqlalchemy\pool\base.py:1269: in _checkout
    fairy = _ConnectionRecord.checkout(pool)
            ^^^^^^^^^^^^^^^^^^^^^^^^^^^^^^^^
..\.venv\Lib\site-packages\sqlalchemy\pool\base.py:716: in checkout
    rec = pool._do_get()
          ^^^^^^^^^^^^^^
..\.venv\Lib\site-packages\sqlalchemy\pool\impl.py:169: in _do_get
    with util.safe_reraise():
         ^^^^^^^^^^^^^^^^^^^
..\.venv\Lib\site-packages\sqlalchemy\util\langhelpers.py:146: in __exit__
    raise exc_value.with_traceback(exc_tb)
..\.venv\Lib\site-packages\sqlalchemy\pool\impl.py:167: in _do_get
    return self._create_connection()
           ^^^^^^^^^^^^^^^^^^^^^^^^^
..\.venv\Lib\site-packages\sqlalchemy\pool\base.py:393: in _create_connection
    return _ConnectionRecord(self)
           ^^^^^^^^^^^^^^^^^^^^^^^
..\.venv\Lib\site-packages\sqlalchemy\pool\base.py:678: in __init__
    self.__connect()
..\.venv\Lib\site-packages\sqlalchemy\pool\base.py:902: in __connect
    with util.safe_reraise():
         ^^^^^^^^^^^^^^^^^^^
..\.venv\Lib\site-packages\sqlalchemy\util\langhelpers.py:146: in __exit__
    raise exc_value.with_traceback(exc_tb)
..\.venv\Lib\site-packages\sqlalchemy\pool\base.py:898: in __connect
    self.dbapi_connection = connection = pool._invoke_creator(self)
                                         ^^^^^^^^^^^^^^^^^^^^^^^^^^
..\.venv\Lib\site-packages\sqlalchemy\engine\create.py:645: in connect
    return dialect.connect(*cargs, **cparams)
           ^^^^^^^^^^^^^^^^^^^^^^^^^^^^^^^^^^
..\.venv\Lib\site-packages\sqlalchemy\engine\default.py:616: in connect
    return self.loaded_dbapi.connect(*cargs, **cparams)
           ^^^^^^^^^^^^^^^^^^^^^^^^^^^^^^^^^^^^^^^^^^^^
_ _ _ _ _ _ _ _ _ _ _ _ _ _ _ _ _ _ _ _ _ _ _ _ _ _ _ _ _ _ _ _ _ _ _ _ _ _ _ _

dsn = 'host=localhost dbname=budget_test user=test_user password=test_pass port=5433'
connection_factory = None, cursor_factory = None
kwargs = {'dbname': 'budget_test', 'host': 'localhost', 'password': 'test_pass', 'port': 5433, ...}
kwasync = {}

    def connect(dsn=None, connection_factory=None, cursor_factory=None, **kwargs):
        """
        Create a new database connection.
    
        The connection parameters can be specified as a string:
    
            conn = psycopg2.connect("dbname=test user=postgres password=secret")
    
        or using a set of keyword arguments:
    
            conn = psycopg2.connect(database="test", user="postgres", password="secret")
    
        Or as a mix of both. The basic connection parameters are:
    
        - *dbname*: the database name
        - *database*: the database name (only as keyword argument)
        - *user*: user name used to authenticate
        - *password*: password used to authenticate
        - *host*: database host address (defaults to UNIX socket if not provided)
        - *port*: connection port number (defaults to 5432 if not provided)
    
        Using the *connection_factory* parameter a different class or connections
        factory can be specified. It should be a callable object taking a dsn
        argument.
    
        Using the *cursor_factory* parameter, a new default cursor factory will be
        used by cursor().
    
        Using *async*=True an asynchronous connection will be created. *async_* is
        a valid alias (for Python versions where ``async`` is a keyword).
    
        Any other keyword parameter will be passed to the underlying client
        library: the list of supported parameters depends on the library version.
    
        """
        kwasync = {}
        if 'async' in kwargs:
            kwasync['async'] = kwargs.pop('async')
        if 'async_' in kwargs:
            kwasync['async_'] = kwargs.pop('async_')
    
        dsn = _ext.make_dsn(dsn, **kwargs)
>       conn = _connect(dsn, connection_factory=connection_factory, **kwasync)
               ^^^^^^^^^^^^^^^^^^^^^^^^^^^^^^^^^^^^^^^^^^^^^^^^^^^^^^^^^^^^^^^
E       psycopg2.OperationalError: connection to server at "localhost" (::1), port 5433 failed: Connection refused (0x0000274D/10061)
E       	Is the server running on that host and accepting TCP/IP connections?
E       connection to server at "localhost" (127.0.0.1), port 5433 failed: Connection refused (0x0000274D/10061)
E       	Is the server running on that host and accepting TCP/IP connections?

..\.venv\Lib\site-packages\psycopg2\__init__.py:122: OperationalError

The above exception was the direct cause of the following exception:

    @pytest.fixture(scope="session", autouse=True)
    def create_tables():
        """Drop and recreate all tables once per test session."""
>       Base.metadata.drop_all(bind=_engine)

tests\integration\conftest.py:89: 
_ _ _ _ _ _ _ _ _ _ _ _ _ _ _ _ _ _ _ _ _ _ _ _ _ _ _ _ _ _ _ _ _ _ _ _ _ _ _ _
..\.venv\Lib\site-packages\sqlalchemy\sql\schema.py:5860: in drop_all
    bind._run_ddl_visitor(
..\.venv\Lib\site-packages\sqlalchemy\engine\base.py:3243: in _run_ddl_visitor
    with self.begin() as conn:
         ^^^^^^^^^^^^
C:\Users\monke\AppData\Local\Programs\Python\Python312\Lib\contextlib.py:137: in __enter__
    return next(self.gen)
           ^^^^^^^^^^^^^^
..\.venv\Lib\site-packages\sqlalchemy\engine\base.py:3233: in begin
    with self.connect() as conn:
         ^^^^^^^^^^^^^^
..\.venv\Lib\site-packages\sqlalchemy\engine\base.py:3269: in connect
    return self._connection_cls(self)
           ^^^^^^^^^^^^^^^^^^^^^^^^^^
..\.venv\Lib\site-packages\sqlalchemy\engine\base.py:147: in __init__
    Connection._handle_dbapi_exception_noconnection(
..\.venv\Lib\site-packages\sqlalchemy\engine\base.py:2431: in _handle_dbapi_exception_noconnection
    raise sqlalchemy_exception.with_traceback(exc_info[2]) from e
..\.venv\Lib\site-packages\sqlalchemy\engine\base.py:145: in __init__
    self._dbapi_connection = engine.raw_connection()
                             ^^^^^^^^^^^^^^^^^^^^^^^
..\.venv\Lib\site-packages\sqlalchemy\engine\base.py:3293: in raw_connection
    return self.pool.connect()
           ^^^^^^^^^^^^^^^^^^^
..\.venv\Lib\site-packages\sqlalchemy\pool\base.py:452: in connect
    return _ConnectionFairy._checkout(self)
           ^^^^^^^^^^^^^^^^^^^^^^^^^^^^^^^^
..\.venv\Lib\site-packages\sqlalchemy\pool\base.py:1269: in _checkout
    fairy = _ConnectionRecord.checkout(pool)
            ^^^^^^^^^^^^^^^^^^^^^^^^^^^^^^^^
..\.venv\Lib\site-packages\sqlalchemy\pool\base.py:716: in checkout
    rec = pool._do_get()
          ^^^^^^^^^^^^^^
..\.venv\Lib\site-packages\sqlalchemy\pool\impl.py:169: in _do_get
    with util.safe_reraise():
         ^^^^^^^^^^^^^^^^^^^
..\.venv\Lib\site-packages\sqlalchemy\util\langhelpers.py:146: in __exit__
    raise exc_value.with_traceback(exc_tb)
..\.venv\Lib\site-packages\sqlalchemy\pool\impl.py:167: in _do_get
    return self._create_connection()
           ^^^^^^^^^^^^^^^^^^^^^^^^^
..\.venv\Lib\site-packages\sqlalchemy\pool\base.py:393: in _create_connection
    return _ConnectionRecord(self)
           ^^^^^^^^^^^^^^^^^^^^^^^
..\.venv\Lib\site-packages\sqlalchemy\pool\base.py:678: in __init__
    self.__connect()
..\.venv\Lib\site-packages\sqlalchemy\pool\base.py:902: in __connect
    with util.safe_reraise():
         ^^^^^^^^^^^^^^^^^^^
..\.venv\Lib\site-packages\sqlalchemy\util\langhelpers.py:146: in __exit__
    raise exc_value.with_traceback(exc_tb)
..\.venv\Lib\site-packages\sqlalchemy\pool\base.py:898: in __connect
    self.dbapi_connection = connection = pool._invoke_creator(self)
                                         ^^^^^^^^^^^^^^^^^^^^^^^^^^
..\.venv\Lib\site-packages\sqlalchemy\engine\create.py:645: in connect
    return dialect.connect(*cargs, **cparams)
           ^^^^^^^^^^^^^^^^^^^^^^^^^^^^^^^^^^
..\.venv\Lib\site-packages\sqlalchemy\engine\default.py:616: in connect
    return self.loaded_dbapi.connect(*cargs, **cparams)
           ^^^^^^^^^^^^^^^^^^^^^^^^^^^^^^^^^^^^^^^^^^^^
_ _ _ _ _ _ _ _ _ _ _ _ _ _ _ _ _ _ _ _ _ _ _ _ _ _ _ _ _ _ _ _ _ _ _ _ _ _ _ _

dsn = 'host=localhost dbname=budget_test user=test_user password=test_pass port=5433'
connection_factory = None, cursor_factory = None
kwargs = {'dbname': 'budget_test', 'host': 'localhost', 'password': 'test_pass', 'port': 5433, ...}
kwasync = {}

    def connect(dsn=None, connection_factory=None, cursor_factory=None, **kwargs):
        """
        Create a new database connection.
    
        The connection parameters can be specified as a string:
    
            conn = psycopg2.connect("dbname=test user=postgres password=secret")
    
        or using a set of keyword arguments:
    
            conn = psycopg2.connect(database="test", user="postgres", password="secret")
    
        Or as a mix of both. The basic connection parameters are:
    
        - *dbname*: the database name
        - *database*: the database name (only as keyword argument)
        - *user*: user name used to authenticate
        - *password*: password used to authenticate
        - *host*: database host address (defaults to UNIX socket if not provided)
        - *port*: connection port number (defaults to 5432 if not provided)
    
        Using the *connection_factory* parameter a different class or connections
        factory can be specified. It should be a callable object taking a dsn
        argument.
    
        Using the *cursor_factory* parameter, a new default cursor factory will be
        used by cursor().
    
        Using *async*=True an asynchronous connection will be created. *async_* is
        a valid alias (for Python versions where ``async`` is a keyword).
    
        Any other keyword parameter will be passed to the underlying client
        library: the list of supported parameters depends on the library version.
    
        """
        kwasync = {}
        if 'async' in kwargs:
            kwasync['async'] = kwargs.pop('async')
        if 'async_' in kwargs:
            kwasync['async_'] = kwargs.pop('async_')
    
        dsn = _ext.make_dsn(dsn, **kwargs)
>       conn = _connect(dsn, connection_factory=connection_factory, **kwasync)
               ^^^^^^^^^^^^^^^^^^^^^^^^^^^^^^^^^^^^^^^^^^^^^^^^^^^^^^^^^^^^^^^
E       sqlalchemy.exc.OperationalError: (psycopg2.OperationalError) connection to server at "localhost" (::1), port 5433 failed: Connection refused (0x0000274D/10061)
E       	Is the server running on that host and accepting TCP/IP connections?
E       connection to server at "localhost" (127.0.0.1), port 5433 failed: Connection refused (0x0000274D/10061)
E       	Is the server running on that host and accepting TCP/IP connections?
E       
E       (Background on this error at: https://sqlalche.me/e/20/e3q8)

..\.venv\Lib\site-packages\psycopg2\__init__.py:122: OperationalError
___________________ ERROR at setup of test_e2e_budget_flow ____________________

self = <sqlalchemy.engine.base.Connection object at 0x000001F509F8E960>
engine = Engine(postgresql://test_user:***@localhost:5433/budget_test)
connection = None, _has_events = None, _allow_revalidate = True
_allow_autobegin = True

    def __init__(
        self,
        engine: Engine,
        connection: Optional[PoolProxiedConnection] = None,
        _has_events: Optional[bool] = None,
        _allow_revalidate: bool = True,
        _allow_autobegin: bool = True,
    ):
        """Construct a new Connection."""
        self.engine = engine
        self.dialect = dialect = engine.dialect
    
        if connection is None:
            try:
>               self._dbapi_connection = engine.raw_connection()
                                         ^^^^^^^^^^^^^^^^^^^^^^^

..\.venv\Lib\site-packages\sqlalchemy\engine\base.py:145: 
_ _ _ _ _ _ _ _ _ _ _ _ _ _ _ _ _ _ _ _ _ _ _ _ _ _ _ _ _ _ _ _ _ _ _ _ _ _ _ _
..\.venv\Lib\site-packages\sqlalchemy\engine\base.py:3293: in raw_connection
    return self.pool.connect()
           ^^^^^^^^^^^^^^^^^^^
..\.venv\Lib\site-packages\sqlalchemy\pool\base.py:452: in connect
    return _ConnectionFairy._checkout(self)
           ^^^^^^^^^^^^^^^^^^^^^^^^^^^^^^^^
..\.venv\Lib\site-packages\sqlalchemy\pool\base.py:1269: in _checkout
    fairy = _ConnectionRecord.checkout(pool)
            ^^^^^^^^^^^^^^^^^^^^^^^^^^^^^^^^
..\.venv\Lib\site-packages\sqlalchemy\pool\base.py:716: in checkout
    rec = pool._do_get()
          ^^^^^^^^^^^^^^
..\.venv\Lib\site-packages\sqlalchemy\pool\impl.py:169: in _do_get
    with util.safe_reraise():
         ^^^^^^^^^^^^^^^^^^^
..\.venv\Lib\site-packages\sqlalchemy\util\langhelpers.py:146: in __exit__
    raise exc_value.with_traceback(exc_tb)
..\.venv\Lib\site-packages\sqlalchemy\pool\impl.py:167: in _do_get
    return self._create_connection()
           ^^^^^^^^^^^^^^^^^^^^^^^^^
..\.venv\Lib\site-packages\sqlalchemy\pool\base.py:393: in _create_connection
    return _ConnectionRecord(self)
           ^^^^^^^^^^^^^^^^^^^^^^^
..\.venv\Lib\site-packages\sqlalchemy\pool\base.py:678: in __init__
    self.__connect()
..\.venv\Lib\site-packages\sqlalchemy\pool\base.py:902: in __connect
    with util.safe_reraise():
         ^^^^^^^^^^^^^^^^^^^
..\.venv\Lib\site-packages\sqlalchemy\util\langhelpers.py:146: in __exit__
    raise exc_value.with_traceback(exc_tb)
..\.venv\Lib\site-packages\sqlalchemy\pool\base.py:898: in __connect
    self.dbapi_connection = connection = pool._invoke_creator(self)
                                         ^^^^^^^^^^^^^^^^^^^^^^^^^^
..\.venv\Lib\site-packages\sqlalchemy\engine\create.py:645: in connect
    return dialect.connect(*cargs, **cparams)
           ^^^^^^^^^^^^^^^^^^^^^^^^^^^^^^^^^^
..\.venv\Lib\site-packages\sqlalchemy\engine\default.py:616: in connect
    return self.loaded_dbapi.connect(*cargs, **cparams)
           ^^^^^^^^^^^^^^^^^^^^^^^^^^^^^^^^^^^^^^^^^^^^
_ _ _ _ _ _ _ _ _ _ _ _ _ _ _ _ _ _ _ _ _ _ _ _ _ _ _ _ _ _ _ _ _ _ _ _ _ _ _ _

dsn = 'host=localhost dbname=budget_test user=test_user password=test_pass port=5433'
connection_factory = None, cursor_factory = None
kwargs = {'dbname': 'budget_test', 'host': 'localhost', 'password': 'test_pass', 'port': 5433, ...}
kwasync = {}

    def connect(dsn=None, connection_factory=None, cursor_factory=None, **kwargs):
        """
        Create a new database connection.
    
        The connection parameters can be specified as a string:
    
            conn = psycopg2.connect("dbname=test user=postgres password=secret")
    
        or using a set of keyword arguments:
    
            conn = psycopg2.connect(database="test", user="postgres", password="secret")
    
        Or as a mix of both. The basic connection parameters are:
    
        - *dbname*: the database name
        - *database*: the database name (only as keyword argument)
        - *user*: user name used to authenticate
        - *password*: password used to authenticate
        - *host*: database host address (defaults to UNIX socket if not provided)
        - *port*: connection port number (defaults to 5432 if not provided)
    
        Using the *connection_factory* parameter a different class or connections
        factory can be specified. It should be a callable object taking a dsn
        argument.
    
        Using the *cursor_factory* parameter, a new default cursor factory will be
        used by cursor().
    
        Using *async*=True an asynchronous connection will be created. *async_* is
        a valid alias (for Python versions where ``async`` is a keyword).
    
        Any other keyword parameter will be passed to the underlying client
        library: the list of supported parameters depends on the library version.
    
        """
        kwasync = {}
        if 'async' in kwargs:
            kwasync['async'] = kwargs.pop('async')
        if 'async_' in kwargs:
            kwasync['async_'] = kwargs.pop('async_')
    
        dsn = _ext.make_dsn(dsn, **kwargs)
>       conn = _connect(dsn, connection_factory=connection_factory, **kwasync)
               ^^^^^^^^^^^^^^^^^^^^^^^^^^^^^^^^^^^^^^^^^^^^^^^^^^^^^^^^^^^^^^^
E       psycopg2.OperationalError: connection to server at "localhost" (::1), port 5433 failed: Connection refused (0x0000274D/10061)
E       	Is the server running on that host and accepting TCP/IP connections?
E       connection to server at "localhost" (127.0.0.1), port 5433 failed: Connection refused (0x0000274D/10061)
E       	Is the server running on that host and accepting TCP/IP connections?

..\.venv\Lib\site-packages\psycopg2\__init__.py:122: OperationalError

The above exception was the direct cause of the following exception:

    @pytest.fixture(scope="session", autouse=True)
    def create_tables():
        """Drop and recreate all tables once per test session."""
>       Base.metadata.drop_all(bind=_engine)

tests\integration\conftest.py:89: 
_ _ _ _ _ _ _ _ _ _ _ _ _ _ _ _ _ _ _ _ _ _ _ _ _ _ _ _ _ _ _ _ _ _ _ _ _ _ _ _
..\.venv\Lib\site-packages\sqlalchemy\sql\schema.py:5860: in drop_all
    bind._run_ddl_visitor(
..\.venv\Lib\site-packages\sqlalchemy\engine\base.py:3243: in _run_ddl_visitor
    with self.begin() as conn:
         ^^^^^^^^^^^^
C:\Users\monke\AppData\Local\Programs\Python\Python312\Lib\contextlib.py:137: in __enter__
    return next(self.gen)
           ^^^^^^^^^^^^^^
..\.venv\Lib\site-packages\sqlalchemy\engine\base.py:3233: in begin
    with self.connect() as conn:
         ^^^^^^^^^^^^^^
..\.venv\Lib\site-packages\sqlalchemy\engine\base.py:3269: in connect
    return self._connection_cls(self)
           ^^^^^^^^^^^^^^^^^^^^^^^^^^
..\.venv\Lib\site-packages\sqlalchemy\engine\base.py:147: in __init__
    Connection._handle_dbapi_exception_noconnection(
..\.venv\Lib\site-packages\sqlalchemy\engine\base.py:2431: in _handle_dbapi_exception_noconnection
    raise sqlalchemy_exception.with_traceback(exc_info[2]) from e
..\.venv\Lib\site-packages\sqlalchemy\engine\base.py:145: in __init__
    self._dbapi_connection = engine.raw_connection()
                             ^^^^^^^^^^^^^^^^^^^^^^^
..\.venv\Lib\site-packages\sqlalchemy\engine\base.py:3293: in raw_connection
    return self.pool.connect()
           ^^^^^^^^^^^^^^^^^^^
..\.venv\Lib\site-packages\sqlalchemy\pool\base.py:452: in connect
    return _ConnectionFairy._checkout(self)
           ^^^^^^^^^^^^^^^^^^^^^^^^^^^^^^^^
..\.venv\Lib\site-packages\sqlalchemy\pool\base.py:1269: in _checkout
    fairy = _ConnectionRecord.checkout(pool)
            ^^^^^^^^^^^^^^^^^^^^^^^^^^^^^^^^
..\.venv\Lib\site-packages\sqlalchemy\pool\base.py:716: in checkout
    rec = pool._do_get()
          ^^^^^^^^^^^^^^
..\.venv\Lib\site-packages\sqlalchemy\pool\impl.py:169: in _do_get
    with util.safe_reraise():
         ^^^^^^^^^^^^^^^^^^^
..\.venv\Lib\site-packages\sqlalchemy\util\langhelpers.py:146: in __exit__
    raise exc_value.with_traceback(exc_tb)
..\.venv\Lib\site-packages\sqlalchemy\pool\impl.py:167: in _do_get
    return self._create_connection()
           ^^^^^^^^^^^^^^^^^^^^^^^^^
..\.venv\Lib\site-packages\sqlalchemy\pool\base.py:393: in _create_connection
    return _ConnectionRecord(self)
           ^^^^^^^^^^^^^^^^^^^^^^^
..\.venv\Lib\site-packages\sqlalchemy\pool\base.py:678: in __init__
    self.__connect()
..\.venv\Lib\site-packages\sqlalchemy\pool\base.py:902: in __connect
    with util.safe_reraise():
         ^^^^^^^^^^^^^^^^^^^
..\.venv\Lib\site-packages\sqlalchemy\util\langhelpers.py:146: in __exit__
    raise exc_value.with_traceback(exc_tb)
..\.venv\Lib\site-packages\sqlalchemy\pool\base.py:898: in __connect
    self.dbapi_connection = connection = pool._invoke_creator(self)
                                         ^^^^^^^^^^^^^^^^^^^^^^^^^^
..\.venv\Lib\site-packages\sqlalchemy\engine\create.py:645: in connect
    return dialect.connect(*cargs, **cparams)
           ^^^^^^^^^^^^^^^^^^^^^^^^^^^^^^^^^^
..\.venv\Lib\site-packages\sqlalchemy\engine\default.py:616: in connect
    return self.loaded_dbapi.connect(*cargs, **cparams)
           ^^^^^^^^^^^^^^^^^^^^^^^^^^^^^^^^^^^^^^^^^^^^
_ _ _ _ _ _ _ _ _ _ _ _ _ _ _ _ _ _ _ _ _ _ _ _ _ _ _ _ _ _ _ _ _ _ _ _ _ _ _ _

dsn = 'host=localhost dbname=budget_test user=test_user password=test_pass port=5433'
connection_factory = None, cursor_factory = None
kwargs = {'dbname': 'budget_test', 'host': 'localhost', 'password': 'test_pass', 'port': 5433, ...}
kwasync = {}

    def connect(dsn=None, connection_factory=None, cursor_factory=None, **kwargs):
        """
        Create a new database connection.
    
        The connection parameters can be specified as a string:
    
            conn = psycopg2.connect("dbname=test user=postgres password=secret")
    
        or using a set of keyword arguments:
    
            conn = psycopg2.connect(database="test", user="postgres", password="secret")
    
        Or as a mix of both. The basic connection parameters are:
    
        - *dbname*: the database name
        - *database*: the database name (only as keyword argument)
        - *user*: user name used to authenticate
        - *password*: password used to authenticate
        - *host*: database host address (defaults to UNIX socket if not provided)
        - *port*: connection port number (defaults to 5432 if not provided)
    
        Using the *connection_factory* parameter a different class or connections
        factory can be specified. It should be a callable object taking a dsn
        argument.
    
        Using the *cursor_factory* parameter, a new default cursor factory will be
        used by cursor().
    
        Using *async*=True an asynchronous connection will be created. *async_* is
        a valid alias (for Python versions where ``async`` is a keyword).
    
        Any other keyword parameter will be passed to the underlying client
        library: the list of supported parameters depends on the library version.
    
        """
        kwasync = {}
        if 'async' in kwargs:
            kwasync['async'] = kwargs.pop('async')
        if 'async_' in kwargs:
            kwasync['async_'] = kwargs.pop('async_')
    
        dsn = _ext.make_dsn(dsn, **kwargs)
>       conn = _connect(dsn, connection_factory=connection_factory, **kwasync)
               ^^^^^^^^^^^^^^^^^^^^^^^^^^^^^^^^^^^^^^^^^^^^^^^^^^^^^^^^^^^^^^^
E       sqlalchemy.exc.OperationalError: (psycopg2.OperationalError) connection to server at "localhost" (::1), port 5433 failed: Connection refused (0x0000274D/10061)
E       	Is the server running on that host and accepting TCP/IP connections?
E       connection to server at "localhost" (127.0.0.1), port 5433 failed: Connection refused (0x0000274D/10061)
E       	Is the server running on that host and accepting TCP/IP connections?
E       
E       (Background on this error at: https://sqlalche.me/e/20/e3q8)

..\.venv\Lib\site-packages\psycopg2\__init__.py:122: OperationalError
___ ERROR at setup of TestDBBackedLockout.test_first_failure_creates_db_row ___

self = <sqlalchemy.engine.base.Connection object at 0x000001F509F8E960>
engine = Engine(postgresql://test_user:***@localhost:5433/budget_test)
connection = None, _has_events = None, _allow_revalidate = True
_allow_autobegin = True

    def __init__(
        self,
        engine: Engine,
        connection: Optional[PoolProxiedConnection] = None,
        _has_events: Optional[bool] = None,
        _allow_revalidate: bool = True,
        _allow_autobegin: bool = True,
    ):
        """Construct a new Connection."""
        self.engine = engine
        self.dialect = dialect = engine.dialect
    
        if connection is None:
            try:
>               self._dbapi_connection = engine.raw_connection()
                                         ^^^^^^^^^^^^^^^^^^^^^^^

..\.venv\Lib\site-packages\sqlalchemy\engine\base.py:145: 
_ _ _ _ _ _ _ _ _ _ _ _ _ _ _ _ _ _ _ _ _ _ _ _ _ _ _ _ _ _ _ _ _ _ _ _ _ _ _ _
..\.venv\Lib\site-packages\sqlalchemy\engine\base.py:3293: in raw_connection
    return self.pool.connect()
           ^^^^^^^^^^^^^^^^^^^
..\.venv\Lib\site-packages\sqlalchemy\pool\base.py:452: in connect
    return _ConnectionFairy._checkout(self)
           ^^^^^^^^^^^^^^^^^^^^^^^^^^^^^^^^
..\.venv\Lib\site-packages\sqlalchemy\pool\base.py:1269: in _checkout
    fairy = _ConnectionRecord.checkout(pool)
            ^^^^^^^^^^^^^^^^^^^^^^^^^^^^^^^^
..\.venv\Lib\site-packages\sqlalchemy\pool\base.py:716: in checkout
    rec = pool._do_get()
          ^^^^^^^^^^^^^^
..\.venv\Lib\site-packages\sqlalchemy\pool\impl.py:169: in _do_get
    with util.safe_reraise():
         ^^^^^^^^^^^^^^^^^^^
..\.venv\Lib\site-packages\sqlalchemy\util\langhelpers.py:146: in __exit__
    raise exc_value.with_traceback(exc_tb)
..\.venv\Lib\site-packages\sqlalchemy\pool\impl.py:167: in _do_get
    return self._create_connection()
           ^^^^^^^^^^^^^^^^^^^^^^^^^
..\.venv\Lib\site-packages\sqlalchemy\pool\base.py:393: in _create_connection
    return _ConnectionRecord(self)
           ^^^^^^^^^^^^^^^^^^^^^^^
..\.venv\Lib\site-packages\sqlalchemy\pool\base.py:678: in __init__
    self.__connect()
..\.venv\Lib\site-packages\sqlalchemy\pool\base.py:902: in __connect
    with util.safe_reraise():
         ^^^^^^^^^^^^^^^^^^^
..\.venv\Lib\site-packages\sqlalchemy\util\langhelpers.py:146: in __exit__
    raise exc_value.with_traceback(exc_tb)
..\.venv\Lib\site-packages\sqlalchemy\pool\base.py:898: in __connect
    self.dbapi_connection = connection = pool._invoke_creator(self)
                                         ^^^^^^^^^^^^^^^^^^^^^^^^^^
..\.venv\Lib\site-packages\sqlalchemy\engine\create.py:645: in connect
    return dialect.connect(*cargs, **cparams)
           ^^^^^^^^^^^^^^^^^^^^^^^^^^^^^^^^^^
..\.venv\Lib\site-packages\sqlalchemy\engine\default.py:616: in connect
    return self.loaded_dbapi.connect(*cargs, **cparams)
           ^^^^^^^^^^^^^^^^^^^^^^^^^^^^^^^^^^^^^^^^^^^^
_ _ _ _ _ _ _ _ _ _ _ _ _ _ _ _ _ _ _ _ _ _ _ _ _ _ _ _ _ _ _ _ _ _ _ _ _ _ _ _

dsn = 'host=localhost dbname=budget_test user=test_user password=test_pass port=5433'
connection_factory = None, cursor_factory = None
kwargs = {'dbname': 'budget_test', 'host': 'localhost', 'password': 'test_pass', 'port': 5433, ...}
kwasync = {}

    def connect(dsn=None, connection_factory=None, cursor_factory=None, **kwargs):
        """
        Create a new database connection.
    
        The connection parameters can be specified as a string:
    
            conn = psycopg2.connect("dbname=test user=postgres password=secret")
    
        or using a set of keyword arguments:
    
            conn = psycopg2.connect(database="test", user="postgres", password="secret")
    
        Or as a mix of both. The basic connection parameters are:
    
        - *dbname*: the database name
        - *database*: the database name (only as keyword argument)
        - *user*: user name used to authenticate
        - *password*: password used to authenticate
        - *host*: database host address (defaults to UNIX socket if not provided)
        - *port*: connection port number (defaults to 5432 if not provided)
    
        Using the *connection_factory* parameter a different class or connections
        factory can be specified. It should be a callable object taking a dsn
        argument.
    
        Using the *cursor_factory* parameter, a new default cursor factory will be
        used by cursor().
    
        Using *async*=True an asynchronous connection will be created. *async_* is
        a valid alias (for Python versions where ``async`` is a keyword).
    
        Any other keyword parameter will be passed to the underlying client
        library: the list of supported parameters depends on the library version.
    
        """
        kwasync = {}
        if 'async' in kwargs:
            kwasync['async'] = kwargs.pop('async')
        if 'async_' in kwargs:
            kwasync['async_'] = kwargs.pop('async_')
    
        dsn = _ext.make_dsn(dsn, **kwargs)
>       conn = _connect(dsn, connection_factory=connection_factory, **kwasync)
               ^^^^^^^^^^^^^^^^^^^^^^^^^^^^^^^^^^^^^^^^^^^^^^^^^^^^^^^^^^^^^^^
E       psycopg2.OperationalError: connection to server at "localhost" (::1), port 5433 failed: Connection refused (0x0000274D/10061)
E       	Is the server running on that host and accepting TCP/IP connections?
E       connection to server at "localhost" (127.0.0.1), port 5433 failed: Connection refused (0x0000274D/10061)
E       	Is the server running on that host and accepting TCP/IP connections?

..\.venv\Lib\site-packages\psycopg2\__init__.py:122: OperationalError

The above exception was the direct cause of the following exception:

    @pytest.fixture(scope="session", autouse=True)
    def create_tables():
        """Drop and recreate all tables once per test session."""
>       Base.metadata.drop_all(bind=_engine)

tests\integration\conftest.py:89: 
_ _ _ _ _ _ _ _ _ _ _ _ _ _ _ _ _ _ _ _ _ _ _ _ _ _ _ _ _ _ _ _ _ _ _ _ _ _ _ _
..\.venv\Lib\site-packages\sqlalchemy\sql\schema.py:5860: in drop_all
    bind._run_ddl_visitor(
..\.venv\Lib\site-packages\sqlalchemy\engine\base.py:3243: in _run_ddl_visitor
    with self.begin() as conn:
         ^^^^^^^^^^^^
C:\Users\monke\AppData\Local\Programs\Python\Python312\Lib\contextlib.py:137: in __enter__
    return next(self.gen)
           ^^^^^^^^^^^^^^
..\.venv\Lib\site-packages\sqlalchemy\engine\base.py:3233: in begin
    with self.connect() as conn:
         ^^^^^^^^^^^^^^
..\.venv\Lib\site-packages\sqlalchemy\engine\base.py:3269: in connect
    return self._connection_cls(self)
           ^^^^^^^^^^^^^^^^^^^^^^^^^^
..\.venv\Lib\site-packages\sqlalchemy\engine\base.py:147: in __init__
    Connection._handle_dbapi_exception_noconnection(
..\.venv\Lib\site-packages\sqlalchemy\engine\base.py:2431: in _handle_dbapi_exception_noconnection
    raise sqlalchemy_exception.with_traceback(exc_info[2]) from e
..\.venv\Lib\site-packages\sqlalchemy\engine\base.py:145: in __init__
    self._dbapi_connection = engine.raw_connection()
                             ^^^^^^^^^^^^^^^^^^^^^^^
..\.venv\Lib\site-packages\sqlalchemy\engine\base.py:3293: in raw_connection
    return self.pool.connect()
           ^^^^^^^^^^^^^^^^^^^
..\.venv\Lib\site-packages\sqlalchemy\pool\base.py:452: in connect
    return _ConnectionFairy._checkout(self)
           ^^^^^^^^^^^^^^^^^^^^^^^^^^^^^^^^
..\.venv\Lib\site-packages\sqlalchemy\pool\base.py:1269: in _checkout
    fairy = _ConnectionRecord.checkout(pool)
            ^^^^^^^^^^^^^^^^^^^^^^^^^^^^^^^^
..\.venv\Lib\site-packages\sqlalchemy\pool\base.py:716: in checkout
    rec = pool._do_get()
          ^^^^^^^^^^^^^^
..\.venv\Lib\site-packages\sqlalchemy\pool\impl.py:169: in _do_get
    with util.safe_reraise():
         ^^^^^^^^^^^^^^^^^^^
..\.venv\Lib\site-packages\sqlalchemy\util\langhelpers.py:146: in __exit__
    raise exc_value.with_traceback(exc_tb)
..\.venv\Lib\site-packages\sqlalchemy\pool\impl.py:167: in _do_get
    return self._create_connection()
           ^^^^^^^^^^^^^^^^^^^^^^^^^
..\.venv\Lib\site-packages\sqlalchemy\pool\base.py:393: in _create_connection
    return _ConnectionRecord(self)
           ^^^^^^^^^^^^^^^^^^^^^^^
..\.venv\Lib\site-packages\sqlalchemy\pool\base.py:678: in __init__
    self.__connect()
..\.venv\Lib\site-packages\sqlalchemy\pool\base.py:902: in __connect
    with util.safe_reraise():
         ^^^^^^^^^^^^^^^^^^^
..\.venv\Lib\site-packages\sqlalchemy\util\langhelpers.py:146: in __exit__
    raise exc_value.with_traceback(exc_tb)
..\.venv\Lib\site-packages\sqlalchemy\pool\base.py:898: in __connect
    self.dbapi_connection = connection = pool._invoke_creator(self)
                                         ^^^^^^^^^^^^^^^^^^^^^^^^^^
..\.venv\Lib\site-packages\sqlalchemy\engine\create.py:645: in connect
    return dialect.connect(*cargs, **cparams)
           ^^^^^^^^^^^^^^^^^^^^^^^^^^^^^^^^^^
..\.venv\Lib\site-packages\sqlalchemy\engine\default.py:616: in connect
    return self.loaded_dbapi.connect(*cargs, **cparams)
           ^^^^^^^^^^^^^^^^^^^^^^^^^^^^^^^^^^^^^^^^^^^^
_ _ _ _ _ _ _ _ _ _ _ _ _ _ _ _ _ _ _ _ _ _ _ _ _ _ _ _ _ _ _ _ _ _ _ _ _ _ _ _

dsn = 'host=localhost dbname=budget_test user=test_user password=test_pass port=5433'
connection_factory = None, cursor_factory = None
kwargs = {'dbname': 'budget_test', 'host': 'localhost', 'password': 'test_pass', 'port': 5433, ...}
kwasync = {}

    def connect(dsn=None, connection_factory=None, cursor_factory=None, **kwargs):
        """
        Create a new database connection.
    
        The connection parameters can be specified as a string:
    
            conn = psycopg2.connect("dbname=test user=postgres password=secret")
    
        or using a set of keyword arguments:
    
            conn = psycopg2.connect(database="test", user="postgres", password="secret")
    
        Or as a mix of both. The basic connection parameters are:
    
        - *dbname*: the database name
        - *database*: the database name (only as keyword argument)
        - *user*: user name used to authenticate
        - *password*: password used to authenticate
        - *host*: database host address (defaults to UNIX socket if not provided)
        - *port*: connection port number (defaults to 5432 if not provided)
    
        Using the *connection_factory* parameter a different class or connections
        factory can be specified. It should be a callable object taking a dsn
        argument.
    
        Using the *cursor_factory* parameter, a new default cursor factory will be
        used by cursor().
    
        Using *async*=True an asynchronous connection will be created. *async_* is
        a valid alias (for Python versions where ``async`` is a keyword).
    
        Any other keyword parameter will be passed to the underlying client
        library: the list of supported parameters depends on the library version.
    
        """
        kwasync = {}
        if 'async' in kwargs:
            kwasync['async'] = kwargs.pop('async')
        if 'async_' in kwargs:
            kwasync['async_'] = kwargs.pop('async_')
    
        dsn = _ext.make_dsn(dsn, **kwargs)
>       conn = _connect(dsn, connection_factory=connection_factory, **kwasync)
               ^^^^^^^^^^^^^^^^^^^^^^^^^^^^^^^^^^^^^^^^^^^^^^^^^^^^^^^^^^^^^^^
E       sqlalchemy.exc.OperationalError: (psycopg2.OperationalError) connection to server at "localhost" (::1), port 5433 failed: Connection refused (0x0000274D/10061)
E       	Is the server running on that host and accepting TCP/IP connections?
E       connection to server at "localhost" (127.0.0.1), port 5433 failed: Connection refused (0x0000274D/10061)
E       	Is the server running on that host and accepting TCP/IP connections?
E       
E       (Background on this error at: https://sqlalche.me/e/20/e3q8)

..\.venv\Lib\site-packages\psycopg2\__init__.py:122: OperationalError
___ ERROR at setup of TestDBBackedLockout.test_count_increments_per_failure ___

self = <sqlalchemy.engine.base.Connection object at 0x000001F509F8E960>
engine = Engine(postgresql://test_user:***@localhost:5433/budget_test)
connection = None, _has_events = None, _allow_revalidate = True
_allow_autobegin = True

    def __init__(
        self,
        engine: Engine,
        connection: Optional[PoolProxiedConnection] = None,
        _has_events: Optional[bool] = None,
        _allow_revalidate: bool = True,
        _allow_autobegin: bool = True,
    ):
        """Construct a new Connection."""
        self.engine = engine
        self.dialect = dialect = engine.dialect
    
        if connection is None:
            try:
>               self._dbapi_connection = engine.raw_connection()
                                         ^^^^^^^^^^^^^^^^^^^^^^^

..\.venv\Lib\site-packages\sqlalchemy\engine\base.py:145: 
_ _ _ _ _ _ _ _ _ _ _ _ _ _ _ _ _ _ _ _ _ _ _ _ _ _ _ _ _ _ _ _ _ _ _ _ _ _ _ _
..\.venv\Lib\site-packages\sqlalchemy\engine\base.py:3293: in raw_connection
    return self.pool.connect()
           ^^^^^^^^^^^^^^^^^^^
..\.venv\Lib\site-packages\sqlalchemy\pool\base.py:452: in connect
    return _ConnectionFairy._checkout(self)
           ^^^^^^^^^^^^^^^^^^^^^^^^^^^^^^^^
..\.venv\Lib\site-packages\sqlalchemy\pool\base.py:1269: in _checkout
    fairy = _ConnectionRecord.checkout(pool)
            ^^^^^^^^^^^^^^^^^^^^^^^^^^^^^^^^
..\.venv\Lib\site-packages\sqlalchemy\pool\base.py:716: in checkout
    rec = pool._do_get()
          ^^^^^^^^^^^^^^
..\.venv\Lib\site-packages\sqlalchemy\pool\impl.py:169: in _do_get
    with util.safe_reraise():
         ^^^^^^^^^^^^^^^^^^^
..\.venv\Lib\site-packages\sqlalchemy\util\langhelpers.py:146: in __exit__
    raise exc_value.with_traceback(exc_tb)
..\.venv\Lib\site-packages\sqlalchemy\pool\impl.py:167: in _do_get
    return self._create_connection()
           ^^^^^^^^^^^^^^^^^^^^^^^^^
..\.venv\Lib\site-packages\sqlalchemy\pool\base.py:393: in _create_connection
    return _ConnectionRecord(self)
           ^^^^^^^^^^^^^^^^^^^^^^^
..\.venv\Lib\site-packages\sqlalchemy\pool\base.py:678: in __init__
    self.__connect()
..\.venv\Lib\site-packages\sqlalchemy\pool\base.py:902: in __connect
    with util.safe_reraise():
         ^^^^^^^^^^^^^^^^^^^
..\.venv\Lib\site-packages\sqlalchemy\util\langhelpers.py:146: in __exit__
    raise exc_value.with_traceback(exc_tb)
..\.venv\Lib\site-packages\sqlalchemy\pool\base.py:898: in __connect
    self.dbapi_connection = connection = pool._invoke_creator(self)
                                         ^^^^^^^^^^^^^^^^^^^^^^^^^^
..\.venv\Lib\site-packages\sqlalchemy\engine\create.py:645: in connect
    return dialect.connect(*cargs, **cparams)
           ^^^^^^^^^^^^^^^^^^^^^^^^^^^^^^^^^^
..\.venv\Lib\site-packages\sqlalchemy\engine\default.py:616: in connect
    return self.loaded_dbapi.connect(*cargs, **cparams)
           ^^^^^^^^^^^^^^^^^^^^^^^^^^^^^^^^^^^^^^^^^^^^
_ _ _ _ _ _ _ _ _ _ _ _ _ _ _ _ _ _ _ _ _ _ _ _ _ _ _ _ _ _ _ _ _ _ _ _ _ _ _ _

dsn = 'host=localhost dbname=budget_test user=test_user password=test_pass port=5433'
connection_factory = None, cursor_factory = None
kwargs = {'dbname': 'budget_test', 'host': 'localhost', 'password': 'test_pass', 'port': 5433, ...}
kwasync = {}

    def connect(dsn=None, connection_factory=None, cursor_factory=None, **kwargs):
        """
        Create a new database connection.
    
        The connection parameters can be specified as a string:
    
            conn = psycopg2.connect("dbname=test user=postgres password=secret")
    
        or using a set of keyword arguments:
    
            conn = psycopg2.connect(database="test", user="postgres", password="secret")
    
        Or as a mix of both. The basic connection parameters are:
    
        - *dbname*: the database name
        - *database*: the database name (only as keyword argument)
        - *user*: user name used to authenticate
        - *password*: password used to authenticate
        - *host*: database host address (defaults to UNIX socket if not provided)
        - *port*: connection port number (defaults to 5432 if not provided)
    
        Using the *connection_factory* parameter a different class or connections
        factory can be specified. It should be a callable object taking a dsn
        argument.
    
        Using the *cursor_factory* parameter, a new default cursor factory will be
        used by cursor().
    
        Using *async*=True an asynchronous connection will be created. *async_* is
        a valid alias (for Python versions where ``async`` is a keyword).
    
        Any other keyword parameter will be passed to the underlying client
        library: the list of supported parameters depends on the library version.
    
        """
        kwasync = {}
        if 'async' in kwargs:
            kwasync['async'] = kwargs.pop('async')
        if 'async_' in kwargs:
            kwasync['async_'] = kwargs.pop('async_')
    
        dsn = _ext.make_dsn(dsn, **kwargs)
>       conn = _connect(dsn, connection_factory=connection_factory, **kwasync)
               ^^^^^^^^^^^^^^^^^^^^^^^^^^^^^^^^^^^^^^^^^^^^^^^^^^^^^^^^^^^^^^^
E       psycopg2.OperationalError: connection to server at "localhost" (::1), port 5433 failed: Connection refused (0x0000274D/10061)
E       	Is the server running on that host and accepting TCP/IP connections?
E       connection to server at "localhost" (127.0.0.1), port 5433 failed: Connection refused (0x0000274D/10061)
E       	Is the server running on that host and accepting TCP/IP connections?

..\.venv\Lib\site-packages\psycopg2\__init__.py:122: OperationalError

The above exception was the direct cause of the following exception:

    @pytest.fixture(scope="session", autouse=True)
    def create_tables():
        """Drop and recreate all tables once per test session."""
>       Base.metadata.drop_all(bind=_engine)

tests\integration\conftest.py:89: 
_ _ _ _ _ _ _ _ _ _ _ _ _ _ _ _ _ _ _ _ _ _ _ _ _ _ _ _ _ _ _ _ _ _ _ _ _ _ _ _
..\.venv\Lib\site-packages\sqlalchemy\sql\schema.py:5860: in drop_all
    bind._run_ddl_visitor(
..\.venv\Lib\site-packages\sqlalchemy\engine\base.py:3243: in _run_ddl_visitor
    with self.begin() as conn:
         ^^^^^^^^^^^^
C:\Users\monke\AppData\Local\Programs\Python\Python312\Lib\contextlib.py:137: in __enter__
    return next(self.gen)
           ^^^^^^^^^^^^^^
..\.venv\Lib\site-packages\sqlalchemy\engine\base.py:3233: in begin
    with self.connect() as conn:
         ^^^^^^^^^^^^^^
..\.venv\Lib\site-packages\sqlalchemy\engine\base.py:3269: in connect
    return self._connection_cls(self)
           ^^^^^^^^^^^^^^^^^^^^^^^^^^
..\.venv\Lib\site-packages\sqlalchemy\engine\base.py:147: in __init__
    Connection._handle_dbapi_exception_noconnection(
..\.venv\Lib\site-packages\sqlalchemy\engine\base.py:2431: in _handle_dbapi_exception_noconnection
    raise sqlalchemy_exception.with_traceback(exc_info[2]) from e
..\.venv\Lib\site-packages\sqlalchemy\engine\base.py:145: in __init__
    self._dbapi_connection = engine.raw_connection()
                             ^^^^^^^^^^^^^^^^^^^^^^^
..\.venv\Lib\site-packages\sqlalchemy\engine\base.py:3293: in raw_connection
    return self.pool.connect()
           ^^^^^^^^^^^^^^^^^^^
..\.venv\Lib\site-packages\sqlalchemy\pool\base.py:452: in connect
    return _ConnectionFairy._checkout(self)
           ^^^^^^^^^^^^^^^^^^^^^^^^^^^^^^^^
..\.venv\Lib\site-packages\sqlalchemy\pool\base.py:1269: in _checkout
    fairy = _ConnectionRecord.checkout(pool)
            ^^^^^^^^^^^^^^^^^^^^^^^^^^^^^^^^
..\.venv\Lib\site-packages\sqlalchemy\pool\base.py:716: in checkout
    rec = pool._do_get()
          ^^^^^^^^^^^^^^
..\.venv\Lib\site-packages\sqlalchemy\pool\impl.py:169: in _do_get
    with util.safe_reraise():
         ^^^^^^^^^^^^^^^^^^^
..\.venv\Lib\site-packages\sqlalchemy\util\langhelpers.py:146: in __exit__
    raise exc_value.with_traceback(exc_tb)
..\.venv\Lib\site-packages\sqlalchemy\pool\impl.py:167: in _do_get
    return self._create_connection()
           ^^^^^^^^^^^^^^^^^^^^^^^^^
..\.venv\Lib\site-packages\sqlalchemy\pool\base.py:393: in _create_connection
    return _ConnectionRecord(self)
           ^^^^^^^^^^^^^^^^^^^^^^^
..\.venv\Lib\site-packages\sqlalchemy\pool\base.py:678: in __init__
    self.__connect()
..\.venv\Lib\site-packages\sqlalchemy\pool\base.py:902: in __connect
    with util.safe_reraise():
         ^^^^^^^^^^^^^^^^^^^
..\.venv\Lib\site-packages\sqlalchemy\util\langhelpers.py:146: in __exit__
    raise exc_value.with_traceback(exc_tb)
..\.venv\Lib\site-packages\sqlalchemy\pool\base.py:898: in __connect
    self.dbapi_connection = connection = pool._invoke_creator(self)
                                         ^^^^^^^^^^^^^^^^^^^^^^^^^^
..\.venv\Lib\site-packages\sqlalchemy\engine\create.py:645: in connect
    return dialect.connect(*cargs, **cparams)
           ^^^^^^^^^^^^^^^^^^^^^^^^^^^^^^^^^^
..\.venv\Lib\site-packages\sqlalchemy\engine\default.py:616: in connect
    return self.loaded_dbapi.connect(*cargs, **cparams)
           ^^^^^^^^^^^^^^^^^^^^^^^^^^^^^^^^^^^^^^^^^^^^
_ _ _ _ _ _ _ _ _ _ _ _ _ _ _ _ _ _ _ _ _ _ _ _ _ _ _ _ _ _ _ _ _ _ _ _ _ _ _ _

dsn = 'host=localhost dbname=budget_test user=test_user password=test_pass port=5433'
connection_factory = None, cursor_factory = None
kwargs = {'dbname': 'budget_test', 'host': 'localhost', 'password': 'test_pass', 'port': 5433, ...}
kwasync = {}

    def connect(dsn=None, connection_factory=None, cursor_factory=None, **kwargs):
        """
        Create a new database connection.
    
        The connection parameters can be specified as a string:
    
            conn = psycopg2.connect("dbname=test user=postgres password=secret")
    
        or using a set of keyword arguments:
    
            conn = psycopg2.connect(database="test", user="postgres", password="secret")
    
        Or as a mix of both. The basic connection parameters are:
    
        - *dbname*: the database name
        - *database*: the database name (only as keyword argument)
        - *user*: user name used to authenticate
        - *password*: password used to authenticate
        - *host*: database host address (defaults to UNIX socket if not provided)
        - *port*: connection port number (defaults to 5432 if not provided)
    
        Using the *connection_factory* parameter a different class or connections
        factory can be specified. It should be a callable object taking a dsn
        argument.
    
        Using the *cursor_factory* parameter, a new default cursor factory will be
        used by cursor().
    
        Using *async*=True an asynchronous connection will be created. *async_* is
        a valid alias (for Python versions where ``async`` is a keyword).
    
        Any other keyword parameter will be passed to the underlying client
        library: the list of supported parameters depends on the library version.
    
        """
        kwasync = {}
        if 'async' in kwargs:
            kwasync['async'] = kwargs.pop('async')
        if 'async_' in kwargs:
            kwasync['async_'] = kwargs.pop('async_')
    
        dsn = _ext.make_dsn(dsn, **kwargs)
>       conn = _connect(dsn, connection_factory=connection_factory, **kwasync)
               ^^^^^^^^^^^^^^^^^^^^^^^^^^^^^^^^^^^^^^^^^^^^^^^^^^^^^^^^^^^^^^^
E       sqlalchemy.exc.OperationalError: (psycopg2.OperationalError) connection to server at "localhost" (::1), port 5433 failed: Connection refused (0x0000274D/10061)
E       	Is the server running on that host and accepting TCP/IP connections?
E       connection to server at "localhost" (127.0.0.1), port 5433 failed: Connection refused (0x0000274D/10061)
E       	Is the server running on that host and accepting TCP/IP connections?
E       
E       (Background on this error at: https://sqlalche.me/e/20/e3q8)

..\.venv\Lib\site-packages\psycopg2\__init__.py:122: OperationalError
_ ERROR at setup of TestDBBackedLockout.test_locked_until_set_after_threshold _

self = <sqlalchemy.engine.base.Connection object at 0x000001F509F8E960>
engine = Engine(postgresql://test_user:***@localhost:5433/budget_test)
connection = None, _has_events = None, _allow_revalidate = True
_allow_autobegin = True

    def __init__(
        self,
        engine: Engine,
        connection: Optional[PoolProxiedConnection] = None,
        _has_events: Optional[bool] = None,
        _allow_revalidate: bool = True,
        _allow_autobegin: bool = True,
    ):
        """Construct a new Connection."""
        self.engine = engine
        self.dialect = dialect = engine.dialect
    
        if connection is None:
            try:
>               self._dbapi_connection = engine.raw_connection()
                                         ^^^^^^^^^^^^^^^^^^^^^^^

..\.venv\Lib\site-packages\sqlalchemy\engine\base.py:145: 
_ _ _ _ _ _ _ _ _ _ _ _ _ _ _ _ _ _ _ _ _ _ _ _ _ _ _ _ _ _ _ _ _ _ _ _ _ _ _ _
..\.venv\Lib\site-packages\sqlalchemy\engine\base.py:3293: in raw_connection
    return self.pool.connect()
           ^^^^^^^^^^^^^^^^^^^
..\.venv\Lib\site-packages\sqlalchemy\pool\base.py:452: in connect
    return _ConnectionFairy._checkout(self)
           ^^^^^^^^^^^^^^^^^^^^^^^^^^^^^^^^
..\.venv\Lib\site-packages\sqlalchemy\pool\base.py:1269: in _checkout
    fairy = _ConnectionRecord.checkout(pool)
            ^^^^^^^^^^^^^^^^^^^^^^^^^^^^^^^^
..\.venv\Lib\site-packages\sqlalchemy\pool\base.py:716: in checkout
    rec = pool._do_get()
          ^^^^^^^^^^^^^^
..\.venv\Lib\site-packages\sqlalchemy\pool\impl.py:169: in _do_get
    with util.safe_reraise():
         ^^^^^^^^^^^^^^^^^^^
..\.venv\Lib\site-packages\sqlalchemy\util\langhelpers.py:146: in __exit__
    raise exc_value.with_traceback(exc_tb)
..\.venv\Lib\site-packages\sqlalchemy\pool\impl.py:167: in _do_get
    return self._create_connection()
           ^^^^^^^^^^^^^^^^^^^^^^^^^
..\.venv\Lib\site-packages\sqlalchemy\pool\base.py:393: in _create_connection
    return _ConnectionRecord(self)
           ^^^^^^^^^^^^^^^^^^^^^^^
..\.venv\Lib\site-packages\sqlalchemy\pool\base.py:678: in __init__
    self.__connect()
..\.venv\Lib\site-packages\sqlalchemy\pool\base.py:902: in __connect
    with util.safe_reraise():
         ^^^^^^^^^^^^^^^^^^^
..\.venv\Lib\site-packages\sqlalchemy\util\langhelpers.py:146: in __exit__
    raise exc_value.with_traceback(exc_tb)
..\.venv\Lib\site-packages\sqlalchemy\pool\base.py:898: in __connect
    self.dbapi_connection = connection = pool._invoke_creator(self)
                                         ^^^^^^^^^^^^^^^^^^^^^^^^^^
..\.venv\Lib\site-packages\sqlalchemy\engine\create.py:645: in connect
    return dialect.connect(*cargs, **cparams)
           ^^^^^^^^^^^^^^^^^^^^^^^^^^^^^^^^^^
..\.venv\Lib\site-packages\sqlalchemy\engine\default.py:616: in connect
    return self.loaded_dbapi.connect(*cargs, **cparams)
           ^^^^^^^^^^^^^^^^^^^^^^^^^^^^^^^^^^^^^^^^^^^^
_ _ _ _ _ _ _ _ _ _ _ _ _ _ _ _ _ _ _ _ _ _ _ _ _ _ _ _ _ _ _ _ _ _ _ _ _ _ _ _

dsn = 'host=localhost dbname=budget_test user=test_user password=test_pass port=5433'
connection_factory = None, cursor_factory = None
kwargs = {'dbname': 'budget_test', 'host': 'localhost', 'password': 'test_pass', 'port': 5433, ...}
kwasync = {}

    def connect(dsn=None, connection_factory=None, cursor_factory=None, **kwargs):
        """
        Create a new database connection.
    
        The connection parameters can be specified as a string:
    
            conn = psycopg2.connect("dbname=test user=postgres password=secret")
    
        or using a set of keyword arguments:
    
            conn = psycopg2.connect(database="test", user="postgres", password="secret")
    
        Or as a mix of both. The basic connection parameters are:
    
        - *dbname*: the database name
        - *database*: the database name (only as keyword argument)
        - *user*: user name used to authenticate
        - *password*: password used to authenticate
        - *host*: database host address (defaults to UNIX socket if not provided)
        - *port*: connection port number (defaults to 5432 if not provided)
    
        Using the *connection_factory* parameter a different class or connections
        factory can be specified. It should be a callable object taking a dsn
        argument.
    
        Using the *cursor_factory* parameter, a new default cursor factory will be
        used by cursor().
    
        Using *async*=True an asynchronous connection will be created. *async_* is
        a valid alias (for Python versions where ``async`` is a keyword).
    
        Any other keyword parameter will be passed to the underlying client
        library: the list of supported parameters depends on the library version.
    
        """
        kwasync = {}
        if 'async' in kwargs:
            kwasync['async'] = kwargs.pop('async')
        if 'async_' in kwargs:
            kwasync['async_'] = kwargs.pop('async_')
    
        dsn = _ext.make_dsn(dsn, **kwargs)
>       conn = _connect(dsn, connection_factory=connection_factory, **kwasync)
               ^^^^^^^^^^^^^^^^^^^^^^^^^^^^^^^^^^^^^^^^^^^^^^^^^^^^^^^^^^^^^^^
[...]
..\.venv\Lib\site-packages\sqlalchemy\pool\impl.py:167: in _do_get
    return self._create_connection()
           ^^^^^^^^^^^^^^^^^^^^^^^^^
..\.venv\Lib\site-packages\sqlalchemy\pool\base.py:393: in _create_connection
    return _ConnectionRecord(self)
           ^^^^^^^^^^^^^^^^^^^^^^^
..\.venv\Lib\site-packages\sqlalchemy\pool\base.py:678: in __init__
    self.__connect()
..\.venv\Lib\site-packages\sqlalchemy\pool\base.py:902: in __connect
    with util.safe_reraise():
         ^^^^^^^^^^^^^^^^^^^
..\.venv\Lib\site-packages\sqlalchemy\util\langhelpers.py:146: in __exit__
    raise exc_value.with_traceback(exc_tb)
..\.venv\Lib\site-packages\sqlalchemy\pool\base.py:898: in __connect
    self.dbapi_connection = connection = pool._invoke_creator(self)
                                         ^^^^^^^^^^^^^^^^^^^^^^^^^^
..\.venv\Lib\site-packages\sqlalchemy\engine\create.py:645: in connect
    return dialect.connect(*cargs, **cparams)
           ^^^^^^^^^^^^^^^^^^^^^^^^^^^^^^^^^^
..\.venv\Lib\site-packages\sqlalchemy\engine\default.py:616: in connect
    return self.loaded_dbapi.connect(*cargs, **cparams)
           ^^^^^^^^^^^^^^^^^^^^^^^^^^^^^^^^^^^^^^^^^^^^
_ _ _ _ _ _ _ _ _ _ _ _ _ _ _ _ _ _ _ _ _ _ _ _ _ _ _ _ _ _ _ _ _ _ _ _ _ _ _ _

dsn = 'host=localhost dbname=budget_test user=test_user password=test_pass port=5433'
connection_factory = None, cursor_factory = None
kwargs = {'dbname': 'budget_test', 'host': 'localhost', 'password': 'test_pass', 'port': 5433, ...}
kwasync = {}

    def connect(dsn=None, connection_factory=None, cursor_factory=None, **kwargs):
        """
        Create a new database connection.
    
        The connection parameters can be specified as a string:
    
            conn = psycopg2.connect("dbname=test user=postgres password=secret")
    
        or using a set of keyword arguments:
    
            conn = psycopg2.connect(database="test", user="postgres", password="secret")
    
        Or as a mix of both. The basic connection parameters are:
    
        - *dbname*: the database name
        - *database*: the database name (only as keyword argument)
        - *user*: user name used to authenticate
        - *password*: password used to authenticate
        - *host*: database host address (defaults to UNIX socket if not provided)
        - *port*: connection port number (defaults to 5432 if not provided)
    
        Using the *connection_factory* parameter a different class or connections
        factory can be specified. It should be a callable object taking a dsn
        argument.
    
        Using the *cursor_factory* parameter, a new default cursor factory will be
        used by cursor().
    
        Using *async*=True an asynchronous connection will be created. *async_* is
        a valid alias (for Python versions where ``async`` is a keyword).
    
        Any other keyword parameter will be passed to the underlying client
        library: the list of supported parameters depends on the library version.
    
        """
        kwasync = {}
        if 'async' in kwargs:
            kwasync['async'] = kwargs.pop('async')
        if 'async_' in kwargs:
            kwasync['async_'] = kwargs.pop('async_')
    
        dsn = _ext.make_dsn(dsn, **kwargs)
>       conn = _connect(dsn, connection_factory=connection_factory, **kwasync)
               ^^^^^^^^^^^^^^^^^^^^^^^^^^^^^^^^^^^^^^^^^^^^^^^^^^^^^^^^^^^^^^^
E       psycopg2.OperationalError: connection to server at "localhost" (::1), port 5433 failed: Connection refused (0x0000274D/10061)
E       	Is the server running on that host and accepting TCP/IP connections?
E       connection to server at "localhost" (127.0.0.1), port 5433 failed: Connection refused (0x0000274D/10061)
E       	Is the server running on that host and accepting TCP/IP connections?

..\.venv\Lib\site-packages\psycopg2\__init__.py:122: OperationalError

The above exception was the direct cause of the following exception:

    @pytest.fixture(scope="session", autouse=True)
    def create_tables():
        """Drop and recreate all tables once per test session."""
>       Base.metadata.drop_all(bind=_engine)

tests\integration\conftest.py:89: 
_ _ _ _ _ _ _ _ _ _ _ _ _ _ _ _ _ _ _ _ _ _ _ _ _ _ _ _ _ _ _ _ _ _ _ _ _ _ _ _
..\.venv\Lib\site-packages\sqlalchemy\sql\schema.py:5860: in drop_all
    bind._run_ddl_visitor(
..\.venv\Lib\site-packages\sqlalchemy\engine\base.py:3243: in _run_ddl_visitor
    with self.begin() as conn:
         ^^^^^^^^^^^^
C:\Users\monke\AppData\Local\Programs\Python\Python312\Lib\contextlib.py:137: in __enter__
    return next(self.gen)
           ^^^^^^^^^^^^^^
..\.venv\Lib\site-packages\sqlalchemy\engine\base.py:3233: in begin
    with self.connect() as conn:
         ^^^^^^^^^^^^^^
..\.venv\Lib\site-packages\sqlalchemy\engine\base.py:3269: in connect
    return self._connection_cls(self)
           ^^^^^^^^^^^^^^^^^^^^^^^^^^
..\.venv\Lib\site-packages\sqlalchemy\engine\base.py:147: in __init__
    Connection._handle_dbapi_exception_noconnection(
..\.venv\Lib\site-packages\sqlalchemy\engine\base.py:2431: in _handle_dbapi_exception_noconnection
    raise sqlalchemy_exception.with_traceback(exc_info[2]) from e
..\.venv\Lib\site-packages\sqlalchemy\engine\base.py:145: in __init__
    self._dbapi_connection = engine.raw_connection()
                             ^^^^^^^^^^^^^^^^^^^^^^^
..\.venv\Lib\site-packages\sqlalchemy\engine\base.py:3293: in raw_connection
    return self.pool.connect()
           ^^^^^^^^^^^^^^^^^^^
..\.venv\Lib\site-packages\sqlalchemy\pool\base.py:452: in connect
    return _ConnectionFairy._checkout(self)
           ^^^^^^^^^^^^^^^^^^^^^^^^^^^^^^^^
..\.venv\Lib\site-packages\sqlalchemy\pool\base.py:1269: in _checkout
    fairy = _ConnectionRecord.checkout(pool)
            ^^^^^^^^^^^^^^^^^^^^^^^^^^^^^^^^
..\.venv\Lib\site-packages\sqlalchemy\pool\base.py:716: in checkout
    rec = pool._do_get()
          ^^^^^^^^^^^^^^
..\.venv\Lib\site-packages\sqlalchemy\pool\impl.py:169: in _do_get
    with util.safe_reraise():
         ^^^^^^^^^^^^^^^^^^^
..\.venv\Lib\site-packages\sqlalchemy\util\langhelpers.py:146: in __exit__
    raise exc_value.with_traceback(exc_tb)
..\.venv\Lib\site-packages\sqlalchemy\pool\impl.py:167: in _do_get
    return self._create_connection()
           ^^^^^^^^^^^^^^^^^^^^^^^^^
..\.venv\Lib\site-packages\sqlalchemy\pool\base.py:393: in _create_connection
    return _ConnectionRecord(self)
           ^^^^^^^^^^^^^^^^^^^^^^^
..\.venv\Lib\site-packages\sqlalchemy\pool\base.py:678: in __init__
    self.__connect()
..\.venv\Lib\site-packages\sqlalchemy\pool\base.py:902: in __connect
    with util.safe_reraise():
         ^^^^^^^^^^^^^^^^^^^
..\.venv\Lib\site-packages\sqlalchemy\util\langhelpers.py:146: in __exit__
    raise exc_value.with_traceback(exc_tb)
..\.venv\Lib\site-packages\sqlalchemy\pool\base.py:898: in __connect
    self.dbapi_connection = connection = pool._invoke_creator(self)
                                         ^^^^^^^^^^^^^^^^^^^^^^^^^^
..\.venv\Lib\site-packages\sqlalchemy\engine\create.py:645: in connect
    return dialect.connect(*cargs, **cparams)
           ^^^^^^^^^^^^^^^^^^^^^^^^^^^^^^^^^^
..\.venv\Lib\site-packages\sqlalchemy\engine\default.py:616: in connect
    return self.loaded_dbapi.connect(*cargs, **cparams)
           ^^^^^^^^^^^^^^^^^^^^^^^^^^^^^^^^^^^^^^^^^^^^
_ _ _ _ _ _ _ _ _ _ _ _ _ _ _ _ _ _ _ _ _ _ _ _ _ _ _ _ _ _ _ _ _ _ _ _ _ _ _ _

dsn = 'host=localhost dbname=budget_test user=test_user password=test_pass port=5433'
connection_factory = None, cursor_factory = None
kwargs = {'dbname': 'budget_test', 'host': 'localhost', 'password': 'test_pass', 'port': 5433, ...}
kwasync = {}

    def connect(dsn=None, connection_factory=None, cursor_factory=None, **kwargs):
        """
        Create a new database connection.
    
        The connection parameters can be specified as a string:
    
            conn = psycopg2.connect("dbname=test user=postgres password=secret")
    
        or using a set of keyword arguments:
    
            conn = psycopg2.connect(database="test", user="postgres", password="secret")
    
        Or as a mix of both. The basic connection parameters are:
    
        - *dbname*: the database name
        - *database*: the database name (only as keyword argument)
        - *user*: user name used to authenticate
        - *password*: password used to authenticate
        - *host*: database host address (defaults to UNIX socket if not provided)
        - *port*: connection port number (defaults to 5432 if not provided)
    
        Using the *connection_factory* parameter a different class or connections
        factory can be specified. It should be a callable object taking a dsn
        argument.
    
        Using the *cursor_factory* parameter, a new default cursor factory will be
        used by cursor().
    
        Using *async*=True an asynchronous connection will be created. *async_* is
        a valid alias (for Python versions where ``async`` is a keyword).
    
        Any other keyword parameter will be passed to the underlying client
        library: the list of supported parameters depends on the library version.
    
        """
        kwasync = {}
        if 'async' in kwargs:
            kwasync['async'] = kwargs.pop('async')
        if 'async_' in kwargs:
            kwasync['async_'] = kwargs.pop('async_')
    
        dsn = _ext.make_dsn(dsn, **kwargs)
>       conn = _connect(dsn, connection_factory=connection_factory, **kwasync)
               ^^^^^^^^^^^^^^^^^^^^^^^^^^^^^^^^^^^^^^^^^^^^^^^^^^^^^^^^^^^^^^^
E       sqlalchemy.exc.OperationalError: (psycopg2.OperationalError) connection to server at "localhost" (::1), port 5433 failed: Connection refused (0x0000274D/10061)
E       	Is the server running on that host and accepting TCP/IP connections?
E       connection to server at "localhost" (127.0.0.1), port 5433 failed: Connection refused (0x0000274D/10061)
E       	Is the server running on that host and accepting TCP/IP connections?
E       
E       (Background on this error at: https://sqlalche.me/e/20/e3q8)

..\.venv\Lib\site-packages\psycopg2\__init__.py:122: OperationalError
================================== FAILURES ===================================
___________ TestSecretKeyConfig.test_secret_key_has_minimum_length ____________

self = <tests.test_security.TestSecretKeyConfig object at 0x000001F50A0FC350>

    def test_secret_key_has_minimum_length(self):
        """SECRET_KEY should be at least 32 characters."""
        from app.config import get_settings
        settings = get_settings()
>       assert len(settings.SECRET_KEY) >= 32, (
            f"SECRET_KEY is only {len(settings.SECRET_KEY)} chars ù "
            "minimum 32 required for HS256 security."
        )
E       AssertionError: SECRET_KEY is only 31 chars ù minimum 32 required for HS256 security.
E       assert 31 >= 32
E        +  where 31 = len('rehearsal_secret_key_2026_04_26')
E        +    where 'rehearsal_secret_key_2026_04_26' = Settings(APP_NAME='Budgeting Application', APP_VERSION='1.0.0', API_V1_PREFIX='/api/v1', DATABASE_URL='postgresql://te...1000/minute', LOGIN_LOCKOUT_MAX_ATTEMPTS=5, LOGIN_LOCKOUT_WINDOW_MINUTES=15, ALLOWED_ORIGINS=['http://localhost:3000']).SECRET_KEY

tests\test_security.py:272: AssertionError
- generated xml file: c:\projects\simple-budget\deliverable-package\reports\quality\final-regression-2026-04-26\backend-pytest-junit.xml -
=========================== short test summary info ===========================
FAILED tests/test_security.py::TestSecretKeyConfig::test_secret_key_has_minimum_length
ERROR tests/integration/test_db_failure_modes.py::TestDatabaseFailureModes::test_register_gracefully_handles_db_disconnect
ERROR tests/integration/test_db_failure_modes.py::TestDatabaseFailureModes::test_summary_gracefully_handles_db_timeout
ERROR tests/integration/test_db_failure_modes.py::TestDatabaseFailureModes::test_budget_create_gracefully_handles_transaction_failure
ERROR tests/integration/test_e2e_budget_flow.py::test_e2e_budget_flow - sqlal...
ERROR tests/integration/test_integration_auth_lockout.py::TestDBBackedLockout::test_first_failure_creates_db_row
ERROR tests/integration/test_integration_auth_lockout.py::TestDBBackedLockout::test_count_increments_per_failure
ERROR tests/integration/test_integration_auth_lockout.py::TestDBBackedLockout::test_locked_until_set_after_threshold
ERROR tests/integration/test_integration_auth_lockout.py::TestDBBackedLockout::test_sixth_attempt_blocked_with_lockout_message
ERROR tests/integration/test_integration_auth_lockout.py::TestDBBackedLockout::test_lockout_persists_across_separate_requests
ERROR tests/integration/test_integration_auth_lockout.py::TestDBBackedLockout::test_success_deletes_db_row
ERROR tests/integration/test_integration_auth_lockout.py::TestDBBackedLockout::test_counter_restarts_after_success
ERROR tests/integration/test_integration_auth_lockout.py::TestDBBackedLockout::test_successful_first_login_leaves_no_row
ERROR tests/integration/test_integration_auth_lockout.py::TestDBBackedLockout::test_lockout_does_not_affect_other_email
ERROR tests/integration/test_integration_auth_lockout.py::TestInMemoryMigrationRegression::test_api_failures_visible_in_db
ERROR tests/integration/test_integration_errors.py::TestAuthErrorContract::test_login_wrong_password_returns_401
ERROR tests/integration/test_integration_errors.py::TestAuthErrorContract::test_login_nonexistent_email_returns_401
ERROR tests/integration/test_integration_errors.py::TestAuthErrorContract::test_register_duplicate_email_returns_409
ERROR tests/integration/test_integration_errors.py::TestAuthErrorContract::test_no_token_on_protected_endpoint_returns_401
ERROR tests/integration/test_integration_errors.py::TestAuthErrorContract::test_invalid_token_returns_401
ERROR tests/integration/test_integration_errors.py::TestAuthErrorContract::test_register_short_password_returns_400
ERROR tests/integration/test_integration_errors.py::TestAuthErrorContract::test_register_invalid_email_format_returns_400
ERROR tests/integration/test_integration_errors.py::TestAuthErrorContract::test_register_empty_body_returns_400
ERROR tests/integration/test_integration_errors.py::TestAuthErrorContract::test_login_empty_body_returns_400
ERROR tests/integration/test_integration_errors.py::TestExpenseErrorContract::test_missing_amount_returns_400
ERROR tests/integration/test_integration_errors.py::TestExpenseErrorContract::test_missing_category_returns_400
ERROR tests/integration/test_integration_errors.py::TestExpenseErrorContract::test_missing_date_returns_400
ERROR tests/integration/test_integration_errors.py::TestExpenseErrorContract::test_invalid_date_format_returns_400
ERROR tests/integration/test_integration_errors.py::TestExpenseErrorContract::test_zero_amount_returns_400
ERROR tests/integration/test_integration_errors.py::TestExpenseErrorContract::test_no_token_returns_401_with_envelope
ERROR tests/integration/test_integration_errors.py::TestBudgetErrorContract::test_duplicate_budget_returns_409
ERROR tests/integration/test_integration_errors.py::TestBudgetErrorContract::test_invalid_month_format_returns_400
ERROR tests/integration/test_integration_errors.py::TestBudgetErrorContract::test_invalid_month_value_returns_400
ERROR tests/integration/test_integration_errors.py::TestBudgetErrorContract::test_budget_not_found_returns_404
ERROR tests/integration/test_integration_errors.py::TestBudgetErrorContract::test_wrong_user_budget_returns_403
ERROR tests/integration/test_integration_errors.py::TestBudgetErrorContract::test_no_current_month_budget_returns_404
ERROR tests/integration/test_integration_errors.py::TestBudgetErrorContract::test_invalid_uuid_budget_id_returns_400
ERROR tests/integration/test_integration_errors.py::TestBudgetErrorContract::test_zero_amount_returns_400
ERROR tests/integration/test_integration_errors.py::TestBudgetErrorContract::test_negative_amount_returns_400
ERROR tests/integration/test_integration_errors.py::TestIncomeErrorContract::test_missing_source_returns_400
ERROR tests/integration/test_integration_errors.py::TestIncomeErrorContract::test_missing_date_returns_400
ERROR tests/integration/test_integration_errors.py::TestIncomeErrorContract::test_zero_amount_returns_400
ERROR tests/integration/test_integration_errors.py::TestIncomeErrorContract::test_negative_amount_returns_400
ERROR tests/integration/test_integration_errors.py::TestReportErrorContract::test_missing_month_param_returns_400
ERROR tests/integration/test_integration_errors.py::TestReportErrorContract::test_invalid_month_format_returns_400
ERROR tests/integration/test_integration_errors.py::TestReportErrorContract::test_empty_month_with_no_data_returns_200_zeros
ERROR tests/integration/test_integration_errors.py::TestEnvelopeAlwaysComplete::test_envelope_complete[post-/api/v1/auth/login-body0-401]
ERROR tests/integration/test_integration_errors.py::TestEnvelopeAlwaysComplete::test_envelope_complete[post-/api/v1/auth/register-body1-400]
ERROR tests/integration/test_integration_errors.py::TestEnvelopeAlwaysComplete::test_envelope_complete[get-/api/v1/expenses/current-month-None-401]
ERROR tests/integration/test_integration_errors.py::TestEnvelopeAlwaysComplete::test_envelope_complete[get-/api/v1/budgets/current-month-None-401]
ERROR tests/integration/test_integration_errors.py::TestEnvelopeAlwaysComplete::test_envelope_complete[get-/api/v1/reports/summary-None-401]
ERROR tests/integration/test_integration_happy_paths.py::TestAuthHappyPath::test_register_creates_user_in_db
ERROR tests/integration/test_integration_happy_paths.py::TestAuthHappyPath::test_password_stored_as_bcrypt_hash
ERROR tests/integration/test_integration_happy_paths.py::TestAuthHappyPath::test_login_returns_bearer_token
ERROR tests/integration/test_integration_happy_paths.py::TestExpenseHappyPath::test_add_expense_persists_to_db
ERROR tests/integration/test_integration_happy_paths.py::TestExpenseHappyPath::test_expense_belongs_to_correct_user
ERROR tests/integration/test_integration_happy_paths.py::TestExpenseHappyPath::test_user_only_sees_own_expenses
ERROR tests/integration/test_integration_happy_paths.py::TestBudgetHappyPath::test_create_then_retrieve_budget
ERROR tests/integration/test_integration_happy_paths.py::TestBudgetHappyPath::test_update_budget_reflected_in_db
ERROR tests/integration/test_integration_happy_paths.py::TestBudgetHappyPath::test_get_current_month_budget
ERROR tests/integration/test_integration_happy_paths.py::TestReportHappyPath::test_report_aggregates_real_data_correctly
ERROR tests/integration/test_integration_happy_paths.py::TestReportHappyPath::test_report_only_includes_own_data
ERROR tests/integration/test_integration_repositories.py::TestUserRepositoryIntegration::test_crud_roundtrip
ERROR tests/integration/test_integration_repositories.py::TestUserRepositoryIntegration::test_unique_email_constraint
ERROR tests/integration/test_integration_repositories.py::TestUserRepositoryIntegration::test_transaction_rollback_on_failed_flush
ERROR tests/integration/test_integration_repositories.py::TestBudgetRepositoryIntegration::test_crud_and_lookup_by_user_month
ERROR tests/integration/test_integration_repositories.py::TestBudgetRepositoryIntegration::test_unique_user_month_constraint
ERROR tests/integration/test_integration_repositories.py::TestBudgetRepositoryIntegration::test_rollback_when_budget_amount_constraint_fails
ERROR tests/integration/test_integration_repositories.py::TestExpenseRepositoryIntegration::test_crud_and_month_range_queries
ERROR tests/integration/test_integration_repositories.py::TestExpenseRepositoryIntegration::test_invalid_month_format_raises_value_error
ERROR tests/integration/test_integration_repositories.py::TestExpenseRepositoryIntegration::test_rollback_when_expense_amount_constraint_fails
================== 1 failed, 178 passed, 70 errors in 39.61s ==================
