<?xml version="1.0" encoding="utf-8"?><testsuites name="pytest tests"><testsuite name="pytest" errors="70" failures="1" skipped="0" tests="249" time="39.444" timestamp="2026-04-26T20:51:32.272375-04:00" hostname="DESKTOP-UMRVVRN"><testcase classname="tests.integration.test_db_failure_modes.TestDatabaseFailureModes" name="test_register_gracefully_handles_db_disconnect" time="4.074"><error message="failed on setup with &quot;sqlalchemy.exc.OperationalError: (psycopg2.OperationalError) connection to server at &quot;localhost&quot; (::1), port 5433 failed: Connection refused (0x0000274D/10061)&#10;&#09;Is the server running on that host and accepting TCP/IP connections?&#10;connection to server at &quot;localhost&quot; (127.0.0.1), port 5433 failed: Connection refused (0x0000274D/10061)&#10;&#09;Is the server running on that host and accepting TCP/IP connections?&#10;&#10;(Background on this error at: https://sqlalche.me/e/20/e3q8)&quot;">self = &lt;sqlalchemy.engine.base.Connection object at 0x000001F509F8E960&gt;
engine = Engine(postgresql://test_user:***@localhost:5433/budget_test)
connection = None, _has_events = None, _allow_revalidate = True
_allow_autobegin = True

    def __init__(
        self,
        engine: Engine,
        connection: Optional[PoolProxiedConnection] = None,
        _has_events: Optional[bool] = None,
        _allow_revalidate: bool = True,
        _allow_autobegin: bool = True,
    ):
        """Construct a new Connection."""
        self.engine = engine
        self.dialect = dialect = engine.dialect
    
        if connection is None:
            try:
&gt;               self._dbapi_connection = engine.raw_connection()
                                         ^^^^^^^^^^^^^^^^^^^^^^^

..\.venv\Lib\site-packages\sqlalchemy\engine\base.py:145: 
_ _ _ _ _ _ _ _ _ _ _ _ _ _ _ _ _ _ _ _ _ _ _ _ _ _ _ _ _ _ _ _ _ _ _ _ _ _ _ _
..\.venv\Lib\site-packages\sqlalchemy\engine\base.py:3293: in raw_connection
    return self.pool.connect()
           ^^^^^^^^^^^^^^^^^^^
..\.venv\Lib\site-packages\sqlalchemy\pool\base.py:452: in connect
    return _ConnectionFairy._checkout(self)
           ^^^^^^^^^^^^^^^^^^^^^^^^^^^^^^^^
..\.venv\Lib\site-packages\sqlalchemy\pool\base.py:1269: in _checkout
    fairy = _ConnectionRecord.checkout(pool)
            ^^^^^^^^^^^^^^^^^^^^^^^^^^^^^^^^
..\.venv\Lib\site-packages\sqlalchemy\pool\base.py:716: in checkout
    rec = pool._do_get()
          ^^^^^^^^^^^^^^
..\.venv\Lib\site-packages\sqlalchemy\pool\impl.py:169: in _do_get
    with util.safe_reraise():
         ^^^^^^^^^^^^^^^^^^^
..\.venv\Lib\site-packages\sqlalchemy\util\langhelpers.py:146: in __exit__
    raise exc_value.with_traceback(exc_tb)
..\.venv\Lib\site-packages\sqlalchemy\pool\impl.py:167: in _do_get
    return self._create_connection()
           ^^^^^^^^^^^^^^^^^^^^^^^^^
..\.venv\Lib\site-packages\sqlalchemy\pool\base.py:393: in _create_connection
    return _ConnectionRecord(self)
           ^^^^^^^^^^^^^^^^^^^^^^^
..\.venv\Lib\site-packages\sqlalchemy\pool\base.py:678: in __init__
    self.__connect()
..\.venv\Lib\site-packages\sqlalchemy\pool\base.py:902: in __connect
    with util.safe_reraise():
         ^^^^^^^^^^^^^^^^^^^
..\.venv\Lib\site-packages\sqlalchemy\util\langhelpers.py:146: in __exit__
    raise exc_value.with_traceback(exc_tb)
..\.venv\Lib\site-packages\sqlalchemy\pool\base.py:898: in __connect
    self.dbapi_connection = connection = pool._invoke_creator(self)
                                         ^^^^^^^^^^^^^^^^^^^^^^^^^^
..\.venv\Lib\site-packages\sqlalchemy\engine\create.py:645: in connect
    return dialect.connect(*cargs, **cparams)
           ^^^^^^^^^^^^^^^^^^^^^^^^^^^^^^^^^^
..\.venv\Lib\site-packages\sqlalchemy\engine\default.py:616: in connect
    return self.loaded_dbapi.connect(*cargs, **cparams)
           ^^^^^^^^^^^^^^^^^^^^^^^^^^^^^^^^^^^^^^^^^^^^
_ _ _ _ _ _ _ _ _ _ _ _ _ _ _ _ _ _ _ _ _ _ _ _ _ _ _ _ _ _ _ _ _ _ _ _ _ _ _ _

dsn = 'host=localhost dbname=budget_test user=test_user password=test_pass port=5433'
connection_factory = None, cursor_factory = None
kwargs = {'dbname': 'budget_test', 'host': 'localhost', 'password': 'test_pass', 'port': 5433, ...}
kwasync = {}

    def connect(dsn=None, connection_factory=None, cursor_factory=None, **kwargs):
        """
        Create a new database connection.
    
        The connection parameters can be specified as a string:
    
            conn = psycopg2.connect("dbname=test user=postgres password=secret")
    
        or using a set of keyword arguments:
    
            conn = psycopg2.connect(database="test", user="postgres", password="secret")
    
        Or as a mix of both. The basic connection parameters are:
    
        - *dbname*: the database name
        - *database*: the database name (only as keyword argument)
        - *user*: user name used to authenticate
        - *password*: password used to authenticate
        - *host*: database host address (defaults to UNIX socket if not provided)
        - *port*: connection port number (defaults to 5432 if not provided)
    
        Using the *connection_factory* parameter a different class or connections
        factory can be specified. It should be a callable object taking a dsn
        argument.
    
        Using the *cursor_factory* parameter, a new default cursor factory will be
        used by cursor().
    
        Using *async*=True an asynchronous connection will be created. *async_* is
        a valid alias (for Python versions where ``async`` is a keyword).
    
        Any other keyword parameter will be passed to the underlying client
        library: the list of supported parameters depends on the library version.
    
        """
        kwasync = {}
        if 'async' in kwargs:
            kwasync['async'] = kwargs.pop('async')
        if 'async_' in kwargs:
            kwasync['async_'] = kwargs.pop('async_')
    
        dsn = _ext.make_dsn(dsn, **kwargs)
&gt;       conn = _connect(dsn, connection_factory=connection_factory, **kwasync)
               ^^^^^^^^^^^^^^^^^^^^^^^^^^^^^^^^^^^^^^^^^^^^^^^^^^^^^^^^^^^^^^^
E       psycopg2.OperationalError: connection to server at "localhost" (::1), port 5433 failed: Connection refused (0x0000274D/10061)
E       	Is the server running on that host and accepting TCP/IP connections?
E       connection to server at "localhost" (127.0.0.1), port 5433 failed: Connection refused (0x0000274D/10061)
E       	Is the server running on that host and accepting TCP/IP connections?

..\.venv\Lib\site-packages\psycopg2\__init__.py:122: OperationalError

The above exception was the direct cause of the following exception:

fixturedef = &lt;FixtureDef argname='create_tables' scope='session' baseid='tests/integration'&gt;
request = &lt;SubRequest 'create_tables' for &lt;Function test_register_gracefully_handles_db_disconnect&gt;&gt;

    @pytest.hookimpl(wrapper=True)
    def pytest_fixture_setup(fixturedef: FixtureDef, request) -&gt; object | None:
        asyncio_mode = _get_asyncio_mode(request.config)
        if not _is_asyncio_fixture_function(fixturedef.func):
            if asyncio_mode == Mode.STRICT:
                # Ignore async fixtures without explicit asyncio mark in strict mode
                # This applies to pytest_trio fixtures, for example
&gt;               return (yield)
                        ^^^^^

..\.venv\Lib\site-packages\pytest_asyncio\plugin.py:728: 
_ _ _ _ _ _ _ _ _ _ _ _ _ _ _ _ _ _ _ _ _ _ _ _ _ _ _ _ _ _ _ _ _ _ _ _ _ _ _ _
tests\integration\conftest.py:89: in create_tables
    Base.metadata.drop_all(bind=_engine)
..\.venv\Lib\site-packages\sqlalchemy\sql\schema.py:5860: in drop_all
    bind._run_ddl_visitor(
..\.venv\Lib\site-packages\sqlalchemy\engine\base.py:3243: in _run_ddl_visitor
    with self.begin() as conn:
         ^^^^^^^^^^^^
C:\Users\monke\AppData\Local\Programs\Python\Python312\Lib\contextlib.py:137: in __enter__
    return next(self.gen)
           ^^^^^^^^^^^^^^
..\.venv\Lib\site-packages\sqlalchemy\engine\base.py:3233: in begin
    with self.connect() as conn:
         ^^^^^^^^^^^^^^
..\.venv\Lib\site-packages\sqlalchemy\engine\base.py:3269: in connect
    return self._connection_cls(self)
           ^^^^^^^^^^^^^^^^^^^^^^^^^^
..\.venv\Lib\site-packages\sqlalchemy\engine\base.py:147: in __init__
    Connection._handle_dbapi_exception_noconnection(
..\.venv\Lib\site-packages\sqlalchemy\engine\base.py:2431: in _handle_dbapi_exception_noconnection
    raise sqlalchemy_exception.with_traceback(exc_info[2]) from e
..\.venv\Lib\site-packages\sqlalchemy\engine\base.py:145: in __init__
    self._dbapi_connection = engine.raw_connection()
                             ^^^^^^^^^^^^^^^^^^^^^^^
..\.venv\Lib\site-packages\sqlalchemy\engine\base.py:3293: in raw_connection
    return self.pool.connect()
           ^^^^^^^^^^^^^^^^^^^
..\.venv\Lib\site-packages\sqlalchemy\pool\base.py:452: in connect
    return _ConnectionFairy._checkout(self)
           ^^^^^^^^^^^^^^^^^^^^^^^^^^^^^^^^
..\.venv\Lib\site-packages\sqlalchemy\pool\base.py:1269: in _checkout
    fairy = _ConnectionRecord.checkout(pool)
            ^^^^^^^^^^^^^^^^^^^^^^^^^^^^^^^^
..\.venv\Lib\site-packages\sqlalchemy\pool\base.py:716: in checkout
    rec = pool._do_get()
          ^^^^^^^^^^^^^^
..\.venv\Lib\site-packages\sqlalchemy\pool\impl.py:169: in _do_get
    with util.safe_reraise():
         ^^^^^^^^^^^^^^^^^^^
..\.venv\Lib\site-packages\sqlalchemy\util\langhelpers.py:146: in __exit__
    raise exc_value.with_traceback(exc_tb)
..\.venv\Lib\site-packages\sqlalchemy\pool\impl.py:167: in _do_get
    return self._create_connection()
           ^^^^^^^^^^^^^^^^^^^^^^^^^
..\.venv\Lib\site-packages\sqlalchemy\pool\base.py:393: in _create_connection
    return _ConnectionRecord(self)
           ^^^^^^^^^^^^^^^^^^^^^^^
..\.venv\Lib\site-packages\sqlalchemy\pool\base.py:678: in __init__
    self.__connect()
..\.venv\Lib\site-packages\sqlalchemy\pool\base.py:902: in __connect
    with util.safe_reraise():
         ^^^^^^^^^^^^^^^^^^^
..\.venv\Lib\site-packages\sqlalchemy\util\langhelpers.py:146: in __exit__
    raise exc_value.with_traceback(exc_tb)
..\.venv\Lib\site-packages\sqlalchemy\pool\base.py:898: in __connect
    self.dbapi_connection = connection = pool._invoke_creator(self)
                                         ^^^^^^^^^^^^^^^^^^^^^^^^^^
..\.venv\Lib\site-packages\sqlalchemy\engine\create.py:645: in connect
    return dialect.connect(*cargs, **cparams)
           ^^^^^^^^^^^^^^^^^^^^^^^^^^^^^^^^^^
..\.venv\Lib\site-packages\sqlalchemy\engine\default.py:616: in connect
    return self.loaded_dbapi.connect(*cargs, **cparams)
           ^^^^^^^^^^^^^^^^^^^^^^^^^^^^^^^^^^^^^^^^^^^^
_ _ _ _ _ _ _ _ _ _ _ _ _ _ _ _ _ _ _ _ _ _ _ _ _ _ _ _ _ _ _ _ _ _ _ _ _ _ _ _

dsn = 'host=localhost dbname=budget_test user=test_user password=test_pass port=5433'
connection_factory = None, cursor_factory = None
kwargs = {'dbname': 'budget_test', 'host': 'localhost', 'password': 'test_pass', 'port': 5433, ...}
kwasync = {}

    def connect(dsn=None, connection_factory=None, cursor_factory=None, **kwargs):
        """
        Create a new database connection.
    
        The connection parameters can be specified as a string:
    
            conn = psycopg2.connect("dbname=test user=postgres password=secret")
    
        or using a set of keyword arguments:
    
            conn = psycopg2.connect(database="test", user="postgres", password="secret")
    
        Or as a mix of both. The basic connection parameters are:
    
        - *dbname*: the database name
        - *database*: the database name (only as keyword argument)
        - *user*: user name used to authenticate
        - *password*: password used to authenticate
        - *host*: database host address (defaults to UNIX socket if not provided)
        - *port*: connection port number (defaults to 5432 if not provided)
    
        Using the *connection_factory* parameter a different class or connections
        factory can be specified. It should be a callable object taking a dsn
        argument.
    
        Using the *cursor_factory* parameter, a new default cursor factory will be
        used by cursor().
    
        Using *async*=True an asynchronous connection will be created. *async_* is
        a valid alias (for Python versions where ``async`` is a keyword).
    
        Any other keyword parameter will be passed to the underlying client
        library: the list of supported parameters depends on the library version.
    
        """
        kwasync = {}
        if 'async' in kwargs:
            kwasync['async'] = kwargs.pop('async')
        if 'async_' in kwargs:
            kwasync['async_'] = kwargs.pop('async_')
    
        dsn = _ext.make_dsn(dsn, **kwargs)
&gt;       conn = _connect(dsn, connection_factory=connection_factory, **kwasync)
               ^^^^^^^^^^^^^^^^^^^^^^^^^^^^^^^^^^^^^^^^^^^^^^^^^^^^^^^^^^^^^^^
E       sqlalchemy.exc.OperationalError: (psycopg2.OperationalError) connection to server at "localhost" (::1), port 5433 failed: Connection refused (0x0000274D/10061)
E       	Is the server running on that host and accepting TCP/IP connections?
E       connection to server at "localhost" (127.0.0.1), port 5433 failed: Connection refused (0x0000274D/10061)
E       	Is the server running on that host and accepting TCP/IP connections?
E       
E       (Background on this error at: https://sqlalche.me/e/20/e3q8)

..\.venv\Lib\site-packages\psycopg2\__init__.py:122: OperationalError</error></testcase><testcase classname="tests.integration.test_db_failure_modes.TestDatabaseFailureModes" name="test_summary_gracefully_handles_db_timeout" time="0.001"><error message="failed on setup with &quot;sqlalchemy.exc.OperationalError: (psycopg2.OperationalError) connection to server at &quot;localhost&quot; (::1), port 5433 failed: Connection refused (0x0000274D/10061)&#10;&#09;Is the server running on that host and accepting TCP/IP connections?&#10;connection to server at &quot;localhost&quot; (127.0.0.1), port 5433 failed: Connection refused (0x0000274D/10061)&#10;&#09;Is the server running on that host and accepting TCP/IP connections?&#10;&#10;(Background on this error at: https://sqlalche.me/e/20/e3q8)&quot;">self = &lt;sqlalchemy.engine.base.Connection object at 0x000001F509F8E960&gt;
engine = Engine(postgresql://test_user:***@localhost:5433/budget_test)
connection = None, _has_events = None, _allow_revalidate = True
_allow_autobegin = True

    def __init__(
        self,
        engine: Engine,
        connection: Optional[PoolProxiedConnection] = None,
        _has_events: Optional[bool] = None,
        _allow_revalidate: bool = True,
        _allow_autobegin: bool = True,
    ):
        """Construct a new Connection."""
        self.engine = engine
        self.dialect = dialect = engine.dialect
    
        if connection is None:
            try:
&gt;               self._dbapi_connection = engine.raw_connection()
                                         ^^^^^^^^^^^^^^^^^^^^^^^

..\.venv\Lib\site-packages\sqlalchemy\engine\base.py:145: 
_ _ _ _ _ _ _ _ _ _ _ _ _ _ _ _ _ _ _ _ _ _ _ _ _ _ _ _ _ _ _ _ _ _ _ _ _ _ _ _
..\.venv\Lib\site-packages\sqlalchemy\engine\base.py:3293: in raw_connection
    return self.pool.connect()
           ^^^^^^^^^^^^^^^^^^^
..\.venv\Lib\site-packages\sqlalchemy\pool\base.py:452: in connect
    return _ConnectionFairy._checkout(self)
           ^^^^^^^^^^^^^^^^^^^^^^^^^^^^^^^^
..\.venv\Lib\site-packages\sqlalchemy\pool\base.py:1269: in _checkout
    fairy = _ConnectionRecord.checkout(pool)
            ^^^^^^^^^^^^^^^^^^^^^^^^^^^^^^^^
..\.venv\Lib\site-packages\sqlalchemy\pool\base.py:716: in checkout
    rec = pool._do_get()
          ^^^^^^^^^^^^^^
..\.venv\Lib\site-packages\sqlalchemy\pool\impl.py:169: in _do_get
    with util.safe_reraise():
         ^^^^^^^^^^^^^^^^^^^
..\.venv\Lib\site-packages\sqlalchemy\util\langhelpers.py:146: in __exit__
    raise exc_value.with_traceback(exc_tb)
..\.venv\Lib\site-packages\sqlalchemy\pool\impl.py:167: in _do_get
    return self._create_connection()
           ^^^^^^^^^^^^^^^^^^^^^^^^^
..\.venv\Lib\site-packages\sqlalchemy\pool\base.py:393: in _create_connection
    return _ConnectionRecord(self)
           ^^^^^^^^^^^^^^^^^^^^^^^
..\.venv\Lib\site-packages\sqlalchemy\pool\base.py:678: in __init__
    self.__connect()
..\.venv\Lib\site-packages\sqlalchemy\pool\base.py:902: in __connect
    with util.safe_reraise():
         ^^^^^^^^^^^^^^^^^^^
..\.venv\Lib\site-packages\sqlalchemy\util\langhelpers.py:146: in __exit__
    raise exc_value.with_traceback(exc_tb)
..\.venv\Lib\site-packages\sqlalchemy\pool\base.py:898: in __connect
    self.dbapi_connection = connection = pool._invoke_creator(self)
                                         ^^^^^^^^^^^^^^^^^^^^^^^^^^
..\.venv\Lib\site-packages\sqlalchemy\engine\create.py:645: in connect
    return dialect.connect(*cargs, **cparams)
           ^^^^^^^^^^^^^^^^^^^^^^^^^^^^^^^^^^
..\.venv\Lib\site-packages\sqlalchemy\engine\default.py:616: in connect
    return self.loaded_dbapi.connect(*cargs, **cparams)
           ^^^^^^^^^^^^^^^^^^^^^^^^^^^^^^^^^^^^^^^^^^^^
_ _ _ _ _ _ _ _ _ _ _ _ _ _ _ _ _ _ _ _ _ _ _ _ _ _ _ _ _ _ _ _ _ _ _ _ _ _ _ _

dsn = 'host=localhost dbname=budget_test user=test_user password=test_pass port=5433'
connection_factory = None, cursor_factory = None
kwargs = {'dbname': 'budget_test', 'host': 'localhost', 'password': 'test_pass', 'port': 5433, ...}
kwasync = {}

    def connect(dsn=None, connection_factory=None, cursor_factory=None, **kwargs):
        """
        Create a new database connection.
    
        The connection parameters can be specified as a string:
    
            conn = psycopg2.connect("dbname=test user=postgres password=secret")
    
        or using a set of keyword arguments:
    
            conn = psycopg2.connect(database="test", user="postgres", password="secret")
    
        Or as a mix of both. The basic connection parameters are:
    
        - *dbname*: the database name
        - *database*: the database name (only as keyword argument)
        - *user*: user name used to authenticate
        - *password*: password used to authenticate
        - *host*: database host address (defaults to UNIX socket if not provided)
        - *port*: connection port number (defaults to 5432 if not provided)
    
        Using the *connection_factory* parameter a different class or connections
        factory can be specified. It should be a callable object taking a dsn
        argument.
    
        Using the *cursor_factory* parameter, a new default cursor factory will be
        used by cursor().
    
        Using *async*=True an asynchronous connection will be created. *async_* is
        a valid alias (for Python versions where ``async`` is a keyword).
    
        Any other keyword parameter will be passed to the underlying client
        library: the list of supported parameters depends on the library version.
    
        """
        kwasync = {}
        if 'async' in kwargs:
            kwasync['async'] = kwargs.pop('async')
        if 'async_' in kwargs:
            kwasync['async_'] = kwargs.pop('async_')
    
        dsn = _ext.make_dsn(dsn, **kwargs)
&gt;       conn = _connect(dsn, connection_factory=connection_factory, **kwasync)
               ^^^^^^^^^^^^^^^^^^^^^^^^^^^^^^^^^^^^^^^^^^^^^^^^^^^^^^^^^^^^^^^
E       psycopg2.OperationalError: connection to server at "localhost" (::1), port 5433 failed: Connection refused (0x0000274D/10061)
E       	Is the server running on that host and accepting TCP/IP connections?
E       connection to server at "localhost" (127.0.0.1), port 5433 failed: Connection refused (0x0000274D/10061)
E       	Is the server running on that host and accepting TCP/IP connections?

..\.venv\Lib\site-packages\psycopg2\__init__.py:122: OperationalError

The above exception was the direct cause of the following exception:

    @pytest.fixture(scope="session", autouse=True)
    def create_tables():
        """Drop and recreate all tables once per test session."""
&gt;       Base.metadata.drop_all(bind=_engine)

tests\integration\conftest.py:89: 
_ _ _ _ _ _ _ _ _ _ _ _ _ _ _ _ _ _ _ _ _ _ _ _ _ _ _ _ _ _ _ _ _ _ _ _ _ _ _ _
..\.venv\Lib\site-packages\sqlalchemy\sql\schema.py:5860: in drop_all
    bind._run_ddl_visitor(
..\.venv\Lib\site-packages\sqlalchemy\engine\base.py:3243: in _run_ddl_visitor
    with self.begin() as conn:
         ^^^^^^^^^^^^
C:\Users\monke\AppData\Local\Programs\Python\Python312\Lib\contextlib.py:137: in __enter__
    return next(self.gen)
           ^^^^^^^^^^^^^^
..\.venv\Lib\site-packages\sqlalchemy\engine\base.py:3233: in begin
    with self.connect() as conn:
         ^^^^^^^^^^^^^^
..\.venv\Lib\site-packages\sqlalchemy\engine\base.py:3269: in connect
    return self._connection_cls(self)
           ^^^^^^^^^^^^^^^^^^^^^^^^^^
..\.venv\Lib\site-packages\sqlalchemy\engine\base.py:147: in __init__
    Connection._handle_dbapi_exception_noconnection(
..\.venv\Lib\site-packages\sqlalchemy\engine\base.py:2431: in _handle_dbapi_exception_noconnection
    raise sqlalchemy_exception.with_traceback(exc_info[2]) from e
..\.venv\Lib\site-packages\sqlalchemy\engine\base.py:145: in __init__
    self._dbapi_connection = engine.raw_connection()
                             ^^^^^^^^^^^^^^^^^^^^^^^
..\.venv\Lib\site-packages\sqlalchemy\engine\base.py:3293: in raw_connection
    return self.pool.connect()
           ^^^^^^^^^^^^^^^^^^^
..\.venv\Lib\site-packages\sqlalchemy\pool\base.py:452: in connect
    return _ConnectionFairy._checkout(self)
           ^^^^^^^^^^^^^^^^^^^^^^^^^^^^^^^^
..\.venv\Lib\site-packages\sqlalchemy\pool\base.py:1269: in _checkout
    fairy = _ConnectionRecord.checkout(pool)
            ^^^^^^^^^^^^^^^^^^^^^^^^^^^^^^^^
..\.venv\Lib\site-packages\sqlalchemy\pool\base.py:716: in checkout
    rec = pool._do_get()
          ^^^^^^^^^^^^^^
..\.venv\Lib\site-packages\sqlalchemy\pool\impl.py:169: in _do_get
    with util.safe_reraise():
         ^^^^^^^^^^^^^^^^^^^
..\.venv\Lib\site-packages\sqlalchemy\util\langhelpers.py:146: in __exit__
    raise exc_value.with_traceback(exc_tb)
..\.venv\Lib\site-packages\sqlalchemy\pool\impl.py:167: in _do_get
    return self._create_connection()
           ^^^^^^^^^^^^^^^^^^^^^^^^^
..\.venv\Lib\site-packages\sqlalchemy\pool\base.py:393: in _create_connection
    return _ConnectionRecord(self)
           ^^^^^^^^^^^^^^^^^^^^^^^
..\.venv\Lib\site-packages\sqlalchemy\pool\base.py:678: in __init__
    self.__connect()
..\.venv\Lib\site-packages\sqlalchemy\pool\base.py:902: in __connect
    with util.safe_reraise():
         ^^^^^^^^^^^^^^^^^^^
..\.venv\Lib\site-packages\sqlalchemy\util\langhelpers.py:146: in __exit__
    raise exc_value.with_traceback(exc_tb)
..\.venv\Lib\site-packages\sqlalchemy\pool\base.py:898: in __connect
    self.dbapi_connection = connection = pool._invoke_creator(self)
                                         ^^^^^^^^^^^^^^^^^^^^^^^^^^
..\.venv\Lib\site-packages\sqlalchemy\engine\create.py:645: in connect
    return dialect.connect(*cargs, **cparams)
           ^^^^^^^^^^^^^^^^^^^^^^^^^^^^^^^^^^
..\.venv\Lib\site-packages\sqlalchemy\engine\default.py:616: in connect
    return self.loaded_dbapi.connect(*cargs, **cparams)
           ^^^^^^^^^^^^^^^^^^^^^^^^^^^^^^^^^^^^^^^^^^^^
_ _ _ _ _ _ _ _ _ _ _ _ _ _ _ _ _ _ _ _ _ _ _ _ _ _ _ _ _ _ _ _ _ _ _ _ _ _ _ _

dsn = 'host=localhost dbname=budget_test user=test_user password=test_pass port=5433'
connection_factory = None, cursor_factory = None
kwargs = {'dbname': 'budget_test', 'host': 'localhost', 'password': 'test_pass', 'port': 5433, ...}
kwasync = {}

    def connect(dsn=None, connection_factory=None, cursor_factory=None, **kwargs):
        """
        Create a new database connection.
    
        The connection parameters can be specified as a string:
    
            conn = psycopg2.connect("dbname=test user=postgres password=secret")
    
        or using a set of keyword arguments:
    
            conn = psycopg2.connect(database="test", user="postgres", password="secret")
    
        Or as a mix of both. The basic connection parameters are:
    
        - *dbname*: the database name
        - *database*: the database name (only as keyword argument)
        - *user*: user name used to authenticate
        - *password*: password used to authenticate
        - *host*: database host address (defaults to UNIX socket if not provided)
        - *port*: connection port number (defaults to 5432 if not provided)
    
        Using the *connection_factory* parameter a different class or connections
        factory can be specified. It should be a callable object taking a dsn
        argument.
    
        Using the *cursor_factory* parameter, a new default cursor factory will be
        used by cursor().
    
        Using *async*=True an asynchronous connection will be created. *async_* is
        a valid alias (for Python versions where ``async`` is a keyword).
    
        Any other keyword parameter will be passed to the underlying client
        library: the list of supported parameters depends on the library version.
    
        """
        kwasync = {}
        if 'async' in kwargs:
            kwasync['async'] = kwargs.pop('async')
        if 'async_' in kwargs:
            kwasync['async_'] = kwargs.pop('async_')
    
        dsn = _ext.make_dsn(dsn, **kwargs)
&gt;       conn = _connect(dsn, connection_factory=connection_factory, **kwasync)
               ^^^^^^^^^^^^^^^^^^^^^^^^^^^^^^^^^^^^^^^^^^^^^^^^^^^^^^^^^^^^^^^
E       sqlalchemy.exc.OperationalError: (psycopg2.OperationalError) connection to server at "localhost" (::1), port 5433 failed: Connection refused (0x0000274D/10061)
E       	Is the server running on that host and accepting TCP/IP connections?
E       connection to server at "localhost" (127.0.0.1), port 5433 failed: Connection refused (0x0000274D/10061)
E       	Is the server running on that host and accepting TCP/IP connections?
E       
E       (Background on this error at: https://sqlalche.me/e/20/e3q8)

..\.venv\Lib\site-packages\psycopg2\__init__.py:122: OperationalError</error></testcase><testcase classname="tests.integration.test_db_failure_modes.TestDatabaseFailureModes" name="test_budget_create_gracefully_handles_transaction_failure" time="0.001"><error message="failed on setup with &quot;sqlalchemy.exc.OperationalError: (psycopg2.OperationalError) connection to server at &quot;localhost&quot; (::1), port 5433 failed: Connection refused (0x0000274D/10061)&#10;&#09;Is the server running on that host and accepting TCP/IP connections?&#10;connection to server at &quot;localhost&quot; (127.0.0.1), port 5433 failed: Connection refused (0x0000274D/10061)&#10;&#09;Is the server running on that host and accepting TCP/IP connections?&#10;&#10;(Background on this error at: https://sqlalche.me/e/20/e3q8)&quot;">self = &lt;sqlalchemy.engine.base.Connection object at 0x000001F509F8E960&gt;
engine = Engine(postgresql://test_user:***@localhost:5433/budget_test)
connection = None, _has_events = None, _allow_revalidate = True
_allow_autobegin = True

    def __init__(
        self,
        engine: Engine,
        connection: Optional[PoolProxiedConnection] = None,
        _has_events: Optional[bool] = None,
        _allow_revalidate: bool = True,
        _allow_autobegin: bool = True,
    ):
        """Construct a new Connection."""
        self.engine = engine
        self.dialect = dialect = engine.dialect
    
        if connection is None:
            try:
&gt;               self._dbapi_connection = engine.raw_connection()
                                         ^^^^^^^^^^^^^^^^^^^^^^^

..\.venv\Lib\site-packages\sqlalchemy\engine\base.py:145: 
_ _ _ _ _ _ _ _ _ _ _ _ _ _ _ _ _ _ _ _ _ _ _ _ _ _ _ _ _ _ _ _ _ _ _ _ _ _ _ _
..\.venv\Lib\site-packages\sqlalchemy\engine\base.py:3293: in raw_connection
    return self.pool.connect()
           ^^^^^^^^^^^^^^^^^^^
..\.venv\Lib\site-packages\sqlalchemy\pool\base.py:452: in connect
    return _ConnectionFairy._checkout(self)
           ^^^^^^^^^^^^^^^^^^^^^^^^^^^^^^^^
..\.venv\Lib\site-packages\sqlalchemy\pool\base.py:1269: in _checkout
    fairy = _ConnectionRecord.checkout(pool)
            ^^^^^^^^^^^^^^^^^^^^^^^^^^^^^^^^
..\.venv\Lib\site-packages\sqlalchemy\pool\base.py:716: in checkout
    rec = pool._do_get()
          ^^^^^^^^^^^^^^
..\.venv\Lib\site-packages\sqlalchemy\pool\impl.py:169: in _do_get
    with util.safe_reraise():
         ^^^^^^^^^^^^^^^^^^^
..\.venv\Lib\site-packages\sqlalchemy\util\langhelpers.py:146: in __exit__
    raise exc_value.with_traceback(exc_tb)
..\.venv\Lib\site-packages\sqlalchemy\pool\impl.py:167: in _do_get
    return self._create_connection()
           ^^^^^^^^^^^^^^^^^^^^^^^^^
..\.venv\Lib\site-packages\sqlalchemy\pool\base.py:393: in _create_connection
    return _ConnectionRecord(self)
           ^^^^^^^^^^^^^^^^^^^^^^^
..\.venv\Lib\site-packages\sqlalchemy\pool\base.py:678: in __init__
    self.__connect()
..\.venv\Lib\site-packages\sqlalchemy\pool\base.py:902: in __connect
    with util.safe_reraise():
         ^^^^^^^^^^^^^^^^^^^
..\.venv\Lib\site-packages\sqlalchemy\util\langhelpers.py:146: in __exit__
    raise exc_value.with_traceback(exc_tb)
..\.venv\Lib\site-packages\sqlalchemy\pool\base.py:898: in __connect
    self.dbapi_connection = connection = pool._invoke_creator(self)
                                         ^^^^^^^^^^^^^^^^^^^^^^^^^^
..\.venv\Lib\site-packages\sqlalchemy\engine\create.py:645: in connect
    return dialect.connect(*cargs, **cparams)
           ^^^^^^^^^^^^^^^^^^^^^^^^^^^^^^^^^^
..\.venv\Lib\site-packages\sqlalchemy\engine\default.py:616: in connect
    return self.loaded_dbapi.connect(*cargs, **cparams)
           ^^^^^^^^^^^^^^^^^^^^^^^^^^^^^^^^^^^^^^^^^^^^
_ _ _ _ _ _ _ _ _ _ _ _ _ _ _ _ _ _ _ _ _ _ _ _ _ _ _ _ _ _ _ _ _ _ _ _ _ _ _ _

dsn = 'host=localhost dbname=budget_test user=test_user password=test_pass port=5433'
connection_factory = None, cursor_factory = None
kwargs = {'dbname': 'budget_test', 'host': 'localhost', 'password': 'test_pass', 'port': 5433, ...}
kwasync = {}

    def connect(dsn=None, connection_factory=None, cursor_factory=None, **kwargs):
        """
        Create a new database connection.
    
        The connection parameters can be specified as a string:
    
            conn = psycopg2.connect("dbname=test user=postgres password=secret")
    
        or using a set of keyword arguments:
    
            conn = psycopg2.connect(database="test", user="postgres", password="secret")
    
        Or as a mix of both. The basic connection parameters are:
    
        - *dbname*: the database name
        - *database*: the database name (only as keyword argument)
        - *user*: user name used to authenticate
        - *password*: password used to authenticate
        - *host*: database host address (defaults to UNIX socket if not provided)
        - *port*: connection port number (defaults to 5432 if not provided)
    
        Using the *connection_factory* parameter a different class or connections
        factory can be specified. It should be a callable object taking a dsn
        argument.
    
        Using the *cursor_factory* parameter, a new default cursor factory will be
        used by cursor().
    
        Using *async*=True an asynchronous connection will be created. *async_* is
        a valid alias (for Python versions where ``async`` is a keyword).
    
        Any other keyword parameter will be passed to the underlying client
        library: the list of supported parameters depends on the library version.
    
        """
        kwasync = {}
        if 'async' in kwargs:
            kwasync['async'] = kwargs.pop('async')
        if 'async_' in kwargs:
            kwasync['async_'] = kwargs.pop('async_')
    
        dsn = _ext.make_dsn(dsn, **kwargs)
&gt;       conn = _connect(dsn, connection_factory=connection_factory, **kwasync)
               ^^^^^^^^^^^^^^^^^^^^^^^^^^^^^^^^^^^^^^^^^^^^^^^^^^^^^^^^^^^^^^^
E       psycopg2.OperationalError: connection to server at "localhost" (::1), port 5433 failed: Connection refused (0x0000274D/10061)
E       	Is the server running on that host and accepting TCP/IP connections?
E       connection to server at "localhost" (127.0.0.1), port 5433 failed: Connection refused (0x0000274D/10061)
E       	Is the server running on that host and accepting TCP/IP connections?

..\.venv\Lib\site-packages\psycopg2\__init__.py:122: OperationalError

The above exception was the direct cause of the following exception:

    @pytest.fixture(scope="session", autouse=True)
    def create_tables():
        """Drop and recreate all tables once per test session."""
&gt;       Base.metadata.drop_all(bind=_engine)

tests\integration\conftest.py:89: 
_ _ _ _ _ _ _ _ _ _ _ _ _ _ _ _ _ _ _ _ _ _ _ _ _ _ _ _ _ _ _ _ _ _ _ _ _ _ _ _
..\.venv\Lib\site-packages\sqlalchemy\sql\schema.py:5860: in drop_all
    bind._run_ddl_visitor(
..\.venv\Lib\site-packages\sqlalchemy\engine\base.py:3243: in _run_ddl_visitor
    with self.begin() as conn:
         ^^^^^^^^^^^^
C:\Users\monke\AppData\Local\Programs\Python\Python312\Lib\contextlib.py:137: in __enter__
    return next(self.gen)
           ^^^^^^^^^^^^^^
..\.venv\Lib\site-packages\sqlalchemy\engine\base.py:3233: in begin
    with self.connect() as conn:
         ^^^^^^^^^^^^^^
..\.venv\Lib\site-packages\sqlalchemy\engine\base.py:3269: in connect
    return self._connection_cls(self)
           ^^^^^^^^^^^^^^^^^^^^^^^^^^
..\.venv\Lib\site-packages\sqlalchemy\engine\base.py:147: in __init__
    Connection._handle_dbapi_exception_noconnection(
..\.venv\Lib\site-packages\sqlalchemy\engine\base.py:2431: in _handle_dbapi_exception_noconnection
    raise sqlalchemy_exception.with_traceback(exc_info[2]) from e
..\.venv\Lib\site-packages\sqlalchemy\engine\base.py:145: in __init__
    self._dbapi_connection = engine.raw_connection()
                             ^^^^^^^^^^^^^^^^^^^^^^^
..\.venv\Lib\site-packages\sqlalchemy\engine\base.py:3293: in raw_connection
    return self.pool.connect()
           ^^^^^^^^^^^^^^^^^^^
..\.venv\Lib\site-packages\sqlalchemy\pool\base.py:452: in connect
    return _ConnectionFairy._checkout(self)
           ^^^^^^^^^^^^^^^^^^^^^^^^^^^^^^^^
..\.venv\Lib\site-packages\sqlalchemy\pool\base.py:1269: in _checkout
    fairy = _ConnectionRecord.checkout(pool)
            ^^^^^^^^^^^^^^^^^^^^^^^^^^^^^^^^
..\.venv\Lib\site-packages\sqlalchemy\pool\base.py:716: in checkout
    rec = pool._do_get()
          ^^^^^^^^^^^^^^
..\.venv\Lib\site-packages\sqlalchemy\pool\impl.py:169: in _do_get
    with util.safe_reraise():
         ^^^^^^^^^^^^^^^^^^^
..\.venv\Lib\site-packages\sqlalchemy\util\langhelpers.py:146: in __exit__
    raise exc_value.with_traceback(exc_tb)
..\.venv\Lib\site-packages\sqlalchemy\pool\impl.py:167: in _do_get
    return self._create_connection()
           ^^^^^^^^^^^^^^^^^^^^^^^^^
..\.venv\Lib\site-packages\sqlalchemy\pool\base.py:393: in _create_connection
    return _ConnectionRecord(self)
           ^^^^^^^^^^^^^^^^^^^^^^^
..\.venv\Lib\site-packages\sqlalchemy\pool\base.py:678: in __init__
    self.__connect()
..\.venv\Lib\site-packages\sqlalchemy\pool\base.py:902: in __connect
    with util.safe_reraise():
         ^^^^^^^^^^^^^^^^^^^
..\.venv\Lib\site-packages\sqlalchemy\util\langhelpers.py:146: in __exit__
    raise exc_value.with_traceback(exc_tb)
..\.venv\Lib\site-packages\sqlalchemy\pool\base.py:898: in __connect
    self.dbapi_connection = connection = pool._invoke_creator(self)
                                         ^^^^^^^^^^^^^^^^^^^^^^^^^^
..\.venv\Lib\site-packages\sqlalchemy\engine\create.py:645: in connect
    return dialect.connect(*cargs, **cparams)
           ^^^^^^^^^^^^^^^^^^^^^^^^^^^^^^^^^^
..\.venv\Lib\site-packages\sqlalchemy\engine\default.py:616: in connect
    return self.loaded_dbapi.connect(*cargs, **cparams)
           ^^^^^^^^^^^^^^^^^^^^^^^^^^^^^^^^^^^^^^^^^^^^
_ _ _ _ _ _ _ _ _ _ _ _ _ _ _ _ _ _ _ _ _ _ _ _ _ _ _ _ _ _ _ _ _ _ _ _ _ _ _ _

dsn = 'host=localhost dbname=budget_test user=test_user password=test_pass port=5433'
connection_factory = None, cursor_factory = None
kwargs = {'dbname': 'budget_test', 'host': 'localhost', 'password': 'test_pass', 'port': 5433, ...}
kwasync = {}

    def connect(dsn=None, connection_factory=None, cursor_factory=None, **kwargs):
        """
        Create a new database connection.
    
        The connection parameters can be specified as a string:
    
            conn = psycopg2.connect("dbname=test user=postgres password=secret")
    
        or using a set of keyword arguments:
    
            conn = psycopg2.connect(database="test", user="postgres", password="secret")
    
        Or as a mix of both. The basic connection parameters are:
    
        - *dbname*: the database name
        - *database*: the database name (only as keyword argument)
        - *user*: user name used to authenticate
        - *password*: password used to authenticate
        - *host*: database host address (defaults to UNIX socket if not provided)
        - *port*: connection port number (defaults to 5432 if not provided)
    
        Using the *connection_factory* parameter a different class or connections
        factory can be specified. It should be a callable object taking a dsn
        argument.
    
        Using the *cursor_factory* parameter, a new default cursor factory will be
        used by cursor().
    
        Using *async*=True an asynchronous connection will be created. *async_* is
        a valid alias (for Python versions where ``async`` is a keyword).
    
        Any other keyword parameter will be passed to the underlying client
        library: the list of supported parameters depends on the library version.
    
        """
        kwasync = {}
        if 'async' in kwargs:
            kwasync['async'] = kwargs.pop('async')
        if 'async_' in kwargs:
            kwasync['async_'] = kwargs.pop('async_')
    
        dsn = _ext.make_dsn(dsn, **kwargs)
&gt;       conn = _connect(dsn, connection_factory=connection_factory, **kwasync)
               ^^^^^^^^^^^^^^^^^^^^^^^^^^^^^^^^^^^^^^^^^^^^^^^^^^^^^^^^^^^^^^^
E       sqlalchemy.exc.OperationalError: (psycopg2.OperationalError) connection to server at "localhost" (::1), port 5433 failed: Connection refused (0x0000274D/10061)
E       	Is the server running on that host and accepting TCP/IP connections?
E       connection to server at "localhost" (127.0.0.1), port 5433 failed: Connection refused (0x0000274D/10061)
E       	Is the server running on that host and accepting TCP/IP connections?
E       
E       (Background on this error at: https://sqlalche.me/e/20/e3q8)

..\.venv\Lib\site-packages\psycopg2\__init__.py:122: OperationalError</error></testcase><testcase classname="tests.integration.test_e2e_budget_flow" name="test_e2e_budget_flow" time="0.001"><error message="failed on setup with &quot;sqlalchemy.exc.OperationalError: (psycopg2.OperationalError) connection to server at &quot;localhost&quot; (::1), port 5433 failed: Connection refused (0x0000274D/10061)&#10;&#09;Is the server running on that host and accepting TCP/IP connections?&#10;connection to server at &quot;localhost&quot; (127.0.0.1), port 5433 failed: Connection refused (0x0000274D/10061)&#10;&#09;Is the server running on that host and accepting TCP/IP connections?&#10;&#10;(Background on this error at: https://sqlalche.me/e/20/e3q8)&quot;">self = &lt;sqlalchemy.engine.base.Connection object at 0x000001F509F8E960&gt;
engine = Engine(postgresql://test_user:***@localhost:5433/budget_test)
connection = None, _has_events = None, _allow_revalidate = True
_allow_autobegin = True

    def __init__(
        self,
        engine: Engine,
        connection: Optional[PoolProxiedConnection] = None,
        _has_events: Optional[bool] = None,
        _allow_revalidate: bool = True,
        _allow_autobegin: bool = True,
    ):
        """Construct a new Connection."""
        self.engine = engine
        self.dialect = dialect = engine.dialect
    
        if connection is None:
            try:
&gt;               self._dbapi_connection = engine.raw_connection()
                                         ^^^^^^^^^^^^^^^^^^^^^^^

..\.venv\Lib\site-packages\sqlalchemy\engine\base.py:145: 
_ _ _ _ _ _ _ _ _ _ _ _ _ _ _ _ _ _ _ _ _ _ _ _ _ _ _ _ _ _ _ _ _ _ _ _ _ _ _ _
..\.venv\Lib\site-packages\sqlalchemy\engine\base.py:3293: in raw_connection
    return self.pool.connect()
           ^^^^^^^^^^^^^^^^^^^
..\.venv\Lib\site-packages\sqlalchemy\pool\base.py:452: in connect
    return _ConnectionFairy._checkout(self)
           ^^^^^^^^^^^^^^^^^^^^^^^^^^^^^^^^
..\.venv\Lib\site-packages\sqlalchemy\pool\base.py:1269: in _checkout
    fairy = _ConnectionRecord.checkout(pool)
            ^^^^^^^^^^^^^^^^^^^^^^^^^^^^^^^^
..\.venv\Lib\site-packages\sqlalchemy\pool\base.py:716: in checkout
    rec = pool._do_get()
          ^^^^^^^^^^^^^^
..\.venv\Lib\site-packages\sqlalchemy\pool\impl.py:169: in _do_get
    with util.safe_reraise():
         ^^^^^^^^^^^^^^^^^^^
..\.venv\Lib\site-packages\sqlalchemy\util\langhelpers.py:146: in __exit__
    raise exc_value.with_traceback(exc_tb)
..\.venv\Lib\site-packages\sqlalchemy\pool\impl.py:167: in _do_get
    return self._create_connection()
           ^^^^^^^^^^^^^^^^^^^^^^^^^
..\.venv\Lib\site-packages\sqlalchemy\pool\base.py:393: in _create_connection
    return _ConnectionRecord(self)
           ^^^^^^^^^^^^^^^^^^^^^^^
..\.venv\Lib\site-packages\sqlalchemy\pool\base.py:678: in __init__
    self.__connect()
..\.venv\Lib\site-packages\sqlalchemy\pool\base.py:902: in __connect
    with util.safe_reraise():
         ^^^^^^^^^^^^^^^^^^^
..\.venv\Lib\site-packages\sqlalchemy\util\langhelpers.py:146: in __exit__
    raise exc_value.with_traceback(exc_tb)
..\.venv\Lib\site-packages\sqlalchemy\pool\base.py:898: in __connect
    self.dbapi_connection = connection = pool._invoke_creator(self)
                                         ^^^^^^^^^^^^^^^^^^^^^^^^^^
..\.venv\Lib\site-packages\sqlalchemy\engine\create.py:645: in connect
    return dialect.connect(*cargs, **cparams)
           ^^^^^^^^^^^^^^^^^^^^^^^^^^^^^^^^^^
..\.venv\Lib\site-packages\sqlalchemy\engine\default.py:616: in connect
    return self.loaded_dbapi.connect(*cargs, **cparams)
           ^^^^^^^^^^^^^^^^^^^^^^^^^^^^^^^^^^^^^^^^^^^^
_ _ _ _ _ _ _ _ _ _ _ _ _ _ _ _ _ _ _ _ _ _ _ _ _ _ _ _ _ _ _ _ _ _ _ _ _ _ _ _

dsn = 'host=localhost dbname=budget_test user=test_user password=test_pass port=5433'
connection_factory = None, cursor_factory = None
kwargs = {'dbname': 'budget_test', 'host': 'localhost', 'password': 'test_pass', 'port': 5433, ...}
kwasync = {}

    def connect(dsn=None, connection_factory=None, cursor_factory=None, **kwargs):
        """
        Create a new database connection.
    
        The connection parameters can be specified as a string:
    
            conn = psycopg2.connect("dbname=test user=postgres password=secret")
    
        or using a set of keyword arguments:
    
            conn = psycopg2.connect(database="test", user="postgres", password="secret")
    
        Or as a mix of both. The basic connection parameters are:
    
        - *dbname*: the database name
        - *database*: the database name (only as keyword argument)
        - *user*: user name used to authenticate
        - *password*: password used to authenticate
        - *host*: database host address (defaults to UNIX socket if not provided)
        - *port*: connection port number (defaults to 5432 if not provided)
    
        Using the *connection_factory* parameter a different class or connections
        factory can be specified. It should be a callable object taking a dsn
        argument.
    
        Using the *cursor_factory* parameter, a new default cursor factory will be
        used by cursor().
    
        Using *async*=True an asynchronous connection will be created. *async_* is
        a valid alias (for Python versions where ``async`` is a keyword).
    
        Any other keyword parameter will be passed to the underlying client
        library: the list of supported parameters depends on the library version.
    
        """
        kwasync = {}
        if 'async' in kwargs:
            kwasync['async'] = kwargs.pop('async')
        if 'async_' in kwargs:
            kwasync['async_'] = kwargs.pop('async_')
    
        dsn = _ext.make_dsn(dsn, **kwargs)
&gt;       conn = _connect(dsn, connection_factory=connection_factory, **kwasync)
               ^^^^^^^^^^^^^^^^^^^^^^^^^^^^^^^^^^^^^^^^^^^^^^^^^^^^^^^^^^^^^^^
E       psycopg2.OperationalError: connection to server at "localhost" (::1), port 5433 failed: Connection refused (0x0000274D/10061)
E       	Is the server running on that host and accepting TCP/IP connections?
E       connection to server at "localhost" (127.0.0.1), port 5433 failed: Connection refused (0x0000274D/10061)
E       	Is the server running on that host and accepting TCP/IP connections?

..\.venv\Lib\site-packages\psycopg2\__init__.py:122: OperationalError

The above exception was the direct cause of the following exception:

    @pytest.fixture(scope="session", autouse=True)
    def create_tables():
        """Drop and recreate all tables once per test session."""
&gt;       Base.metadata.drop_all(bind=_engine)

tests\integration\conftest.py:89: 
_ _ _ _ _ _ _ _ _ _ _ _ _ _ _ _ _ _ _ _ _ _ _ _ _ _ _ _ _ _ _ _ _ _ _ _ _ _ _ _
..\.venv\Lib\site-packages\sqlalchemy\sql\schema.py:5860: in drop_all
    bind._run_ddl_visitor(
..\.venv\Lib\site-packages\sqlalchemy\engine\base.py:3243: in _run_ddl_visitor
    with self.begin() as conn:
         ^^^^^^^^^^^^
C:\Users\monke\AppData\Local\Programs\Python\Python312\Lib\contextlib.py:137: in __enter__
    return next(self.gen)
           ^^^^^^^^^^^^^^
..\.venv\Lib\site-packages\sqlalchemy\engine\base.py:3233: in begin
    with self.connect() as conn:
         ^^^^^^^^^^^^^^
..\.venv\Lib\site-packages\sqlalchemy\engine\base.py:3269: in connect
    return self._connection_cls(self)
           ^^^^^^^^^^^^^^^^^^^^^^^^^^
..\.venv\Lib\site-packages\sqlalchemy\engine\base.py:147: in __init__
    Connection._handle_dbapi_exception_noconnection(
..\.venv\Lib\site-packages\sqlalchemy\engine\base.py:2431: in _handle_dbapi_exception_noconnection
    raise sqlalchemy_exception.with_traceback(exc_info[2]) from e
..\.venv\Lib\site-packages\sqlalchemy\engine\base.py:145: in __init__
    self._dbapi_connection = engine.raw_connection()
                             ^^^^^^^^^^^^^^^^^^^^^^^
..\.venv\Lib\site-packages\sqlalchemy\engine\base.py:3293: in raw_connection
    return self.pool.connect()
           ^^^^^^^^^^^^^^^^^^^
..\.venv\Lib\site-packages\sqlalchemy\pool\base.py:452: in connect
    return _ConnectionFairy._checkout(self)
           ^^^^^^^^^^^^^^^^^^^^^^^^^^^^^^^^
..\.venv\Lib\site-packages\sqlalchemy\pool\base.py:1269: in _checkout
    fairy = _ConnectionRecord.checkout(pool)
            ^^^^^^^^^^^^^^^^^^^^^^^^^^^^^^^^
..\.venv\Lib\site-packages\sqlalchemy\pool\base.py:716: in checkout
    rec = pool._do_get()
          ^^^^^^^^^^^^^^
..\.venv\Lib\site-packages\sqlalchemy\pool\impl.py:169: in _do_get
    with util.safe_reraise():
         ^^^^^^^^^^^^^^^^^^^
..\.venv\Lib\site-packages\sqlalchemy\util\langhelpers.py:146: in __exit__
    raise exc_value.with_traceback(exc_tb)
..\.venv\Lib\site-packages\sqlalchemy\pool\impl.py:167: in _do_get
    return self._create_connection()
           ^^^^^^^^^^^^^^^^^^^^^^^^^
..\.venv\Lib\site-packages\sqlalchemy\pool\base.py:393: in _create_connection
    return _ConnectionRecord(self)
           ^^^^^^^^^^^^^^^^^^^^^^^
..\.venv\Lib\site-packages\sqlalchemy\pool\base.py:678: in __init__
    self.__connect()
..\.venv\Lib\site-packages\sqlalchemy\pool\base.py:902: in __connect
    with util.safe_reraise():
         ^^^^^^^^^^^^^^^^^^^
..\.venv\Lib\site-packages\sqlalchemy\util\langhelpers.py:146: in __exit__
    raise exc_value.with_traceback(exc_tb)
..\.venv\Lib\site-packages\sqlalchemy\pool\base.py:898: in __connect
    self.dbapi_connection = connection = pool._invoke_creator(self)
                                         ^^^^^^^^^^^^^^^^^^^^^^^^^^
..\.venv\Lib\site-packages\sqlalchemy\engine\create.py:645: in connect
    return dialect.connect(*cargs, **cparams)
           ^^^^^^^^^^^^^^^^^^^^^^^^^^^^^^^^^^
..\.venv\Lib\site-packages\sqlalchemy\engine\default.py:616: in connect
    return self.loaded_dbapi.connect(*cargs, **cparams)
           ^^^^^^^^^^^^^^^^^^^^^^^^^^^^^^^^^^^^^^^^^^^^
_ _ _ _ _ _ _ _ _ _ _ _ _ _ _ _ _ _ _ _ _ _ _ _ _ _ _ _ _ _ _ _ _ _ _ _ _ _ _ _

dsn = 'host=localhost dbname=budget_test user=test_user password=test_pass port=5433'
connection_factory = None, cursor_factory = None
kwargs = {'dbname': 'budget_test', 'host': 'localhost', 'password': 'test_pass', 'port': 5433, ...}
kwasync = {}

    def connect(dsn=None, connection_factory=None, cursor_factory=None, **kwargs):
        """
        Create a new database connection.
    
        The connection parameters can be specified as a string:
    
            conn = psycopg2.connect("dbname=test user=postgres password=secret")
    
        or using a set of keyword arguments:
    
            conn = psycopg2.connect(database="test", user="postgres", password="secret")
    
        Or as a mix of both. The basic connection parameters are:
    
        - *dbname*: the database name
        - *database*: the database name (only as keyword argument)
        - *user*: user name used to authenticate
        - *password*: password used to authenticate
        - *host*: database host address (defaults to UNIX socket if not provided)
        - *port*: connection port number (defaults to 5432 if not provided)
    
        Using the *connection_factory* parameter a different class or connections
        factory can be specified. It should be a callable object taking a dsn
        argument.
    
        Using the *cursor_factory* parameter, a new default cursor factory will be
        used by cursor().
    
        Using *async*=True an asynchronous connection will be created. *async_* is
        a valid alias (for Python versions where ``async`` is a keyword).
    
        Any other keyword parameter will be passed to the underlying client
        library: the list of supported parameters depends on the library version.
    
        """
        kwasync = {}
        if 'async' in kwargs:
            kwasync['async'] = kwargs.pop('async')
        if 'async_' in kwargs:
            kwasync['async_'] = kwargs.pop('async_')
    
        dsn = _ext.make_dsn(dsn, **kwargs)
&gt;       conn = _connect(dsn, connection_factory=connection_factory, **kwasync)
               ^^^^^^^^^^^^^^^^^^^^^^^^^^^^^^^^^^^^^^^^^^^^^^^^^^^^^^^^^^^^^^^
E       sqlalchemy.exc.OperationalError: (psycopg2.OperationalError) connection to server at "localhost" (::1), port 5433 failed: Connection refused (0x0000274D/10061)
E       	Is the server running on that host and accepting TCP/IP connections?
E       connection to server at "localhost" (127.0.0.1), port 5433 failed: Connection refused (0x0000274D/10061)
E       	Is the server running on that host and accepting TCP/IP connections?
E       
E       (Background on this error at: https://sqlalche.me/e/20/e3q8)

..\.venv\Lib\site-packages\psycopg2\__init__.py:122: OperationalError</error></testcase><testcase classname="tests.integration.test_integration_auth_lockout.TestDBBackedLockout" name="test_first_failure_creates_db_row" time="0.001"><error message="failed on setup with &quot;sqlalchemy.exc.OperationalError: (psycopg2.OperationalError) connection to server at &quot;localhost&quot; (::1), port 5433 failed: Connection refused (0x0000274D/10061)&#10;&#09;Is the server running on that host and accepting TCP/IP connections?&#10;connection to server at &quot;localhost&quot; (127.0.0.1), port 5433 failed: Connection refused (0x0000274D/10061)&#10;&#09;Is the server running on that host and accepting TCP/IP connections?&#10;&#10;(Background on this error at: https://sqlalche.me/e/20/e3q8)&quot;">self = &lt;sqlalchemy.engine.base.Connection object at 0x000001F509F8E960&gt;
engine = Engine(postgresql://test_user:***@localhost:5433/budget_test)
connection = None, _has_events = None, _allow_revalidate = True
_allow_autobegin = True

    def __init__(
        self,
        engine: Engine,
        connection: Optional[PoolProxiedConnection] = None,
        _has_events: Optional[bool] = None,
        _allow_revalidate: bool = True,
        _allow_autobegin: bool = True,
    ):
        """Construct a new Connection."""
        self.engine = engine
        self.dialect = dialect = engine.dialect
    
        if connection is None:
            try:
&gt;               self._dbapi_connection = engine.raw_connection()
                                         ^^^^^^^^^^^^^^^^^^^^^^^

..\.venv\Lib\site-packages\sqlalchemy\engine\base.py:145: 
_ _ _ _ _ _ _ _ _ _ _ _ _ _ _ _ _ _ _ _ _ _ _ _ _ _ _ _ _ _ _ _ _ _ _ _ _ _ _ _
..\.venv\Lib\site-packages\sqlalchemy\engine\base.py:3293: in raw_connection
    return self.pool.connect()
           ^^^^^^^^^^^^^^^^^^^
..\.venv\Lib\site-packages\sqlalchemy\pool\base.py:452: in connect
    return _ConnectionFairy._checkout(self)
           ^^^^^^^^^^^^^^^^^^^^^^^^^^^^^^^^
..\.venv\Lib\site-packages\sqlalchemy\pool\base.py:1269: in _checkout
    fairy = _ConnectionRecord.checkout(pool)
            ^^^^^^^^^^^^^^^^^^^^^^^^^^^^^^^^
..\.venv\Lib\site-packages\sqlalchemy\pool\base.py:716: in checkout
    rec = pool._do_get()
          ^^^^^^^^^^^^^^
..\.venv\Lib\site-packages\sqlalchemy\pool\impl.py:169: in _do_get
    with util.safe_reraise():
         ^^^^^^^^^^^^^^^^^^^
..\.venv\Lib\site-packages\sqlalchemy\util\langhelpers.py:146: in __exit__
    raise exc_value.with_traceback(exc_tb)
..\.venv\Lib\site-packages\sqlalchemy\pool\impl.py:167: in _do_get
    return self._create_connection()
           ^^^^^^^^^^^^^^^^^^^^^^^^^
..\.venv\Lib\site-packages\sqlalchemy\pool\base.py:393: in _create_connection
    return _ConnectionRecord(self)
           ^^^^^^^^^^^^^^^^^^^^^^^
..\.venv\Lib\site-packages\sqlalchemy\pool\base.py:678: in __init__
    self.__connect()
..\.venv\Lib\site-packages\sqlalchemy\pool\base.py:902: in __connect
    with util.safe_reraise():
         ^^^^^^^^^^^^^^^^^^^
..\.venv\Lib\site-packages\sqlalchemy\util\langhelpers.py:146: in __exit__
    raise exc_value.with_traceback(exc_tb)
..\.venv\Lib\site-packages\sqlalchemy\pool\base.py:898: in __connect
    self.dbapi_connection = connection = pool._invoke_creator(self)
                                         ^^^^^^^^^^^^^^^^^^^^^^^^^^
..\.venv\Lib\site-packages\sqlalchemy\engine\create.py:645: in connect
    return dialect.connect(*cargs, **cparams)
           ^^^^^^^^^^^^^^^^^^^^^^^^^^^^^^^^^^
..\.venv\Lib\site-packages\sqlalchemy\engine\default.py:616: in connect
    return self.loaded_dbapi.connect(*cargs, **cparams)
           ^^^^^^^^^^^^^^^^^^^^^^^^^^^^^^^^^^^^^^^^^^^^
_ _ _ _ _ _ _ _ _ _ _ _ _ _ _ _ _ _ _ _ _ _ _ _ _ _ _ _ _ _ _ _ _ _ _ _ _ _ _ _

dsn = 'host=localhost dbname=budget_test user=test_user password=test_pass port=5433'
connection_factory = None, cursor_factory = None
kwargs = {'dbname': 'budget_test', 'host': 'localhost', 'password': 'test_pass', 'port': 5433, ...}
kwasync = {}

    def connect(dsn=None, connection_factory=None, cursor_factory=None, **kwargs):
        """
        Create a new database connection.
    
        The connection parameters can be specified as a string:
    
            conn = psycopg2.connect("dbname=test user=postgres password=secret")
    
        or using a set of keyword arguments:
    
            conn = psycopg2.connect(database="test", user="postgres", password="secret")
    
        Or as a mix of both. The basic connection parameters are:
    
        - *dbname*: the database name
        - *database*: the database name (only as keyword argument)
        - *user*: user name used to authenticate
        - *password*: password used to authenticate
        - *host*: database host address (defaults to UNIX socket if not provided)
        - *port*: connection port number (defaults to 5432 if not provided)
    
        Using the *connection_factory* parameter a different class or connections
        factory can be specified. It should be a callable object taking a dsn
        argument.
    
        Using the *cursor_factory* parameter, a new default cursor factory will be
        used by cursor().
    
        Using *async*=True an asynchronous connection will be created. *async_* is
        a valid alias (for Python versions where ``async`` is a keyword).
    
        Any other keyword parameter will be passed to the underlying client
        library: the list of supported parameters depends on the library version.
    
        """
        kwasync = {}
        if 'async' in kwargs:
            kwasync['async'] = kwargs.pop('async')
        if 'async_' in kwargs:
            kwasync['async_'] = kwargs.pop('async_')
    
        dsn = _ext.make_dsn(dsn, **kwargs)
&gt;       conn = _connect(dsn, connection_factory=connection_factory, **kwasync)
               ^^^^^^^^^^^^^^^^^^^^^^^^^^^^^^^^^^^^^^^^^^^^^^^^^^^^^^^^^^^^^^^
E       psycopg2.OperationalError: connection to server at "localhost" (::1), port 5433 failed: Connection refused (0x0000274D/10061)
E       	Is the server running on that host and accepting TCP/IP connections?
E       connection to server at "localhost" (127.0.0.1), port 5433 failed: Connection refused (0x0000274D/10061)
E       	Is the server running on that host and accepting TCP/IP connections?

..\.venv\Lib\site-packages\psycopg2\__init__.py:122: OperationalError

The above exception was the direct cause of the following exception:

    @pytest.fixture(scope="session", autouse=True)
    def create_tables():
        """Drop and recreate all tables once per test session."""
&gt;       Base.metadata.drop_all(bind=_engine)

tests\integration\conftest.py:89: 
_ _ _ _ _ _ _ _ _ _ _ _ _ _ _ _ _ _ _ _ _ _ _ _ _ _ _ _ _ _ _ _ _ _ _ _ _ _ _ _
..\.venv\Lib\site-packages\sqlalchemy\sql\schema.py:5860: in drop_all
    bind._run_ddl_visitor(
..\.venv\Lib\site-packages\sqlalchemy\engine\base.py:3243: in _run_ddl_visitor
    with self.begin() as conn:
         ^^^^^^^^^^^^
C:\Users\monke\AppData\Local\Programs\Python\Python312\Lib\contextlib.py:137: in __enter__
    return next(self.gen)
           ^^^^^^^^^^^^^^
..\.venv\Lib\site-packages\sqlalchemy\engine\base.py:3233: in begin
    with self.connect() as conn:
         ^^^^^^^^^^^^^^
..\.venv\Lib\site-packages\sqlalchemy\engine\base.py:3269: in connect
    return self._connection_cls(self)
           ^^^^^^^^^^^^^^^^^^^^^^^^^^
..\.venv\Lib\site-packages\sqlalchemy\engine\base.py:147: in __init__
    Connection._handle_dbapi_exception_noconnection(
..\.venv\Lib\site-packages\sqlalchemy\engine\base.py:2431: in _handle_dbapi_exception_noconnection
    raise sqlalchemy_exception.with_traceback(exc_info[2]) from e
..\.venv\Lib\site-packages\sqlalchemy\engine\base.py:145: in __init__
    self._dbapi_connection = engine.raw_connection()
                             ^^^^^^^^^^^^^^^^^^^^^^^
..\.venv\Lib\site-packages\sqlalchemy\engine\base.py:3293: in raw_connection
    return self.pool.connect()
           ^^^^^^^^^^^^^^^^^^^
..\.venv\Lib\site-packages\sqlalchemy\pool\base.py:452: in connect
    return _ConnectionFairy._checkout(self)
           ^^^^^^^^^^^^^^^^^^^^^^^^^^^^^^^^
..\.venv\Lib\site-packages\sqlalchemy\pool\base.py:1269: in _checkout
    fairy = _ConnectionRecord.checkout(pool)
            ^^^^^^^^^^^^^^^^^^^^^^^^^^^^^^^^
..\.venv\Lib\site-packages\sqlalchemy\pool\base.py:716: in checkout
    rec = pool._do_get()
          ^^^^^^^^^^^^^^
..\.venv\Lib\site-packages\sqlalchemy\pool\impl.py:169: in _do_get
    with util.safe_reraise():
         ^^^^^^^^^^^^^^^^^^^
..\.venv\Lib\site-packages\sqlalchemy\util\langhelpers.py:146: in __exit__
    raise exc_value.with_traceback(exc_tb)
..\.venv\Lib\site-packages\sqlalchemy\pool\impl.py:167: in _do_get
    return self._create_connection()
           ^^^^^^^^^^^^^^^^^^^^^^^^^
..\.venv\Lib\site-packages\sqlalchemy\pool\base.py:393: in _create_connection
    return _ConnectionRecord(self)
           ^^^^^^^^^^^^^^^^^^^^^^^
..\.venv\Lib\site-packages\sqlalchemy\pool\base.py:678: in __init__
    self.__connect()
..\.venv\Lib\site-packages\sqlalchemy\pool\base.py:902: in __connect
    with util.safe_reraise():
         ^^^^^^^^^^^^^^^^^^^
..\.venv\Lib\site-packages\sqlalchemy\util\langhelpers.py:146: in __exit__
    raise exc_value.with_traceback(exc_tb)
..\.venv\Lib\site-packages\sqlalchemy\pool\base.py:898: in __connect
    self.dbapi_connection = connection = pool._invoke_creator(self)
                                         ^^^^^^^^^^^^^^^^^^^^^^^^^^
..\.venv\Lib\site-packages\sqlalchemy\engine\create.py:645: in connect
    return dialect.connect(*cargs, **cparams)
           ^^^^^^^^^^^^^^^^^^^^^^^^^^^^^^^^^^
..\.venv\Lib\site-packages\sqlalchemy\engine\default.py:616: in connect
    return self.loaded_dbapi.connect(*cargs, **cparams)
           ^^^^^^^^^^^^^^^^^^^^^^^^^^^^^^^^^^^^^^^^^^^^
_ _ _ _ _ _ _ _ _ _ _ _ _ _ _ _ _ _ _ _ _ _ _ _ _ _ _ _ _ _ _ _ _ _ _ _ _ _ _ _

dsn = 'host=localhost dbname=budget_test user=test_user password=test_pass port=5433'
connection_factory = None, cursor_factory = None
kwargs = {'dbname': 'budget_test', 'host': 'localhost', 'password': 'test_pass', 'port': 5433, ...}
kwasync = {}

    def connect(dsn=None, connection_factory=None, cursor_factory=None, **kwargs):
        """
        Create a new database connection.
    
        The connection parameters can be specified as a string:
    
            conn = psycopg2.connect("dbname=test user=postgres password=secret")
    
        or using a set of keyword arguments:
    
            conn = psycopg2.connect(database="test", user="postgres", password="secret")
    
        Or as a mix of both. The basic connection parameters are:
    
        - *dbname*: the database name
        - *database*: the database name (only as keyword argument)
        - *user*: user name used to authenticate
        - *password*: password used to authenticate
        - *host*: database host address (defaults to UNIX socket if not provided)
        - *port*: connection port number (defaults to 5432 if not provided)
    
        Using the *connection_factory* parameter a different class or connections
        factory can be specified. It should be a callable object taking a dsn
        argument.
    
        Using the *cursor_factory* parameter, a new default cursor factory will be
        used by cursor().
    
        Using *async*=True an asynchronous connection will be created. *async_* is
        a valid alias (for Python versions where ``async`` is a keyword).
    
        Any other keyword parameter will be passed to the underlying client
        library: the list of supported parameters depends on the library version.
    
        """
        kwasync = {}
        if 'async' in kwargs:
            kwasync['async'] = kwargs.pop('async')
        if 'async_' in kwargs:
            kwasync['async_'] = kwargs.pop('async_')
    
        dsn = _ext.make_dsn(dsn, **kwargs)
&gt;       conn = _connect(dsn, connection_factory=connection_factory, **kwasync)
               ^^^^^^^^^^^^^^^^^^^^^^^^^^^^^^^^^^^^^^^^^^^^^^^^^^^^^^^^^^^^^^^
E       sqlalchemy.exc.OperationalError: (psycopg2.OperationalError) connection to server at "localhost" (::1), port 5433 failed: Connection refused (0x0000274D/10061)
E       	Is the server running on that host and accepting TCP/IP connections?
E       connection to server at "localhost" (127.0.0.1), port 5433 failed: Connection refused (0x0000274D/10061)
E       	Is the server running on that host and accepting TCP/IP connections?
E       
E       (Background on this error at: https://sqlalche.me/e/20/e3q8)

..\.venv\Lib\site-packages\psycopg2\__init__.py:122: OperationalError</error></testcase><testcase classname="tests.integration.test_integration_auth_lockout.TestDBBackedLockout" name="test_count_increments_per_failure" time="0.001"><error message="failed on setup with &quot;sqlalchemy.exc.OperationalError: (psycopg2.OperationalError) connection to server at &quot;localhost&quot; (::1), port 5433 failed: Connection refused (0x0000274D/10061)&#10;&#09;Is the server running on that host and accepting TCP/IP connections?&#10;connection to server at &quot;localhost&quot; (127.0.0.1), port 5433 failed: Connection refused (0x0000274D/10061)&#10;&#09;Is the server running on that host and accepting TCP/IP connections?&#10;&#10;(Background on this error at: https://sqlalche.me/e/20/e3q8)&quot;">self = &lt;sqlalchemy.engine.base.Connection object at 0x000001F509F8E960&gt;
engine = Engine(postgresql://test_user:***@localhost:5433/budget_test)
connection = None, _has_events = None, _allow_revalidate = True
_allow_autobegin = True

    def __init__(
        self,
        engine: Engine,
        connection: Optional[PoolProxiedConnection] = None,
        _has_events: Optional[bool] = None,
        _allow_revalidate: bool = True,
        _allow_autobegin: bool = True,
    ):
        """Construct a new Connection."""
        self.engine = engine
        self.dialect = dialect = engine.dialect
    
        if connection is None:
            try:
&gt;               self._dbapi_connection = engine.raw_connection()
                                         ^^^^^^^^^^^^^^^^^^^^^^^

..\.venv\Lib\site-packages\sqlalchemy\engine\base.py:145: 
_ _ _ _ _ _ _ _ _ _ _ _ _ _ _ _ _ _ _ _ _ _ _ _ _ _ _ _ _ _ _ _ _ _ _ _ _ _ _ _
..\.venv\Lib\site-packages\sqlalchemy\engine\base.py:3293: in raw_connection
    return self.pool.connect()
           ^^^^^^^^^^^^^^^^^^^
..\.venv\Lib\site-packages\sqlalchemy\pool\base.py:452: in connect
    return _ConnectionFairy._checkout(self)
           ^^^^^^^^^^^^^^^^^^^^^^^^^^^^^^^^
..\.venv\Lib\site-packages\sqlalchemy\pool\base.py:1269: in _checkout
    fairy = _ConnectionRecord.checkout(pool)
            ^^^^^^^^^^^^^^^^^^^^^^^^^^^^^^^^
..\.venv\Lib\site-packages\sqlalchemy\pool\base.py:716: in checkout
    rec = pool._do_get()
          ^^^^^^^^^^^^^^
..\.venv\Lib\site-packages\sqlalchemy\pool\impl.py:169: in _do_get
    with util.safe_reraise():
         ^^^^^^^^^^^^^^^^^^^
..\.venv\Lib\site-packages\sqlalchemy\util\langhelpers.py:146: in __exit__
    raise exc_value.with_traceback(exc_tb)
..\.venv\Lib\site-packages\sqlalchemy\pool\impl.py:167: in _do_get
    return self._create_connection()
           ^^^^^^^^^^^^^^^^^^^^^^^^^
..\.venv\Lib\site-packages\sqlalchemy\pool\base.py:393: in _create_connection
    return _ConnectionRecord(self)
           ^^^^^^^^^^^^^^^^^^^^^^^
..\.venv\Lib\site-packages\sqlalchemy\pool\base.py:678: in __init__
    self.__connect()
..\.venv\Lib\site-packages\sqlalchemy\pool\base.py:902: in __connect
    with util.safe_reraise():
         ^^^^^^^^^^^^^^^^^^^
..\.venv\Lib\site-packages\sqlalchemy\util\langhelpers.py:146: in __exit__
    raise exc_value.with_traceback(exc_tb)
..\.venv\Lib\site-packages\sqlalchemy\pool\base.py:898: in __connect
    self.dbapi_connection = connection = pool._invoke_creator(self)
                                         ^^^^^^^^^^^^^^^^^^^^^^^^^^
..\.venv\Lib\site-packages\sqlalchemy\engine\create.py:645: in connect
    return dialect.connect(*cargs, **cparams)
           ^^^^^^^^^^^^^^^^^^^^^^^^^^^^^^^^^^
..\.venv\Lib\site-packages\sqlalchemy\engine\default.py:616: in connect
    return self.loaded_dbapi.connect(*cargs, **cparams)
           ^^^^^^^^^^^^^^^^^^^^^^^^^^^^^^^^^^^^^^^^^^^^
_ _ _ _ _ _ _ _ _ _ _ _ _ _ _ _ _ _ _ _ _ _ _ _ _ _ _ _ _ _ _ _ _ _ _ _ _ _ _ _

dsn = 'host=localhost dbname=budget_test user=test_user password=test_pass port=5433'
connection_factory = None, cursor_factory = None
kwargs = {'dbname': 'budget_test', 'host': 'localhost', 'password': 'test_pass', 'port': 5433, ...}
kwasync = {}

    def connect(dsn=None, connection_factory=None, cursor_factory=None, **kwargs):
        """
        Create a new database connection.
    
        The connection parameters can be specified as a string:
    
            conn = psycopg2.connect("dbname=test user=postgres password=secret")
    
        or using a set of keyword arguments:
    
            conn = psycopg2.connect(database="test", user="postgres", password="secret")
    
        Or as a mix of both. The basic connection parameters are:
    
        - *dbname*: the database name
        - *database*: the database name (only as keyword argument)
        - *user*: user name used to authenticate
        - *password*: password used to authenticate
        - *host*: database host address (defaults to UNIX socket if not provided)
        - *port*: connection port number (defaults to 5432 if not provided)
    
        Using the *connection_factory* parameter a different class or connections
        factory can be specified. It should be a callable object taking a dsn
        argument.
    
        Using the *cursor_factory* parameter, a new default cursor factory will be
        used by cursor().
    
        Using *async*=True an asynchronous connection will be created. *async_* is
        a valid alias (for Python versions where ``async`` is a keyword).
    
        Any other keyword parameter will be passed to the underlying client
        library: the list of supported parameters depends on the library version.
    
        """
        kwasync = {}
        if 'async' in kwargs:
            kwasync['async'] = kwargs.pop('async')
        if 'async_' in kwargs:
            kwasync['async_'] = kwargs.pop('async_')
    
        dsn = _ext.make_dsn(dsn, **kwargs)
&gt;       conn = _connect(dsn, connection_factory=connection_factory, **kwasync)
               ^^^^^^^^^^^^^^^^^^^^^^^^^^^^^^^^^^^^^^^^^^^^^^^^^^^^^^^^^^^^^^^
E       psycopg2.OperationalError: connection to server at "localhost" (::1), port 5433 failed: Connection refused (0x0000274D/10061)
E       	Is the server running on that host and accepting TCP/IP connections?
E       connection to server at "localhost" (127.0.0.1), port 5433 failed: Connection refused (0x0000274D/10061)
E       	Is the server running on that host and accepting TCP/IP connections?

..\.venv\Lib\site-packages\psycopg2\__init__.py:122: OperationalError

The above exception was the direct cause of the following exception:

    @pytest.fixture(scope="session", autouse=True)
    def create_tables():
        """Drop and recreate all tables once per test session."""
&gt;       Base.metadata.drop_all(bind=_engine)

tests\integration\conftest.py:89: 
_ _ _ _ _ _ _ _ _ _ _ _ _ _ _ _ _ _ _ _ _ _ _ _ _ _ _ _ _ _ _ _ _ _ _ _ _ _ _ _
..\.venv\Lib\site-packages\sqlalchemy\sql\schema.py:5860: in drop_all
    bind._run_ddl_visitor(
..\.venv\Lib\site-packages\sqlalchemy\engine\base.py:3243: in _run_ddl_visitor
    with self.begin() as conn:
         ^^^^^^^^^^^^
C:\Users\monke\AppData\Local\Programs\Python\Python312\Lib\contextlib.py:137: in __enter__
    return next(self.gen)
           ^^^^^^^^^^^^^^
..\.venv\Lib\site-packages\sqlalchemy\engine\base.py:3233: in begin
    with self.connect() as conn:
         ^^^^^^^^^^^^^^
..\.venv\Lib\site-packages\sqlalchemy\engine\base.py:3269: in connect
    return self._connection_cls(self)
           ^^^^^^^^^^^^^^^^^^^^^^^^^^
..\.venv\Lib\site-packages\sqlalchemy\engine\base.py:147: in __init__
    Connection._handle_dbapi_exception_noconnection(
..\.venv\Lib\site-packages\sqlalchemy\engine\base.py:2431: in _handle_dbapi_exception_noconnection
    raise sqlalchemy_exception.with_traceback(exc_info[2]) from e
..\.venv\Lib\site-packages\sqlalchemy\engine\base.py:145: in __init__
    self._dbapi_connection = engine.raw_connection()
                             ^^^^^^^^^^^^^^^^^^^^^^^
..\.venv\Lib\site-packages\sqlalchemy\engine\base.py:3293: in raw_connection
    return self.pool.connect()
           ^^^^^^^^^^^^^^^^^^^
..\.venv\Lib\site-packages\sqlalchemy\pool\base.py:452: in connect
    return _ConnectionFairy._checkout(self)
           ^^^^^^^^^^^^^^^^^^^^^^^^^^^^^^^^
..\.venv\Lib\site-packages\sqlalchemy\pool\base.py:1269: in _checkout
    fairy = _ConnectionRecord.checkout(pool)
            ^^^^^^^^^^^^^^^^^^^^^^^^^^^^^^^^
..\.venv\Lib\site-packages\sqlalchemy\pool\base.py:716: in checkout
    rec = pool._do_get()
          ^^^^^^^^^^^^^^
..\.venv\Lib\site-packages\sqlalchemy\pool\impl.py:169: in _do_get
    with util.safe_reraise():
         ^^^^^^^^^^^^^^^^^^^
..\.venv\Lib\site-packages\sqlalchemy\util\langhelpers.py:146: in __exit__
    raise exc_value.with_traceback(exc_tb)
..\.venv\Lib\site-packages\sqlalchemy\pool\impl.py:167: in _do_get
    return self._create_connection()
           ^^^^^^^^^^^^^^^^^^^^^^^^^
..\.venv\Lib\site-packages\sqlalchemy\pool\base.py:393: in _create_connection
    return _ConnectionRecord(self)
           ^^^^^^^^^^^^^^^^^^^^^^^
..\.venv\Lib\site-packages\sqlalchemy\pool\base.py:678: in __init__
    self.__connect()
..\.venv\Lib\site-packages\sqlalchemy\pool\base.py:902: in __connect
    with util.safe_reraise():
         ^^^^^^^^^^^^^^^^^^^
..\.venv\Lib\site-packages\sqlalchemy\util\langhelpers.py:146: in __exit__
    raise exc_value.with_traceback(exc_tb)
..\.venv\Lib\site-packages\sqlalchemy\pool\base.py:898: in __connect
    self.dbapi_connection = connection = pool._invoke_creator(self)
                                         ^^^^^^^^^^^^^^^^^^^^^^^^^^
..\.venv\Lib\site-packages\sqlalchemy\engine\create.py:645: in connect
    return dialect.connect(*cargs, **cparams)
           ^^^^^^^^^^^^^^^^^^^^^^^^^^^^^^^^^^
..\.venv\Lib\site-packages\sqlalchemy\engine\default.py:616: in connect
    return self.loaded_dbapi.connect(*cargs, **cparams)
           ^^^^^^^^^^^^^^^^^^^^^^^^^^^^^^^^^^^^^^^^^^^^
_ _ _ _ _ _ _ _ _ _ _ _ _ _ _ _ _ _ _ _ _ _ _ _ _ _ _ _ _ _ _ _ _ _ _ _ _ _ _ _

dsn = 'host=localhost dbname=budget_test user=test_user password=test_pass port=5433'
connection_factory = None, cursor_factory = None
kwargs = {'dbname': 'budget_test', 'host': 'localhost', 'password': 'test_pass', 'port': 5433, ...}
kwasync = {}

    def connect(dsn=None, connection_factory=None, cursor_factory=None, **kwargs):
        """
        Create a new database connection.
    
        The connection parameters can be specified as a string:
    
            conn = psycopg2.connect("dbname=test user=postgres password=secret")
    
        or using a set of keyword arguments:
    
            conn = psycopg2.connect(database="test", user="postgres", password="secret")
    
        Or as a mix of both. The basic connection parameters are:
    
        - *dbname*: the database name
        - *database*: the database name (only as keyword argument)
        - *user*: user name used to authenticate
        - *password*: password used to authenticate
        - *host*: database host address (defaults to UNIX socket if not provided)
        - *port*: connection port number (defaults to 5432 if not provided)
    
        Using the *connection_factory* parameter a different class or connections
        factory can be specified. It should be a callable object taking a dsn
        argument.
    
        Using the *cursor_factory* parameter, a new default cursor factory will be
        used by cursor().
    
        Using *async*=True an asynchronous connection will be created. *async_* is
        a valid alias (for Python versions where ``async`` is a keyword).
    
        Any other keyword parameter will be passed to the underlying client
        library: the list of supported parameters depends on the library version.
    
        """
        kwasync = {}
        if 'async' in kwargs:
            kwasync['async'] = kwargs.pop('async')
        if 'async_' in kwargs:
            kwasync['async_'] = kwargs.pop('async_')
    
        dsn = _ext.make_dsn(dsn, **kwargs)
&gt;       conn = _connect(dsn, connection_factory=connection_factory, **kwasync)
               ^^^^^^^^^^^^^^^^^^^^^^^^^^^^^^^^^^^^^^^^^^^^^^^^^^^^^^^^^^^^^^^
E       sqlalchemy.exc.OperationalError: (psycopg2.OperationalError) connection to server at "localhost" (::1), port 5433 failed: Connection refused (0x0000274D/10061)
E       	Is the server running on that host and accepting TCP/IP connections?
E       connection to server at "localhost" (127.0.0.1), port 5433 failed: Connection refused (0x0000274D/10061)
E       	Is the server running on that host and accepting TCP/IP connections?
E       
E       (Background on this error at: https://sqlalche.me/e/20/e3q8)

..\.venv\Lib\site-packages\psycopg2\__init__.py:122: OperationalError</error></testcase><testcase classname="tests.integration.test_integration_auth_lockout.TestDBBackedLockout" name="test_locked_until_set_after_threshold" time="0.001"><error message="failed on setup with &quot;sqlalchemy.exc.OperationalError: (psycopg2.OperationalError) connection to server at &quot;localhost&quot; (::1), port 5433 failed: Connection refused (0x0000274D/10061)&#10;&#09;Is the server running on that host and accepting TCP/IP connections?&#10;connection to server at &quot;localhost&quot; (127.0.0.1), port 5433 failed: Connection refused (0x0000274D/10061)&#10;&#09;Is the server running on that host and accepting TCP/IP connections?&#10;&#10;(Background on this error at: https://sqlalche.me/e/20/e3q8)&quot;">self = &lt;sqlalchemy.engine.base.Connection object at 0x000001F509F8E960&gt;
engine = Engine(postgresql://test_user:***@localhost:5433/budget_test)
connection = None, _has_events = None, _allow_revalidate = True
_allow_autobegin = True

    def __init__(
        self,
        engine: Engine,
        connection: Optional[PoolProxiedConnection] = None,
        _has_events: Optional[bool] = None,
        _allow_revalidate: bool = True,
        _allow_autobegin: bool = True,
    ):
        """Construct a new Connection."""
        self.engine = engine
        self.dialect = dialect = engine.dialect
    
        if connection is None:
            try:
&gt;               self._dbapi_connection = engine.raw_connection()
                                         ^^^^^^^^^^^^^^^^^^^^^^^

..\.venv\Lib\site-packages\sqlalchemy\engine\base.py:145: 
_ _ _ _ _ _ _ _ _ _ _ _ _ _ _ _ _ _ _ _ _ _ _ _ _ _ _ _ _ _ _ _ _ _ _ _ _ _ _ _
..\.venv\Lib\site-packages\sqlalchemy\engine\base.py:3293: in raw_connection
    return self.pool.connect()
           ^^^^^^^^^^^^^^^^^^^
..\.venv\Lib\site-packages\sqlalchemy\pool\base.py:452: in connect
    return _ConnectionFairy._checkout(self)
           ^^^^^^^^^^^^^^^^^^^^^^^^^^^^^^^^
..\.venv\Lib\site-packages\sqlalchemy\pool\base.py:1269: in _checkout
    fairy = _ConnectionRecord.checkout(pool)
            ^^^^^^^^^^^^^^^^^^^^^^^^^^^^^^^^
..\.venv\Lib\site-packages\sqlalchemy\pool\base.py:716: in checkout
    rec = pool._do_get()
          ^^^^^^^^^^^^^^
..\.venv\Lib\site-packages\sqlalchemy\pool\impl.py:169: in _do_get
    with util.safe_reraise():
         ^^^^^^^^^^^^^^^^^^^
..\.venv\Lib\site-packages\sqlalchemy\util\langhelpers.py:146: in __exit__
    raise exc_value.with_traceback(exc_tb)
..\.venv\Lib\site-packages\sqlalchemy\pool\impl.py:167: in _do_get
    return self._create_connection()
           ^^^^^^^^^^^^^^^^^^^^^^^^^
..\.venv\Lib\site-packages\sqlalchemy\pool\base.py:393: in _create_connection
    return _ConnectionRecord(self)
           ^^^^^^^^^^^^^^^^^^^^^^^
..\.venv\Lib\site-packages\sqlalchemy\pool\base.py:678: in __init__
    self.__connect()
..\.venv\Lib\site-packages\sqlalchemy\pool\base.py:902: in __connect
    with util.safe_reraise():
         ^^^^^^^^^^^^^^^^^^^
..\.venv\Lib\site-packages\sqlalchemy\util\langhelpers.py:146: in __exit__
    raise exc_value.with_traceback(exc_tb)
..\.venv\Lib\site-packages\sqlalchemy\pool\base.py:898: in __connect
[...]
ssname="tests.test_error_handlers.TestAuthFailures" name="test_no_token_returns_401[GET-/api/v1/expenses/current-month]" time="0.008" /><testcase classname="tests.test_error_handlers.TestAuthFailures" name="test_no_token_returns_401[POST-/api/v1/expenses]" time="0.006" /><testcase classname="tests.test_error_handlers.TestAuthFailures" name="test_no_token_returns_401[GET-/api/v1/budgets/current-month]" time="0.007" /><testcase classname="tests.test_error_handlers.TestAuthFailures" name="test_no_token_returns_401[POST-/api/v1/budgets]" time="0.006" /><testcase classname="tests.test_error_handlers.TestAuthFailures" name="test_no_token_returns_401[GET-/api/v1/budgets/cccccccc-cccc-cccc-cccc-cccccccccccc]" time="0.008" /><testcase classname="tests.test_error_handlers.TestAuthFailures" name="test_no_token_returns_401[PUT-/api/v1/budgets/cccccccc-cccc-cccc-cccc-cccccccccccc]" time="0.008" /><testcase classname="tests.test_error_handlers.TestAuthFailures" name="test_no_token_returns_401[POST-/api/v1/incomes]" time="0.008" /><testcase classname="tests.test_error_handlers.TestAuthFailures" name="test_no_token_returns_401[GET-/api/v1/reports/summary?month=2024-03]" time="0.008" /><testcase classname="tests.test_error_handlers.TestAuthFailures" name="test_invalid_token_returns_401[GET-/api/v1/expenses/current-month]" time="0.008" /><testcase classname="tests.test_error_handlers.TestAuthFailures" name="test_invalid_token_returns_401[POST-/api/v1/expenses]" time="0.008" /><testcase classname="tests.test_error_handlers.TestAuthFailures" name="test_invalid_token_returns_401[GET-/api/v1/budgets/current-month]" time="0.007" /><testcase classname="tests.test_error_handlers.TestAuthFailures" name="test_invalid_token_returns_401[POST-/api/v1/budgets]" time="0.007" /><testcase classname="tests.test_error_handlers.TestAuthFailures" name="test_invalid_token_returns_401[GET-/api/v1/budgets/cccccccc-cccc-cccc-cccc-cccccccccccc]" time="0.007" /><testcase classname="tests.test_error_handlers.TestAuthFailures" name="test_invalid_token_returns_401[PUT-/api/v1/budgets/cccccccc-cccc-cccc-cccc-cccccccccccc]" time="0.007" /><testcase classname="tests.test_error_handlers.TestAuthFailures" name="test_invalid_token_returns_401[POST-/api/v1/incomes]" time="0.008" /><testcase classname="tests.test_error_handlers.TestAuthFailures" name="test_invalid_token_returns_401[GET-/api/v1/reports/summary?month=2024-03]" time="0.007" /><testcase classname="tests.test_error_handlers.TestAuthFailures" name="test_expired_token_returns_401[GET-/api/v1/expenses/current-month]" time="0.007" /><testcase classname="tests.test_error_handlers.TestAuthFailures" name="test_expired_token_returns_401[POST-/api/v1/expenses]" time="0.007" /><testcase classname="tests.test_error_handlers.TestAuthFailures" name="test_expired_token_returns_401[GET-/api/v1/budgets/current-month]" time="0.007" /><testcase classname="tests.test_error_handlers.TestAuthFailures" name="test_expired_token_returns_401[POST-/api/v1/budgets]" time="0.007" /><testcase classname="tests.test_error_handlers.TestAuthFailures" name="test_expired_token_returns_401[GET-/api/v1/budgets/cccccccc-cccc-cccc-cccc-cccccccccccc]" time="0.008" /><testcase classname="tests.test_error_handlers.TestAuthFailures" name="test_expired_token_returns_401[PUT-/api/v1/budgets/cccccccc-cccc-cccc-cccc-cccccccccccc]" time="0.008" /><testcase classname="tests.test_error_handlers.TestAuthFailures" name="test_expired_token_returns_401[POST-/api/v1/incomes]" time="0.098" /><testcase classname="tests.test_error_handlers.TestAuthFailures" name="test_expired_token_returns_401[GET-/api/v1/reports/summary?month=2024-03]" time="0.006" /><testcase classname="tests.test_error_handlers.TestAuthFailures" name="test_token_with_malformed_sub_returns_401" time="0.008" /><testcase classname="tests.test_error_handlers.TestAuthFailures" name="test_token_user_not_in_db_returns_401" time="0.007" /><testcase classname="tests.test_error_handlers.TestErrorEnvelopeConsistency" name="test_validation_error_has_full_envelope" time="0.009" /><testcase classname="tests.test_error_handlers.TestErrorEnvelopeConsistency" name="test_404_not_found_has_full_envelope" time="0.008" /><testcase classname="tests.test_error_handlers.TestErrorEnvelopeConsistency" name="test_401_error_has_full_envelope" time="0.010" /><testcase classname="tests.test_error_handlers.TestErrorEnvelopeConsistency" name="test_409_conflict_has_full_envelope" time="0.012" /><testcase classname="tests.test_error_handlers.TestErrorEnvelopeConsistency" name="test_validation_error_includes_details_array" time="0.008" /><testcase classname="tests.test_error_handlers.TestErrorEnvelopeConsistency" name="test_error_path_matches_request_url" time="0.006" /><testcase classname="tests.test_error_handlers.TestErrorEnvelopeConsistency" name="test_error_status_field_matches_http_status" time="0.006" /><testcase classname="tests.test_error_handlers.TestFailureScenarios" name="test_db_integrity_error_returns_409" time="0.009" /><testcase classname="tests.test_error_handlers.TestFailureScenarios" name="test_db_sqlalchemy_error_returns_500" time="0.008" /><testcase classname="tests.test_error_handlers.TestFailureScenarios" name="test_unhandled_exception_returns_500" time="0.028" /><testcase classname="tests.test_error_handlers.TestFailureScenarios" name="test_expense_string_amount_returns_400" time="0.008" /><testcase classname="tests.test_error_handlers.TestFailureScenarios" name="test_expense_extremely_large_amount" time="0.010" /><testcase classname="tests.test_error_handlers.TestFailureScenarios" name="test_budget_string_amount_returns_400" time="0.007" /><testcase classname="tests.test_error_handlers.TestFailureScenarios" name="test_income_invalid_date_format_returns_400" time="0.006" /><testcase classname="tests.test_error_handlers.TestFailureScenarios" name="test_report_month_with_day_component_returns_400" time="0.008" /><testcase classname="tests.test_error_handlers.TestFailureScenarios" name="test_budget_id_wrong_type_returns_400" time="0.008" /><testcase classname="tests.test_error_handlers.TestFailureScenarios" name="test_expense_unauthorized_access_returns_403" time="0.007" /><testcase classname="tests.test_error_handlers.TestFailureScenarios" name="test_income_unauthorized_access_returns_403" time="0.007" /><testcase classname="tests.test_error_handlers.TestFailureScenarios" name="test_budget_unauthorized_access_returns_403" time="0.007" /><testcase classname="tests.test_error_handlers.TestFailureScenarios" name="test_health_endpoint_accessible_without_auth" time="0.005" /><testcase classname="tests.test_error_handlers.TestFailureScenarios" name="test_root_endpoint_accessible_without_auth" time="0.005" /><testcase classname="tests.test_expense_service.TestExpenseService" name="test_add_expense_success" time="0.001" /><testcase classname="tests.test_expense_service.TestExpenseService" name="test_add_expense_without_note" time="0.001" /><testcase classname="tests.test_expense_service.TestExpenseService" name="test_add_expense_invalid_amount_zero" time="0.001" /><testcase classname="tests.test_expense_service.TestExpenseService" name="test_add_expense_invalid_amount_negative" time="0.001" /><testcase classname="tests.test_expense_service.TestExpenseService" name="test_add_expense_various_categories" time="0.001" /><testcase classname="tests.test_expense_service.TestExpenseService" name="test_add_expense_invalid_category_empty" time="0.001" /><testcase classname="tests.test_expense_service.TestExpenseService" name="test_add_expense_invalid_category_whitespace" time="0.001" /><testcase classname="tests.test_http_controllers" name="test_health_endpoint" time="0.006" /><testcase classname="tests.test_http_controllers" name="test_health_endpoint_sets_request_id_header" time="0.006" /><testcase classname="tests.test_http_controllers" name="test_health_endpoint_preserves_client_request_id_header" time="0.010" /><testcase classname="tests.test_http_controllers" name="test_readiness_endpoint_returns_200_when_db_available" time="0.008" /><testcase classname="tests.test_http_controllers" name="test_readiness_endpoint_returns_503_when_db_unavailable" time="0.007" /><testcase classname="tests.test_http_controllers" name="test_root_endpoint" time="0.007" /><testcase classname="tests.test_http_controllers.TestAuthController" name="test_register_success" time="0.007" /><testcase classname="tests.test_http_controllers.TestAuthController" name="test_register_duplicate_email_returns_409" time="0.007" /><testcase classname="tests.test_http_controllers.TestAuthController" name="test_register_missing_email_returns_422_or_400" time="0.006" /><testcase classname="tests.test_http_controllers.TestAuthController" name="test_register_short_password_returns_400" time="0.005" /><testcase classname="tests.test_http_controllers.TestAuthController" name="test_register_invalid_email_format_returns_400" time="0.007" /><testcase classname="tests.test_http_controllers.TestAuthController" name="test_register_empty_body_returns_400" time="0.006" /><testcase classname="tests.test_http_controllers.TestAuthController" name="test_login_success" time="0.006" /><testcase classname="tests.test_http_controllers.TestAuthController" name="test_login_invalid_credentials_returns_401" time="0.006" /><testcase classname="tests.test_http_controllers.TestAuthController" name="test_login_missing_password_returns_400" time="0.006" /><testcase classname="tests.test_http_controllers.TestAuthController" name="test_login_empty_body_returns_400" time="0.006" /><testcase classname="tests.test_http_controllers.TestExpenseController" name="test_add_expense_success" time="0.007" /><testcase classname="tests.test_http_controllers.TestExpenseController" name="test_add_expense_with_note" time="0.006" /><testcase classname="tests.test_http_controllers.TestExpenseController" name="test_add_expense_missing_amount_returns_400" time="0.006" /><testcase classname="tests.test_http_controllers.TestExpenseController" name="test_add_expense_missing_category_returns_400" time="0.006" /><testcase classname="tests.test_http_controllers.TestExpenseController" name="test_add_expense_missing_date_returns_400" time="0.006" /><testcase classname="tests.test_http_controllers.TestExpenseController" name="test_add_expense_invalid_date_format_returns_400" time="0.006" /><testcase classname="tests.test_http_controllers.TestExpenseController" name="test_add_expense_empty_body_returns_400" time="0.007" /><testcase classname="tests.test_http_controllers.TestExpenseController" name="test_add_expense_service_invalid_amount_returns_400" time="0.008" /><testcase classname="tests.test_http_controllers.TestExpenseController" name="test_add_expense_service_invalid_category_returns_400" time="0.010" /><testcase classname="tests.test_http_controllers.TestExpenseController" name="test_get_current_month_expenses_success" time="0.007" /><testcase classname="tests.test_http_controllers.TestExpenseController" name="test_get_current_month_expenses_empty_list" time="0.006" /><testcase classname="tests.test_http_controllers.TestBudgetController" name="test_create_budget_success" time="0.008" /><testcase classname="tests.test_http_controllers.TestBudgetController" name="test_create_budget_duplicate_returns_409" time="0.008" /><testcase classname="tests.test_http_controllers.TestBudgetController" name="test_create_budget_invalid_month_format_returns_400" time="0.009" /><testcase classname="tests.test_http_controllers.TestBudgetController" name="test_create_budget_invalid_month_value_returns_400" time="0.007" /><testcase classname="tests.test_http_controllers.TestBudgetController" name="test_create_budget_negative_amount_returns_400" time="0.007" /><testcase classname="tests.test_http_controllers.TestBudgetController" name="test_create_budget_zero_amount_returns_400" time="0.008" /><testcase classname="tests.test_http_controllers.TestBudgetController" name="test_create_budget_missing_fields_returns_400" time="0.008" /><testcase classname="tests.test_http_controllers.TestBudgetController" name="test_get_current_month_budget_success" time="0.008" /><testcase classname="tests.test_http_controllers.TestBudgetController" name="test_get_current_month_budget_not_found_returns_404" time="0.007" /><testcase classname="tests.test_http_controllers.TestBudgetController" name="test_get_budget_by_id_success" time="0.008" /><testcase classname="tests.test_http_controllers.TestBudgetController" name="test_get_budget_by_id_not_found_returns_404" time="0.007" /><testcase classname="tests.test_http_controllers.TestBudgetController" name="test_get_budget_by_id_wrong_user_returns_403" time="0.007" /><testcase classname="tests.test_http_controllers.TestBudgetController" name="test_get_budget_invalid_uuid_returns_400" time="0.007" /><testcase classname="tests.test_http_controllers.TestBudgetController" name="test_update_budget_success" time="0.010" /><testcase classname="tests.test_http_controllers.TestBudgetController" name="test_update_budget_not_found_returns_404" time="0.009" /><testcase classname="tests.test_http_controllers.TestBudgetController" name="test_update_budget_zero_amount_returns_400" time="0.010" /><testcase classname="tests.test_http_controllers.TestBudgetController" name="test_update_budget_missing_amount_returns_400" time="0.012" /><testcase classname="tests.test_http_controllers.TestIncomeController" name="test_add_income_success" time="0.010" /><testcase classname="tests.test_http_controllers.TestIncomeController" name="test_add_income_missing_amount_returns_400" time="0.010" /><testcase classname="tests.test_http_controllers.TestIncomeController" name="test_add_income_missing_source_returns_400" time="0.010" /><testcase classname="tests.test_http_controllers.TestIncomeController" name="test_add_income_missing_date_returns_400" time="0.009" /><testcase classname="tests.test_http_controllers.TestIncomeController" name="test_add_income_zero_amount_returns_400" time="0.009" /><testcase classname="tests.test_http_controllers.TestIncomeController" name="test_add_income_negative_amount_returns_400" time="0.008" /><testcase classname="tests.test_http_controllers.TestIncomeController" name="test_add_income_service_invalid_source_returns_400" time="0.008" /><testcase classname="tests.test_http_controllers.TestIncomeController" name="test_add_income_empty_body_returns_400" time="0.008" /><testcase classname="tests.test_http_controllers.TestReportController" name="test_get_monthly_summary_success" time="0.008" /><testcase classname="tests.test_http_controllers.TestReportController" name="test_get_monthly_summary_missing_month_returns_400" time="0.009" /><testcase classname="tests.test_http_controllers.TestReportController" name="test_get_monthly_summary_invalid_month_format_returns_400" time="0.010" /><testcase classname="tests.test_http_controllers.TestReportController" name="test_get_monthly_summary_invalid_month_partial_returns_400" time="0.009" /><testcase classname="tests.test_http_controllers.TestReportController" name="test_get_monthly_summary_service_error_returns_400" time="0.008" /><testcase classname="tests.test_income_service.TestIncomeService" name="test_add_income_success" time="0.001" /><testcase classname="tests.test_income_service.TestIncomeService" name="test_add_income_invalid_amount_zero" time="0.001" /><testcase classname="tests.test_income_service.TestIncomeService" name="test_add_income_invalid_amount_negative" time="0.001" /><testcase classname="tests.test_income_service.TestIncomeService" name="test_add_income_various_sources" time="0.001" /><testcase classname="tests.test_income_service.TestIncomeService" name="test_add_income_invalid_source_empty" time="0.001" /><testcase classname="tests.test_income_service.TestIncomeService" name="test_add_income_invalid_source_whitespace" time="0.001" /><testcase classname="tests.test_report_service.TestReportService" name="test_get_monthly_summary_success" time="0.005" /><testcase classname="tests.test_report_service.TestReportService" name="test_get_monthly_summary_no_data" time="0.001" /><testcase classname="tests.test_report_service.TestReportService" name="test_get_monthly_summary_calls_repos_with_month_range" time="0.001" /><testcase classname="tests.test_report_service.TestReportService" name="test_get_monthly_summary_invalid_month_format" time="0.001" /><testcase classname="tests.test_report_service.TestReportService" name="test_get_monthly_summary_invalid_month_error_formatting" time="0.001" /><testcase classname="tests.test_report_service.TestReportService" name="test_get_monthly_summary_invalid_month_number" time="0.001" /><testcase classname="tests.test_report_service.TestReportService" name="test_get_monthly_summary_expenses_grouped_correctly" time="0.001" /><testcase classname="tests.test_security" name="test_ratelimit_test_endpoint" time="0.055" /><testcase classname="tests.test_security.TestLoginLockout" name="test_single_failure_does_not_lock" time="0.002" /><testcase classname="tests.test_security.TestLoginLockout" name="test_lockout_triggers_after_max_attempts" time="0.001" /><testcase classname="tests.test_security.TestLoginLockout" name="test_successful_login_clears_failure_counter" time="0.002" /><testcase classname="tests.test_security.TestLoginLockout" name="test_lockout_window_expires" time="0.001" /><testcase classname="tests.test_security.TestLoginLockout" name="test_nonexistent_user_still_records_failure" time="0.001" /><testcase classname="tests.test_security.TestLoginLockout" name="test_lockout_is_per_email_not_global" time="0.001" /><testcase classname="tests.test_security.TestRateLimiting" name="test_health_endpoint_not_rate_limited" time="0.025" /><testcase classname="tests.test_security.TestCORSHeaders" name="test_cors_preflight_allows_post" time="0.005" /><testcase classname="tests.test_security.TestCORSHeaders" name="test_cors_allowed_origin_present_in_response" time="0.008" /><testcase classname="tests.test_security.TestCORSHeaders" name="test_cors_preflight_rejects_delete" time="0.006" /><testcase classname="tests.test_security.TestSecretKeyConfig" name="test_secret_key_is_not_original_placeholder" time="0.001" /><testcase classname="tests.test_security.TestSecretKeyConfig" name="test_secret_key_has_minimum_length" time="0.001"><failure message="AssertionError: SECRET_KEY is only 31 chars — minimum 32 required for HS256 security.&#10;assert 31 &gt;= 32&#10; +  where 31 = len('rehearsal_secret_key_2026_04_26')&#10; +    where 'rehearsal_secret_key_2026_04_26' = Settings(APP_NAME='Budgeting Application', APP_VERSION='1.0.0', API_V1_PREFIX='/api/v1', DATABASE_URL='postgresql://te...1000/minute', LOGIN_LOCKOUT_MAX_ATTEMPTS=5, LOGIN_LOCKOUT_WINDOW_MINUTES=15, ALLOWED_ORIGINS=['http://localhost:3000']).SECRET_KEY">self = &lt;tests.test_security.TestSecretKeyConfig object at 0x000001F50A0FC350&gt;

    def test_secret_key_has_minimum_length(self):
        """SECRET_KEY should be at least 32 characters."""
        from app.config import get_settings
        settings = get_settings()
&gt;       assert len(settings.SECRET_KEY) &gt;= 32, (
            f"SECRET_KEY is only {len(settings.SECRET_KEY)} chars — "
            "minimum 32 required for HS256 security."
        )
E       AssertionError: SECRET_KEY is only 31 chars — minimum 32 required for HS256 security.
E       assert 31 &gt;= 32
E        +  where 31 = len('rehearsal_secret_key_2026_04_26')
E        +    where 'rehearsal_secret_key_2026_04_26' = Settings(APP_NAME='Budgeting Application', APP_VERSION='1.0.0', API_V1_PREFIX='/api/v1', DATABASE_URL='postgresql://te...1000/minute', LOGIN_LOCKOUT_MAX_ATTEMPTS=5, LOGIN_LOCKOUT_WINDOW_MINUTES=15, ALLOWED_ORIGINS=['http://localhost:3000']).SECRET_KEY

tests\test_security.py:272: AssertionError</failure></testcase><testcase classname="tests.test_security.TestSecretKeyConfig" name="test_algorithm_is_hs256" time="0.001" /></testsuite></testsuites>