{"numFailedTestSuites":0,"numFailedTests":0,"numPassedTestSuites":8,"numPassedTests":30,"numPendingTestSuites":0,"numPendingTests":0,"numRuntimeErrorTestSuites":0,"numTodoTests":0,"numTotalTestSuites":8,"numTotalTests":30,"openHandles":[],"snapshot":{"added":0,"didUpdate":false,"failure":false,"filesAdded":0,"filesRemoved":0,"filesRemovedList":[],"filesUnmatched":0,"filesUpdated":0,"matched":0,"total":0,"unchecked":0,"uncheckedKeysByFile":[],"unmatched":0,"updated":0},"startTime":1777254046296,"success":true,"testResults":[{"assertionResults":[{"ancestorTitles":["WelcomePage"],"duration":293,"failureDetails":[],"failureMessages":[],"fullName":"WelcomePage redirects to /login when jwt is missing","invocations":1,"location":null,"numPassingAsserts":1,"retryReasons":[],"status":"passed","title":"redirects to /login when jwt is missing"},{"ancestorTitles":["WelcomePage"],"duration":422,"failureDetails":[],"failureMessages":[],"fullName":"WelcomePage shows budget setup UI when current-month budget is missing (404)","invocations":1,"location":null,"numPassingAsserts":1,"retryReasons":[],"status":"passed","title":"shows budget setup UI when current-month budget is missing (404)"},{"ancestorTitles":["WelcomePage"],"duration":67,"failureDetails":[],"failureMessages":[],"fullName":"WelcomePage validates budget amount > 0 before POSTing","invocations":1,"location":null,"numPassingAsserts":2,"retryReasons":[],"status":"passed","title":"validates budget amount > 0 before POSTing"},{"ancestorTitles":["WelcomePage"],"duration":55,"failureDetails":[],"failureMessages":[],"fullName":"WelcomePage shows current budget and expenses when fetches succeed","invocations":1,"location":null,"numPassingAsserts":4,"retryReasons":[],"status":"passed","title":"shows current budget and expenses when fetches succeed"},{"ancestorTitles":["WelcomePage"],"duration":184,"failureDetails":[],"failureMessages":[],"fullName":"WelcomePage creates budget successfully and exits setup flow","invocations":1,"location":null,"numPassingAsserts":3,"retryReasons":[],"status":"passed","title":"creates budget successfully and exits setup flow"}],"endTime":1777254049532,"message":"","name":"C:\\projects\\simple-budget\\mobile\\__tests__\\WelcomePage.test.tsx","startTime":1777254047076,"status":"passed","summary":""},{"assertionResults":[{"ancestorTitles":["Authentication E2E Tests","Login"],"duration":46,"failureDetails":[],"failureMessages":[],"fullName":"Authentication E2E Tests Login should render login form with email and password inputs","invocations":1,"location":null,"numPassingAsserts":2,"retryReasons":[],"status":"passed","title":"should render login form with email and password inputs"},{"ancestorTitles":["Authentication E2E Tests","Login"],"duration":14,"failureDetails":[],"failureMessages":[],"fullName":"Authentication E2E Tests Login should call login API, set jwt, and redirect on success","invocations":1,"location":null,"numPassingAsserts":4,"retryReasons":[],"status":"passed","title":"should call login API, set jwt, and redirect on success"},{"ancestorTitles":["Authentication E2E Tests","Login"],"duration":9,"failureDetails":[],"failureMessages":[],"fullName":"Authentication E2E Tests Login should display error on login failure","invocations":1,"location":null,"numPassingAsserts":1,"retryReasons":[],"status":"passed","title":"should display error on login failure"},{"ancestorTitles":["Authentication E2E Tests","Registration"],"duration":5,"failureDetails":[],"failureMessages":[],"fullName":"Authentication E2E Tests Registration should render registration form with all required fields","invocations":1,"location":null,"numPassingAsserts":3,"retryReasons":[],"status":"passed","title":"should render registration form with all required fields"},{"ancestorTitles":["Authentication E2E Tests","Registration"],"duration":12,"failureDetails":[],"failureMessages":[],"fullName":"Authentication E2E Tests Registration should call registration API with form data","invocations":1,"location":null,"numPassingAsserts":1,"retryReasons":[],"status":"passed","title":"should call registration API with form data"},{"ancestorTitles":["Authentication E2E Tests","Registration"],"duration":11,"failureDetails":[],"failureMessages":[],"fullName":"Authentication E2E Tests Registration should show error when passwords don't match","invocations":1,"location":null,"numPassingAsserts":2,"retryReasons":[],"status":"passed","title":"should show error when passwords don't match"}],"endTime":1777254050004,"message":"","name":"C:\\projects\\simple-budget\\mobile\\__tests__\\e2e\\auth.e2e.test.tsx","startTime":1777254049558,"status":"passed","summary":""},{"assertionResults":[{"ancestorTitles":["AddExpenseForm"],"duration":13,"failureDetails":[],"failureMessages":[],"fullName":"AddExpenseForm redirects to /login when jwt missing","invocations":1,"location":null,"numPassingAsserts":1,"retryReasons":[],"status":"passed","title":"redirects to /login when jwt missing"},{"ancestorTitles":["AddExpenseForm"],"duration":25,"failureDetails":[],"failureMessages":[],"fullName":"AddExpenseForm shows 'Set up your budget first' when budget check fails","invocations":1,"location":null,"numPassingAsserts":2,"retryReasons":[],"status":"passed","title":"shows 'Set up your budget first' when budget check fails"},{"ancestorTitles":["AddExpenseForm"],"duration":16,"failureDetails":[],"failureMessages":[],"fullName":"AddExpenseForm submitting an expense shows success and clears inputs","invocations":1,"location":null,"numPassingAsserts":5,"retryReasons":[],"status":"passed","title":"submitting an expense shows success and clears inputs"}],"endTime":1777254050340,"message":"","name":"C:\\projects\\simple-budget\\mobile\\__tests__\\AddExpenseForm.test.tsx","startTime":1777254050015,"status":"passed","summary":""},{"assertionResults":[{"ancestorTitles":["Expense Management E2E Tests","Add Expense Form"],"duration":38,"failureDetails":[],"failureMessages":[],"fullName":"Expense Management E2E Tests Add Expense Form should check budget on component mount","invocations":1,"location":null,"numPassingAsserts":1,"retryReasons":[],"status":"passed","title":"should check budget on component mount"},{"ancestorTitles":["Expense Management E2E Tests","Add Expense Form"],"duration":5,"failureDetails":[],"failureMessages":[],"fullName":"Expense Management E2E Tests Add Expense Form should render form inputs when budget exists","invocations":1,"location":null,"numPassingAsserts":3,"retryReasons":[],"status":"passed","title":"should render form inputs when budget exists"},{"ancestorTitles":["Expense Management E2E Tests","Add Expense Form"],"duration":8,"failureDetails":[],"failureMessages":[],"fullName":"Expense Management E2E Tests Add Expense Form should submit expense with valid data","invocations":1,"location":null,"numPassingAsserts":8,"retryReasons":[],"status":"passed","title":"should submit expense with valid data"},{"ancestorTitles":["Expense Management E2E Tests","Add Expense Form"],"duration":13,"failureDetails":[],"failureMessages":[],"fullName":"Expense Management E2E Tests Add Expense Form should show error when budget check fails","invocations":1,"location":null,"numPassingAsserts":1,"retryReasons":[],"status":"passed","title":"should show error when budget check fails"},{"ancestorTitles":["Expense Management E2E Tests","Add Expense Form"],"duration":3,"failureDetails":[],"failureMessages":[],"fullName":"Expense Management E2E Tests Add Expense Form should handle network errors gracefully","invocations":1,"location":null,"numPassingAsserts":1,"retryReasons":[],"status":"passed","title":"should handle network errors gracefully"},{"ancestorTitles":["Expense Management E2E Tests","Add Expense Form"],"duration":1,"failureDetails":[],"failureMessages":[],"fullName":"Expense Management E2E Tests Add Expense Form should require authentication token","invocations":1,"location":null,"numPassingAsserts":1,"retryReasons":[],"status":"passed","title":"should require authentication token"}],"endTime":1777254050624,"message":"","name":"C:\\projects\\simple-budget\\mobile\\__tests__\\e2e\\expense.e2e.test.tsx","startTime":1777254050362,"status":"passed","summary":""},{"assertionResults":[{"ancestorTitles":["Navigation E2E Tests","Route Guards and Rendering"],"duration":12,"failureDetails":[],"failureMessages":[],"fullName":"Navigation E2E Tests Route Guards and Rendering should redirect welcome page to login when unauthenticated","invocations":1,"location":null,"numPassingAsserts":1,"retryReasons":[],"status":"passed","title":"should redirect welcome page to login when unauthenticated"},{"ancestorTitles":["Navigation E2E Tests","Route Guards and Rendering"],"duration":44,"failureDetails":[],"failureMessages":[],"fullName":"Navigation E2E Tests Route Guards and Rendering should render welcome page content when authenticated","invocations":1,"location":null,"numPassingAsserts":3,"retryReasons":[],"status":"passed","title":"should render welcome page content when authenticated"},{"ancestorTitles":["Navigation E2E Tests","Route Guards and Rendering"],"duration":1,"failureDetails":[],"failureMessages":[],"fullName":"Navigation E2E Tests Route Guards and Rendering should redirect home page to login when unauthenticated","invocations":1,"location":null,"numPassingAsserts":1,"retryReasons":[],"status":"passed","title":"should redirect home page to login when unauthenticated"},{"ancestorTitles":["Navigation E2E Tests","Route Guards and Rendering"],"duration":1,"failureDetails":[],"failureMessages":[],"fullName":"Navigation E2E Tests Route Guards and Rendering should render home page jwt text when authenticated","invocations":1,"location":null,"numPassingAsserts":2,"retryReasons":[],"status":"passed","title":"should render home page jwt text when authenticated"}],"endTime":1777254050890,"message":"","name":"C:\\projects\\simple-budget\\mobile\\__tests__\\e2e\\navigation.e2e.test.tsx","startTime":1777254050633,"status":"passed","summary":""},{"assertionResults":[{"ancestorTitles":["RegistrationPage"],"duration":45,"failureDetails":[],"failureMessages":[],"fullName":"RegistrationPage successful registration navigates to /(tabs)/login after 1200ms","invocations":1,"location":null,"numPassingAsserts":2,"retryReasons":[],"status":"passed","title":"successful registration navigates to /(tabs)/login after 1200ms"},{"ancestorTitles":["RegistrationPage"],"duration":6,"failureDetails":[],"failureMessages":[],"fullName":"RegistrationPage failed registration shows error message","invocations":1,"location":null,"numPassingAsserts":2,"retryReasons":[],"status":"passed","title":"failed registration shows error message"}],"endTime":1777254051076,"message":"","name":"C:\\projects\\simple-budget\\mobile\\__tests__\\RegistrationPage.test.tsx","startTime":1777254050898,"status":"passed","summary":""},{"assertionResults":[{"ancestorTitles":["LoginPage"],"duration":68,"failureDetails":[],"failureMessages":[],"fullName":"LoginPage successful login shows success, sets jwt, and navigates to /(tabs)","invocations":1,"location":null,"numPassingAsserts":3,"retryReasons":[],"status":"passed","title":"successful login shows success, sets jwt, and navigates to /(tabs)"},{"ancestorTitles":["LoginPage"],"duration":4,"failureDetails":[],"failureMessages":[],"fullName":"LoginPage failed login shows error message","invocations":1,"location":null,"numPassingAsserts":2,"retryReasons":[],"status":"passed","title":"failed login shows error message"}],"endTime":1777254051342,"message":"","name":"C:\\projects\\simple-budget\\mobile\\__tests__\\LoginPage.test.tsx","startTime":1777254051086,"status":"passed","summary":""},{"assertionResults":[{"ancestorTitles":["ExpenseCard"],"duration":37,"failureDetails":[],"failureMessages":[],"fullName":"ExpenseCard renders header, amount, and note","invocations":1,"location":null,"numPassingAsserts":3,"retryReasons":[],"status":"passed","title":"renders header, amount, and note"},{"ancestorTitles":["ExpenseCard"],"duration":1,"failureDetails":[],"failureMessages":[],"fullName":"ExpenseCard formats zero amount with dollar prefix","invocations":1,"location":null,"numPassingAsserts":1,"retryReasons":[],"status":"passed","title":"formats zero amount with dollar prefix"}],"endTime":1777254051521,"message":"","name":"C:\\projects\\simple-budget\\mobile\\__tests__\\ExpenseCard.test.tsx","startTime":1777254051350,"status":"passed","summary":""}],"wasInterrupted":false,"coverageMap":{"C:\\projects\\simple-budget\\mobile\\utilities\\api.ts":{"path":"C:\\projects\\simple-budget\\mobile\\utilities\\api.ts","statementMap":{"0":{"start":{"line":1,"column":29},"end":{"line":1,"column":52}},"1":{"start":{"line":2,"column":27},"end":{"line":2,"column":36}},"2":{"start":{"line":3,"column":35},"end":{"line":3,"column":40}},"3":{"start":{"line":6,"column":2},"end":{"line":6,"column":58}},"4":{"start":{"line":10,"column":2},"end":{"line":10,"column":53}},"5":{"start":{"line":14,"column":2},"end":{"line":16,"column":3}},"6":{"start":{"line":15,"column":4},"end":{"line":15,"column":14}},"7":{"start":{"line":18,"column":2},"end":{"line":18,"column":50}},"8":{"start":{"line":22,"column":28},"end":{"line":22,"column":64}},"9":{"start":{"line":23,"column":23},"end":{"line":23,"column":68}},"10":{"start":{"line":25,"column":2},"end":{"line":29,"column":3}},"11":{"start":{"line":26,"column":4},"end":{"line":28,"column":6}},"12":{"start":{"line":31,"column":2},"end":{"line":36,"column":3}},"13":{"start":{"line":32,"column":4},"end":{"line":32,"column":40}},"14":{"start":{"line":33,"column":4},"end":{"line":35,"column":6}},"15":{"start":{"line":38,"column":2},"end":{"line":38,"column":70}},"16":{"start":{"line":42,"column":27},"end":{"line":42,"column":61}},"17":{"start":{"line":43,"column":2},"end":{"line":43,"column":87}},"18":{"start":{"line":47,"column":2},"end":{"line":47,"column":69}}},"fnMap":{"0":{"name":"trimTrailingSlash","decl":{"start":{"line":5,"column":9},"end":{"line":5,"column":26}},"loc":{"start":{"line":5,"column":42},"end":{"line":7,"column":1}},"line":5},"1":{"name":"ensureLeadingSlash","decl":{"start":{"line":9,"column":9},"end":{"line":9,"column":27}},"loc":{"start":{"line":9,"column":43},"end":{"line":11,"column":1}},"line":9},"2":{"name":"normalizePath","decl":{"start":{"line":13,"column":9},"end":{"line":13,"column":22}},"loc":{"start":{"line":13,"column":37},"end":{"line":19,"column":1}},"line":13},"3":{"name":"getApiBaseUrl","decl":{"start":{"line":21,"column":16},"end":{"line":21,"column":29}},"loc":{"start":{"line":21,"column":32},"end":{"line":39,"column":1}},"line":21},"4":{"name":"getApiPrefix","decl":{"start":{"line":41,"column":16},"end":{"line":41,"column":28}},"loc":{"start":{"line":41,"column":31},"end":{"line":44,"column":1}},"line":41},"5":{"name":"getApiUrl","decl":{"start":{"line":46,"column":24},"end":{"line":46,"column":33}},"loc":{"start":{"line":46,"column":48},"end":{"line":48,"column":1}},"line":46}},"branchMap":{"0":{"loc":{"start":{"line":6,"column":9},"end":{"line":6,"column":57}},"type":"cond-expr","locations":[{"start":{"line":6,"column":31},"end":{"line":6,"column":49}},{"start":{"line":6,"column":52},"end":{"line":6,"column":57}}],"line":6},"1":{"loc":{"start":{"line":10,"column":9},"end":{"line":10,"column":52}},"type":"cond-expr","locations":[{"start":{"line":10,"column":33},"end":{"line":10,"column":38}},{"start":{"line":10,"column":41},"end":{"line":10,"column":52}}],"line":10},"2":{"loc":{"start":{"line":14,"column":2},"end":{"line":16,"column":3}},"type":"if","locations":[{"start":{"line":14,"column":2},"end":{"line":16,"column":3}},{"start":{},"end":{}}],"line":14},"3":{"loc":{"start":{"line":18,"column":9},"end":{"line":18,"column":49}},"type":"cond-expr","locations":[{"start":{"line":18,"column":32},"end":{"line":18,"column":36}},{"start":{"line":18,"column":39},"end":{"line":18,"column":49}}],"line":18},"4":{"loc":{"start":{"line":25,"column":2},"end":{"line":29,"column":3}},"type":"if","locations":[{"start":{"line":25,"column":2},"end":{"line":29,"column":3}},{"start":{},"end":{}}],"line":25},"5":{"loc":{"start":{"line":25,"column":6},"end":{"line":25,"column":81}},"type":"binary-expr","locations":[{"start":{"line":25,"column":6},"end":{"line":25,"column":24}},{"start":{"line":25,"column":28},"end":{"line":25,"column":40}},{"start":{"line":25,"column":44},"end":{"line":25,"column":81}}],"line":25},"6":{"loc":{"start":{"line":31,"column":2},"end":{"line":36,"column":3}},"type":"if","locations":[{"start":{"line":31,"column":2},"end":{"line":36,"column":3}},{"start":{},"end":{}}],"line":31},"7":{"loc":{"start":{"line":31,"column":6},"end":{"line":31,"column":92}},"type":"binary-expr","locations":[{"start":{"line":31,"column":6},"end":{"line":31,"column":24}},{"start":{"line":31,"column":28},"end":{"line":31,"column":59}},{"start":{"line":31,"column":63},"end":{"line":31,"column":92}}],"line":31},"8":{"loc":{"start":{"line":38,"column":27},"end":{"line":38,"column":68}},"type":"binary-expr","locations":[{"start":{"line":38,"column":27},"end":{"line":38,"column":44}},{"start":{"line":38,"column":48},"end":{"line":38,"column":68}}],"line":38},"9":{"loc":{"start":{"line":43,"column":46},"end":{"line":43,"column":84}},"type":"binary-expr","locations":[{"start":{"line":43,"column":46},"end":{"line":43,"column":62}},{"start":{"line":43,"column":66},"end":{"line":43,"column":84}}],"line":43}},"s":{"0":7,"1":7,"2":7,"3":74,"4":37,"5":37,"6":0,"7":37,"8":37,"9":37,"10":37,"11":0,"12":37,"13":0,"14":0,"15":37,"16":37,"17":37,"18":37},"f":{"0":74,"1":37,"2":37,"3":37,"4":37,"5":37},"b":{"0":[0,74],"1":[37,0],"2":[0,37],"3":[37,0],"4":[0,37],"5":[37,37,0],"6":[0,37],"7":[37,37,0],"8":[37,37],"9":[37,37]},"_coverageSchema":"1a1c01bbd47fc00a2c39e90264f33305004495a9","hash":"ff792c0f32bc3a0b1bcee51ac8fde5dfc4279b59"},"C:\\projects\\simple-budget\\mobile\\components\\WelcomePage.tsx":{"path":"C:\\projects\\simple-budget\\mobile\\components\\WelcomePage.tsx","statementMap":{"0":{"start":{"line":23,"column":18},"end":{"line":23,"column":40}},"1":{"start":{"line":24,"column":42},"end":{"line":24,"column":54}},"2":{"start":{"line":25,"column":38},"end":{"line":25,"column":71}},"3":{"start":{"line":26,"column":42},"end":{"line":26,"column":69}},"4":{"start":{"line":27,"column":56},"end":{"line":27,"column":71}},"5":{"start":{"line":28,"column":42},"end":{"line":28,"column":54}},"6":{"start":{"line":29,"column":54},"end":{"line":29,"column":69}},"7":{"start":{"line":30,"column":20},"end":{"line":30,"column":34}},"8":{"start":{"line":32,"column":22},"end":{"line":69,"column":11}},"9":{"start":{"line":33,"column":4},"end":{"line":68,"column":5}},"10":{"start":{"line":34,"column":18},"end":{"line":34,"column":53}},"11":{"start":{"line":35,"column":22},"end":{"line":41,"column":7}},"12":{"start":{"line":42,"column":23},"end":{"line":42,"column":48}},"13":{"start":{"line":43,"column":19},"end":{"line":43,"column":40}},"14":{"start":{"line":44,"column":6},"end":{"line":44,"column":24}},"15":{"start":{"line":45,"column":31},"end":{"line":49,"column":7}},"16":{"start":{"line":51,"column":6},"end":{"line":65,"column":7}},"17":{"start":{"line":52,"column":8},"end":{"line":52,"column":54}},"18":{"start":{"line":53,"column":8},"end":{"line":53,"column":28}},"19":{"start":{"line":54,"column":8},"end":{"line":54,"column":38}},"20":{"start":{"line":55,"column":8},"end":{"line":55,"column":42}},"21":{"start":{"line":56,"column":13},"end":{"line":65,"column":7}},"22":{"start":{"line":57,"column":8},"end":{"line":57,"column":37}},"23":{"start":{"line":58,"column":8},"end":{"line":58,"column":28}},"24":{"start":{"line":59,"column":8},"end":{"line":59,"column":28}},"25":{"start":{"line":61,"column":8},"end":{"line":61,"column":58}},"26":{"start":{"line":62,"column":24},"end":{"line":62,"column":74}},"27":{"start":{"line":63,"column":8},"end":{"line":63,"column":33}},"28":{"start":{"line":64,"column":8},"end":{"line":64,"column":33}},"29":{"start":{"line":67,"column":6},"end":{"line":67,"column":27}},"30":{"start":{"line":71,"column":23},"end":{"line":113,"column":3}},"31":{"start":{"line":72,"column":27},"end":{"line":72,"column":51}},"32":{"start":{"line":73,"column":4},"end":{"line":76,"column":5}},"33":{"start":{"line":74,"column":6},"end":{"line":74,"column":75}},"34":{"start":{"line":75,"column":6},"end":{"line":75,"column":13}},"35":{"start":{"line":78,"column":25},"end":{"line":78,"column":61}},"36":{"start":{"line":79,"column":16},"end":{"line":79,"column":37}},"37":{"start":{"line":80,"column":20},"end":{"line":90,"column":5}},"38":{"start":{"line":92,"column":4},"end":{"line":112,"column":5}},"39":{"start":{"line":93,"column":6},"end":{"line":93,"column":34}},"40":{"start":{"line":94,"column":23},"end":{"line":94,"column":48}},"41":{"start":{"line":95,"column":19},"end":{"line":95,"column":40}},"42":{"start":{"line":97,"column":6},"end":{"line":106,"column":7}},"43":{"start":{"line":98,"column":8},"end":{"line":98,"column":28}},"44":{"start":{"line":99,"column":8},"end":{"line":99,"column":28}},"45":{"start":{"line":100,"column":8},"end":{"line":100,"column":38}},"46":{"start":{"line":101,"column":8},"end":{"line":101,"column":28}},"47":{"start":{"line":102,"column":8},"end":{"line":102,"column":30}},"48":{"start":{"line":104,"column":24},"end":{"line":104,"column":72}},"49":{"start":{"line":105,"column":8},"end":{"line":105,"column":33}},"50":{"start":{"line":108,"column":6},"end":{"line":108,"column":27}},"51":{"start":{"line":109,"column":6},"end":{"line":109,"column":49}},"52":{"start":{"line":111,"column":6},"end":{"line":111,"column":35}},"53":{"start":{"line":115,"column":24},"end":{"line":136,"column":11}},"54":{"start":{"line":116,"column":16},"end":{"line":116,"column":52}},"55":{"start":{"line":117,"column":20},"end":{"line":123,"column":5}},"56":{"start":{"line":124,"column":4},"end":{"line":135,"column":5}},"57":{"start":{"line":125,"column":23},"end":{"line":125,"column":48}},"58":{"start":{"line":126,"column":19},"end":{"line":126,"column":40}},"59":{"start":{"line":127,"column":6},"end":{"line":127,"column":24}},"60":{"start":{"line":128,"column":6},"end":{"line":132,"column":7}},"61":{"start":{"line":129,"column":8},"end":{"line":129,"column":30}},"62":{"start":{"line":131,"column":8},"end":{"line":131,"column":78}},"63":{"start":{"line":134,"column":6},"end":{"line":134,"column":27}},"64":{"start":{"line":137,"column":2},"end":{"line":140,"column":20}},"65":{"start":{"line":138,"column":4},"end":{"line":138,"column":18}},"66":{"start":{"line":139,"column":4},"end":{"line":139,"column":24}},"67":{"start":{"line":142,"column":2},"end":{"line":149,"column":31}},"68":{"start":{"line":143,"column":4},"end":{"line":143,"column":72}},"69":{"start":{"line":144,"column":4},"end":{"line":144,"column":24}},"70":{"start":{"line":145,"column":4},"end":{"line":145,"column":24}},"71":{"start":{"line":146,"column":4},"end":{"line":146,"column":71}},"72":{"start":{"line":147,"column":4},"end":{"line":147,"column":18}},"73":{"start":{"line":148,"column":4},"end":{"line":148,"column":24}},"74":{"start":{"line":151,"column":2},"end":{"line":155,"column":34}},"75":{"start":{"line":152,"column":4},"end":{"line":154,"column":5}},"76":{"start":{"line":153,"column":6},"end":{"line":153,"column":22}},"77":{"start":{"line":157,"column":25},"end":{"line":161,"column":3}},"78":{"start":{"line":162,"column":2},"end":{"line":164,"column":3}},"79":{"start":{"line":163,"column":4},"end":{"line":163,"column":38}},"80":{"start":{"line":165,"column":2},"end":{"line":189,"column":4}},"81":{"start":{"line":185,"column":10},"end":{"line":185,"column":118}}},"fnMap":{"0":{"name":"WelcomePage","decl":{"start":{"line":22,"column":9},"end":{"line":22,"column":20}},"loc":{"start":{"line":22,"column":23},"end":{"line":190,"column":1}},"line":22},"1":{"name":"(anonymous_1)","decl":{"start":{"line":32,"column":34},"end":{"line":32,"column":35}},"loc":{"start":{"line":32,"column":46},"end":{"line":69,"column":3}},"line":32},"2":{"name":"(anonymous_2)","decl":{"start":{"line":71,"column":23},"end":{"line":71,"column":24}},"loc":{"start":{"line":71,"column":35},"end":{"line":113,"column":3}},"line":71},"3":{"name":"(anonymous_3)","decl":{"start":{"line":115,"column":36},"end":{"line":115,"column":37}},"loc":{"start":{"line":115,"column":48},"end":{"line":136,"column":3}},"line":115},"4":{"name":"(anonymous_4)","decl":{"start":{"line":137,"column":12},"end":{"line":137,"column":13}},"loc":{"start":{"line":137,"column":18},"end":{"line":140,"column":3}},"line":137},"5":{"name":"(anonymous_5)","decl":{"start":{"line":142,"column":12},"end":{"line":142,"column":13}},"loc":{"start":{"line":142,"column":18},"end":{"line":149,"column":3}},"line":142},"6":{"name":"(anonymous_6)","decl":{"start":{"line":151,"column":12},"end":{"line":151,"column":13}},"loc":{"start":{"line":151,"column":18},"end":{"line":155,"column":3}},"line":151},"7":{"name":"(anonymous_7)","decl":{"start":{"line":184,"column":56},"end":{"line":184,"column":57}},"loc":{"start":{"line":185,"column":10},"end":{"line":185,"column":118}},"line":185}},"branchMap":{"0":{"loc":{"start":{"line":46,"column":8},"end":{"line":48,"column":58}},"type":"binary-expr","locations":[{"start":{"line":46,"column":8},"end":{"line":46,"column":12}},{"start":{"line":47,"column":8},"end":{"line":47,"column":32}},{"start":{"line":48,"column":8},"end":{"line":48,"column":58}}],"line":46},"1":{"loc":{"start":{"line":51,"column":6},"end":{"line":65,"column":7}},"type":"if","locations":[{"start":{"line":51,"column":6},"end":{"line":65,"column":7}},{"start":{"line":56,"column":13},"end":{"line":65,"column":7}}],"line":51},"2":{"loc":{"start":{"line":51,"column":10},"end":{"line":51,"column":41}},"type":"binary-expr","locations":[{"start":{"line":51,"column":10},"end":{"line":51,"column":21}},{"start":{"line":51,"column":25},"end":{"line":51,"column":41}}],"line":51},"3":{"loc":{"start":{"line":56,"column":13},"end":{"line":65,"column":7}},"type":"if","locations":[{"start":{"line":56,"column":13},"end":{"line":65,"column":7}},{"start":{"line":60,"column":13},"end":{"line":65,"column":7}}],"line":56},"4":{"loc":{"start":{"line":56,"column":17},"end":{"line":56,"column":78}},"type":"binary-expr","locations":[{"start":{"line":56,"column":17},"end":{"line":56,"column":40}},{"start":{"line":56,"column":45},"end":{"line":56,"column":56}},{"start":{"line":56,"column":60},"end":{"line":56,"column":77}}],"line":56},"5":{"loc":{"start":{"line":73,"column":4},"end":{"line":76,"column":5}},"type":"if","locations":[{"start":{"line":73,"column":4},"end":{"line":76,"column":5}},{"start":{},"end":{}}],"line":73},"6":{"loc":{"start":{"line":73,"column":8},"end":{"line":73,"column":59}},"type":"binary-expr","locations":[{"start":{"line":73,"column":8},"end":{"line":73,"column":36}},{"start":{"line":73,"column":40},"end":{"line":73,"column":59}}],"line":73},"7":{"loc":{"start":{"line":97,"column":6},"end":{"line":106,"column":7}},"type":"if","locations":[{"start":{"line":97,"column":6},"end":{"line":106,"column":7}},{"start":{"line":103,"column":13},"end":{"line":106,"column":7}}],"line":97},"8":{"loc":{"start":{"line":128,"column":6},"end":{"line":132,"column":7}},"type":"if","locations":[{"start":{"line":128,"column":6},"end":{"line":132,"column":7}},{"start":{"line":130,"column":13},"end":{"line":132,"column":7}}],"line":128},"9":{"loc":{"start":{"line":152,"column":4},"end":{"line":154,"column":5}},"type":"if","locations":[{"start":{"line":152,"column":4},"end":{"line":154,"column":5}},{"start":{},"end":{}}],"line":152},"10":{"loc":{"start":{"line":162,"column":2},"end":{"line":164,"column":3}},"type":"if","locations":[{"start":{"line":162,"column":2},"end":{"line":164,"column":3}},{"start":{},"end":{}}],"line":162},"11":{"loc":{"start":{"line":169,"column":9},"end":{"line":182,"column":16}},"type":"cond-expr","locations":[{"start":{"line":170,"column":10},"end":{"line":181,"column":13}},{"start":{"line":182,"column":12},"end":{"line":182,"column":16}}],"line":169},"12":{"loc":{"start":{"line":183,"column":9},"end":{"line":183,"column":130}},"type":"binary-expr","locations":[{"start":{"line":183,"column":9},"end":{"line":183,"column":19}},{"start":{"line":183,"column":23},"end":{"line":183,"column":130}}],"line":183},"13":{"loc":{"start":{"line":184,"column":9},"end":{"line":186,"column":10}},"type":"binary-expr","locations":[{"start":{"line":184,"column":9},"end":{"line":184,"column":19}},{"start":{"line":184,"column":23},"end":{"line":184,"column":35}},{"start":{"line":184,"column":39},"end":{"line":186,"column":10}}],"line":184},"14":{"loc":{"start":{"line":185,"column":96},"end":{"line":185,"column":114}},"type":"binary-expr","locations":[{"start":{"line":185,"column":96},"end":{"line":185,"column":108}},{"start":{"line":185,"column":112},"end":{"line":185,"column":114}}],"line":185}},"s":{"0":27,"1":27,"2":27,"3":27,"4":27,"5":27,"6":27,"7":27,"8":27,"9":14,"10":14,"11":14,"12":14,"13":14,"14":10,"15":10,"16":10,"17":4,"18":4,"19":4,"20":4,"21":6,"22":6,"23":6,"24":6,"25":0,"26":0,"27":0,"28":0,"29":4,"30":27,"31":2,"32":2,"33":1,"34":1,"35":1,"36":1,"37":1,"38":1,"39":1,"40":1,"41":1,"42":1,"43":1,"44":1,"45":1,"46":1,"47":1,"48":0,"49":0,"50":0,"51":0,"52":1,"53":27,"54":4,"55":4,"56":4,"57":4,"58":4,"59":4,"60":4,"61":4,"62":0,"63":0,"64":27,"65":7,"66":7,"67":27,"68":7,"69":7,"70":7,"71":7,"72":7,"73":7,"74":27,"75":10,"76":3,"77":27,"78":27,"79":4,"80":23,"81":2},"f":{"0":27,"1":14,"2":2,"3":4,"4":7,"5":7,"6":10,"7":2},"b":{"0":[10,10,10],"1":[4,6],"2":[10,4],"3":[6,0],"4":[6,0,0],"5":[1,1],"6":[2,2],"7":[1,0],"8":[4,0],"9":[3,7],"10":[4,23],"11":[7,16],"12":[23,6],"13":[23,6,6],"14":[2,0]},"_coverageSchema":"1a1c01bbd47fc00a2c39e90264f33305004495a9","hash":"9140ed75a2711fa1c4bb1a83745348cbd2c2e960"},"C:\\projects\\simple-budget\\mobile\\app\\context\\AppContext.tsx":{"path":"C:\\projects\\simple-budget\\mobile\\app\\context\\AppContext.tsx","statementMap":{"0":{"start":{"line":2,"column":19},"end":{"line":5,"column":2}}},"fnMap":{"0":{"name":"(anonymous_0)","decl":{"start":{"line":4,"column":10},"end":{"line":4,"column":11}},"loc":{"start":{"line":4,"column":27},"end":{"line":4,"column":29}},"line":4}},"branchMap":{},"s":{"0":3},"f":{"0":0},"b":{},"_coverageSchema":"1a1c01bbd47fc00a2c39e90264f33305004495a9","hash":"7f7770c388b8d06cc9195e7d549a0ea710af1964"},"C:\\projects\\simple-budget\\mobile\\components\\LoginPage.tsx":{"path":"C:\\projects\\simple-budget\\mobile\\components\\LoginPage.tsx","statementMap":{"0":{"start":{"line":11,"column":23},"end":{"line":11,"column":45}},"1":{"start":{"line":12,"column":30},"end":{"line":12,"column":42}},"2":{"start":{"line":13,"column":36},"end":{"line":13,"column":48}},"3":{"start":{"line":14,"column":44},"end":{"line":14,"column":56}},"4":{"start":{"line":15,"column":48},"end":{"line":15,"column":60}},"5":{"start":{"line":16,"column":22},"end":{"line":16,"column":36}},"6":{"start":{"line":18,"column":4},"end":{"line":25,"column":20}},"7":{"start":{"line":19,"column":8},"end":{"line":24,"column":9}},"8":{"start":{"line":20,"column":12},"end":{"line":20,"column":25}},"9":{"start":{"line":21,"column":12},"end":{"line":21,"column":28}},"10":{"start":{"line":22,"column":12},"end":{"line":22,"column":32}},"11":{"start":{"line":23,"column":12},"end":{"line":23,"column":34}},"12":{"start":{"line":27,"column":25},"end":{"line":32,"column":5}},"13":{"start":{"line":28,"column":8},"end":{"line":31,"column":9}},"14":{"start":{"line":29,"column":12},"end":{"line":29,"column":32}},"15":{"start":{"line":30,"column":12},"end":{"line":30,"column":34}},"16":{"start":{"line":34,"column":30},"end":{"line":71,"column":5}},"17":{"start":{"line":35,"column":8},"end":{"line":35,"column":39}},"18":{"start":{"line":36,"column":20},"end":{"line":36,"column":44}},"19":{"start":{"line":37,"column":24},"end":{"line":46,"column":9}},"20":{"start":{"line":47,"column":8},"end":{"line":70,"column":9}},"21":{"start":{"line":48,"column":29},"end":{"line":48,"column":54}},"22":{"start":{"line":49,"column":34},"end":{"line":49,"column":55}},"23":{"start":{"line":50,"column":12},"end":{"line":50,"column":30}},"24":{"start":{"line":51,"column":12},"end":{"line":67,"column":13}},"25":{"start":{"line":52,"column":16},"end":{"line":52,"column":55}},"26":{"start":{"line":53,"column":16},"end":{"line":53,"column":36}},"27":{"start":{"line":54,"column":16},"end":{"line":54,"column":54}},"28":{"start":{"line":55,"column":16},"end":{"line":59,"column":24}},"29":{"start":{"line":56,"column":20},"end":{"line":56,"column":42}},"30":{"start":{"line":57,"column":20},"end":{"line":57,"column":76}},"31":{"start":{"line":58,"column":20},"end":{"line":58,"column":46}},"32":{"start":{"line":62,"column":16},"end":{"line":62,"column":53}},"33":{"start":{"line":63,"column":32},"end":{"line":63,"column":69}},"34":{"start":{"line":64,"column":16},"end":{"line":64,"column":38}},"35":{"start":{"line":65,"column":16},"end":{"line":65,"column":41}},"36":{"start":{"line":66,"column":16},"end":{"line":66,"column":41}},"37":{"start":{"line":69,"column":12},"end":{"line":69,"column":33}},"38":{"start":{"line":72,"column":27},"end":{"line":76,"column":5}},"39":{"start":{"line":78,"column":4},"end":{"line":105,"column":6}},"40":{"start":{"line":89,"column":20},"end":{"line":89,"column":35}},"41":{"start":{"line":90,"column":20},"end":{"line":90,"column":36}},"42":{"start":{"line":98,"column":20},"end":{"line":98,"column":35}},"43":{"start":{"line":99,"column":20},"end":{"line":99,"column":39}}},"fnMap":{"0":{"name":"LoginPage","decl":{"start":{"line":10,"column":24},"end":{"line":10,"column":33}},"loc":{"start":{"line":10,"column":36},"end":{"line":106,"column":1}},"line":10},"1":{"name":"(anonymous_1)","decl":{"start":{"line":18,"column":14},"end":{"line":18,"column":15}},"loc":{"start":{"line":18,"column":20},"end":{"line":25,"column":5}},"line":18},"2":{"name":"(anonymous_2)","decl":{"start":{"line":27,"column":25},"end":{"line":27,"column":26}},"loc":{"start":{"line":27,"column":31},"end":{"line":32,"column":5}},"line":27},"3":{"name":"(anonymous_3)","decl":{"start":{"line":34,"column":30},"end":{"line":34,"column":31}},"loc":{"start":{"line":34,"column":42},"end":{"line":71,"column":5}},"line":34},"4":{"name":"(anonymous_4)","decl":{"start":{"line":55,"column":27},"end":{"line":55,"column":28}},"loc":{"start":{"line":55,"column":33},"end":{"line":59,"column":17}},"line":55},"5":{"name":"(anonymous_5)","decl":{"start":{"line":88,"column":30},"end":{"line":88,"column":31}},"loc":{"start":{"line":88,"column":41},"end":{"line":91,"column":17}},"line":88},"6":{"name":"(anonymous_6)","decl":{"start":{"line":97,"column":30},"end":{"line":97,"column":31}},"loc":{"start":{"line":97,"column":41},"end":{"line":100,"column":17}},"line":97}},"branchMap":{"0":{"loc":{"start":{"line":19,"column":8},"end":{"line":24,"column":9}},"type":"if","locations":[{"start":{"line":19,"column":8},"end":{"line":24,"column":9}},{"start":{},"end":{}}],"line":19},"1":{"loc":{"start":{"line":28,"column":8},"end":{"line":31,"column":9}},"type":"if","locations":[{"start":{"line":28,"column":8},"end":{"line":31,"column":9}},{"start":{},"end":{}}],"line":28},"2":{"loc":{"start":{"line":28,"column":12},"end":{"line":28,"column":42}},"type":"binary-expr","locations":[{"start":{"line":28,"column":12},"end":{"line":28,"column":24}},{"start":{"line":28,"column":28},"end":{"line":28,"column":42}}],"line":28},"3":{"loc":{"start":{"line":51,"column":12},"end":{"line":67,"column":13}},"type":"if","locations":[{"start":{"line":51,"column":12},"end":{"line":67,"column":13}},{"start":{"line":60,"column":19},"end":{"line":67,"column":13}}],"line":51},"4":{"loc":{"start":{"line":82,"column":13},"end":{"line":82,"column":89}},"type":"cond-expr","locations":[{"start":{"line":82,"column":28},"end":{"line":82,"column":82}},{"start":{"line":82,"column":85},"end":{"line":82,"column":89}}],"line":82},"5":{"loc":{"start":{"line":83,"column":13},"end":{"line":83,"column":94}},"type":"cond-expr","locations":[{"start":{"line":83,"column":30},"end":{"line":83,"column":87}},{"start":{"line":83,"column":90},"end":{"line":83,"column":94}}],"line":83}},"s":{"0":17,"1":17,"2":17,"3":17,"4":17,"5":17,"6":17,"7":5,"8":5,"9":5,"10":5,"11":5,"12":17,"13":6,"14":0,"15":0,"16":17,"17":4,"18":4,"19":4,"20":4,"21":4,"22":4,"23":4,"24":4,"25":2,"26":2,"27":2,"28":2,"29":2,"30":2,"31":2,"32":2,"33":2,"34":2,"35":2,"36":2,"37":2,"38":17,"39":17,"40":3,"41":3,"42":3,"43":3},"f":{"0":17,"1":5,"2":6,"3":4,"4":2,"5":3,"6":3},"b":{"0":[5,0],"1":[0,6],"2":[6,6],"3":[2,2],"4":[2,15],"5":[2,15]},"_coverageSchema":"1a1c01bbd47fc00a2c39e90264f33305004495a9","hash":"bac468cd4d6b19161605641778fd9d0dbb787770"},"C:\\projects\\simple-budget\\mobile\\styles\\shared.tsx":{"path":"C:\\projects\\simple-budget\\mobile\\styles\\shared.tsx","statementMap":{"0":{"start":{"line":3,"column":20},"end":{"line":10,"column":2}},"1":{"start":{"line":12,"column":17},"end":{"line":12,"column":50}},"2":{"start":{"line":13,"column":20},"end":{"line":19,"column":1}},"3":{"start":{"line":20,"column":21},"end":{"line":24,"column":2}},"4":{"start":{"line":25,"column":21},"end":{"line":30,"column":1}}},"fnMap":{},"branchMap":{},"s":{"0":5,"1":5,"2":5,"3":5,"4":5},"f":{},"b":{},"_coverageSchema":"1a1c01bbd47fc00a2c39e90264f33305004495a9","hash":"2f0343ece30085205a8faf4c44989562a2692e4f"},"C:\\projects\\simple-budget\\mobile\\components\\RegistrationPage.tsx":{"path":"C:\\projects\\simple-budget\\mobile\\components\\RegistrationPage.tsx","statementMap":{"0":{"start":{"line":11,"column":28},"end":{"line":11,"column":40}},"1":{"start":{"line":12,"column":34},"end":{"line":12,"column":46}},"2":{"start":{"line":13,"column":48},"end":{"line":13,"column":60}},"3":{"start":{"line":14,"column":34},"end":{"line":14,"column":46}},"4":{"start":{"line":15,"column":42},"end":{"line":15,"column":54}},"5":{"start":{"line":16,"column":46},"end":{"line":16,"column":58}},"6":{"start":{"line":17,"column":20},"end":{"line":17,"column":34}},"7":{"start":{"line":19,"column":24},"end":{"line":24,"column":3}},"8":{"start":{"line":20,"column":4},"end":{"line":23,"column":5}},"9":{"start":{"line":21,"column":6},"end":{"line":21,"column":26}},"10":{"start":{"line":22,"column":6},"end":{"line":22,"column":28}},"11":{"start":{"line":26,"column":2},"end":{"line":28,"column":9}},"12":{"start":{"line":27,"column":4},"end":{"line":27,"column":40}},"13":{"start":{"line":30,"column":2},"end":{"line":39,"column":18}},"14":{"start":{"line":31,"column":4},"end":{"line":38,"column":5}},"15":{"start":{"line":32,"column":6},"end":{"line":32,"column":19}},"16":{"start":{"line":33,"column":6},"end":{"line":33,"column":22}},"17":{"start":{"line":34,"column":6},"end":{"line":34,"column":22}},"18":{"start":{"line":35,"column":6},"end":{"line":35,"column":29}},"19":{"start":{"line":36,"column":6},"end":{"line":36,"column":26}},"20":{"start":{"line":37,"column":6},"end":{"line":37,"column":28}},"21":{"start":{"line":40,"column":35},"end":{"line":89,"column":3}},"22":{"start":{"line":41,"column":4},"end":{"line":41,"column":35}},"23":{"start":{"line":42,"column":4},"end":{"line":46,"column":5}},"24":{"start":{"line":43,"column":6},"end":{"line":43,"column":28}},"25":{"start":{"line":44,"column":6},"end":{"line":44,"column":48}},"26":{"start":{"line":45,"column":6},"end":{"line":45,"column":13}},"27":{"start":{"line":48,"column":16},"end":{"line":48,"column":43}},"28":{"start":{"line":49,"column":20},"end":{"line":59,"column":5}},"29":{"start":{"line":61,"column":4},"end":{"line":88,"column":5}},"30":{"start":{"line":62,"column":23},"end":{"line":62,"column":48}},"31":{"start":{"line":63,"column":19},"end":{"line":63,"column":40}},"32":{"start":{"line":64,"column":6},"end":{"line":64,"column":24}},"33":{"start":{"line":65,"column":6},"end":{"line":85,"column":7}},"34":{"start":{"line":66,"column":8},"end":{"line":66,"column":48}},"35":{"start":{"line":67,"column":8},"end":{"line":67,"column":28}},"36":{"start":{"line":68,"column":8},"end":{"line":68,"column":53}},"37":{"start":{"line":69,"column":8},"end":{"line":69,"column":21}},"38":{"start":{"line":70,"column":8},"end":{"line":70,"column":24}},"39":{"start":{"line":71,"column":8},"end":{"line":71,"column":24}},"40":{"start":{"line":72,"column":8},"end":{"line":72,"column":31}},"41":{"start":{"line":73,"column":8},"end":{"line":77,"column":17}},"42":{"start":{"line":74,"column":10},"end":{"line":74,"column":32}},"43":{"start":{"line":75,"column":10},"end":{"line":75,"column":30}},"44":{"start":{"line":76,"column":10},"end":{"line":76,"column":42}},"45":{"start":{"line":80,"column":8},"end":{"line":80,"column":52}},"46":{"start":{"line":81,"column":24},"end":{"line":81,"column":68}},"47":{"start":{"line":82,"column":8},"end":{"line":82,"column":30}},"48":{"start":{"line":83,"column":8},"end":{"line":83,"column":33}},"49":{"start":{"line":84,"column":8},"end":{"line":84,"column":33}},"50":{"start":{"line":87,"column":6},"end":{"line":87,"column":27}},"51":{"start":{"line":90,"column":2},"end":{"line":151,"column":4}},"52":{"start":{"line":104,"column":10},"end":{"line":104,"column":26}},"53":{"start":{"line":105,"column":10},"end":{"line":105,"column":26}},"54":{"start":{"line":114,"column":10},"end":{"line":114,"column":26}},"55":{"start":{"line":115,"column":10},"end":{"line":115,"column":29}},"56":{"start":{"line":125,"column":10},"end":{"line":125,"column":26}},"57":{"start":{"line":126,"column":10},"end":{"line":126,"column":29}},"58":{"start":{"line":137,"column":10},"end":{"line":137,"column":26}},"59":{"start":{"line":138,"column":10},"end":{"line":138,"column":36}}},"fnMap":{"0":{"name":"RegistrationPage","decl":{"start":{"line":10,"column":24},"end":{"line":10,"column":40}},"loc":{"start":{"line":10,"column":43},"end":{"line":152,"column":1}},"line":10},"1":{"name":"(anonymous_1)","decl":{"start":{"line":19,"column":24},"end":{"line":19,"column":25}},"loc":{"start":{"line":19,"column":30},"end":{"line":24,"column":3}},"line":19},"2":{"name":"(anonymous_2)","decl":{"start":{"line":26,"column":12},"end":{"line":26,"column":13}},"loc":{"start":{"line":26,"column":18},"end":{"line":28,"column":3}},"line":26},"3":{"name":"(anonymous_3)","decl":{"start":{"line":30,"column":12},"end":{"line":30,"column":13}},"loc":{"start":{"line":30,"column":18},"end":{"line":39,"column":3}},"line":30},"4":{"name":"(anonymous_4)","decl":{"start":{"line":40,"column":35},"end":{"line":40,"column":36}},"loc":{"start":{"line":40,"column":47},"end":{"line":89,"column":3}},"line":40},"5":{"name":"(anonymous_5)","decl":{"start":{"line":73,"column":19},"end":{"line":73,"column":20}},"loc":{"start":{"line":73,"column":25},"end":{"line":77,"column":9}},"line":73},"6":{"name":"(anonymous_6)","decl":{"start":{"line":103,"column":22},"end":{"line":103,"column":23}},"loc":{"start":{"line":103,"column":33},"end":{"line":106,"column":9}},"line":103},"7":{"name":"(anonymous_7)","decl":{"start":{"line":113,"column":22},"end":{"line":113,"column":23}},"loc":{"start":{"line":113,"column":33},"end":{"line":116,"column":9}},"line":113},"8":{"name":"(anonymous_8)","decl":{"start":{"line":124,"column":22},"end":{"line":124,"column":23}},"loc":{"start":{"line":124,"column":33},"end":{"line":127,"column":9}},"line":124},"9":{"name":"(anonymous_9)","decl":{"start":{"line":136,"column":22},"end":{"line":136,"column":23}},"loc":{"start":{"line":136,"column":33},"end":{"line":139,"column":9}},"line":136}},"branchMap":{"0":{"loc":{"start":{"line":20,"column":4},"end":{"line":23,"column":5}},"type":"if","locations":[{"start":{"line":20,"column":4},"end":{"line":23,"column":5}},{"start":{},"end":{}}],"line":20},"1":{"loc":{"start":{"line":20,"column":8},"end":{"line":20,"column":38}},"type":"binary-expr","locations":[{"start":{"line":20,"column":8},"end":{"line":20,"column":20}},{"start":{"line":20,"column":24},"end":{"line":20,"column":38}}],"line":20},"2":{"loc":{"start":{"line":31,"column":4},"end":{"line":38,"column":5}},"type":"if","locations":[{"start":{"line":31,"column":4},"end":{"line":38,"column":5}},{"start":{},"end":{}}],"line":31},"3":{"loc":{"start":{"line":42,"column":4},"end":{"line":46,"column":5}},"type":"if","locations":[{"start":{"line":42,"column":4},"end":{"line":46,"column":5}},{"start":{},"end":{}}],"line":42},"4":{"loc":{"start":{"line":42,"column":8},"end":{"line":42,"column":55}},"type":"binary-expr","locations":[{"start":{"line":42,"column":8},"end":{"line":42,"column":23}},{"start":{"line":42,"column":27},"end":{"line":42,"column":55}}],"line":42},"5":{"loc":{"start":{"line":65,"column":6},"end":{"line":85,"column":7}},"type":"if","locations":[{"start":{"line":65,"column":6},"end":{"line":85,"column":7}},{"start":{"line":78,"column":13},"end":{"line":85,"column":7}}],"line":65},"6":{"loc":{"start":{"line":95,"column":7},"end":{"line":95,"column":77}},"type":"binary-expr","locations":[{"start":{"line":95,"column":7},"end":{"line":95,"column":19}},{"start":{"line":95,"column":23},"end":{"line":95,"column":77}}],"line":95},"7":{"loc":{"start":{"line":96,"column":7},"end":{"line":96,"column":82}},"type":"binary-expr","locations":[{"start":{"line":96,"column":7},"end":{"line":96,"column":21}},{"start":{"line":96,"column":25},"end":{"line":96,"column":82}}],"line":96}},"s":{"0":19,"1":19,"2":19,"3":19,"4":19,"5":19,"6":19,"7":19,"8":9,"9":0,"10":0,"11":19,"12":5,"13":19,"14":5,"15":5,"16":5,"17":5,"18":5,"19":5,"20":5,"21":19,"22":4,"23":4,"24":1,"25":1,"26":1,"27":3,"28":3,"29":3,"30":3,"31":3,"32":3,"33":3,"34":2,"35":2,"36":2,"37":2,"38":2,"39":2,"40":2,"41":2,"42":1,"43":1,"44":1,"45":1,"46":1,"47":1,"48":1,"49":1,"50":1,"51":19,"52":3,"53":3,"54":1,"55":1,"56":3,"57":3,"58":2,"59":2},"f":{"0":19,"1":9,"2":5,"3":5,"4":4,"5":1,"6":3,"7":1,"8":3,"9":2},"b":{"0":[0,9],"1":[9,9],"2":[5,0],"3":[1,3],"4":[4,2],"5":[2,1],"6":[19,2],"7":[19,2]},"_coverageSchema":"1a1c01bbd47fc00a2c39e90264f33305004495a9","hash":"99fadf800df37342d5c0bc8fa2179c0400239a63"},"C:\\projects\\simple-budget\\mobile\\components\\AddExpenseForm.tsx":{"path":"C:\\projects\\simple-budget\\mobile\\components\\AddExpenseForm.tsx","statementMap":{"0":{"start":{"line":11,"column":16},"end":{"line":11,"column":42}},"1":{"start":{"line":12,"column":19},"end":{"line":12,"column":30}},"2":{"start":{"line":13,"column":44},"end":{"line":13,"column":56}},"3":{"start":{"line":14,"column":48},"end":{"line":14,"column":60}},"4":{"start":{"line":15,"column":36},"end":{"line":15,"column":48}},"5":{"start":{"line":16,"column":32},"end":{"line":16,"column":44}},"6":{"start":{"line":17,"column":28},"end":{"line":17,"column":40}},"7":{"start":{"line":18,"column":38},"end":{"line":18,"column":68}},"8":{"start":{"line":19,"column":22},"end":{"line":19,"column":36}},"9":{"start":{"line":21,"column":30},"end":{"line":40,"column":13}},"10":{"start":{"line":22,"column":8},"end":{"line":39,"column":9}},"11":{"start":{"line":23,"column":24},"end":{"line":23,"column":59}},"12":{"start":{"line":24,"column":28},"end":{"line":30,"column":13}},"13":{"start":{"line":31,"column":29},"end":{"line":31,"column":54}},"14":{"start":{"line":32,"column":25},"end":{"line":32,"column":46}},"15":{"start":{"line":34,"column":33},"end":{"line":34,"column":105}},"16":{"start":{"line":35,"column":12},"end":{"line":35,"column":39}},"17":{"start":{"line":37,"column":12},"end":{"line":37,"column":59}},"18":{"start":{"line":38,"column":12},"end":{"line":38,"column":32}},"19":{"start":{"line":42,"column":4},"end":{"line":46,"column":44}},"20":{"start":{"line":43,"column":8},"end":{"line":45,"column":9}},"21":{"start":{"line":44,"column":12},"end":{"line":44,"column":32}},"22":{"start":{"line":48,"column":29},"end":{"line":89,"column":5}},"23":{"start":{"line":49,"column":8},"end":{"line":49,"column":39}},"24":{"start":{"line":50,"column":20},"end":{"line":50,"column":42}},"25":{"start":{"line":51,"column":24},"end":{"line":63,"column":9}},"26":{"start":{"line":64,"column":8},"end":{"line":88,"column":9}},"27":{"start":{"line":65,"column":29},"end":{"line":65,"column":54}},"28":{"start":{"line":66,"column":34},"end":{"line":66,"column":55}},"29":{"start":{"line":67,"column":12},"end":{"line":67,"column":30}},"30":{"start":{"line":68,"column":12},"end":{"line":85,"column":13}},"31":{"start":{"line":69,"column":16},"end":{"line":69,"column":47}},"32":{"start":{"line":70,"column":16},"end":{"line":70,"column":36}},"33":{"start":{"line":71,"column":16},"end":{"line":71,"column":64}},"34":{"start":{"line":72,"column":16},"end":{"line":72,"column":32}},"35":{"start":{"line":73,"column":16},"end":{"line":73,"column":30}},"36":{"start":{"line":74,"column":16},"end":{"line":74,"column":28}},"37":{"start":{"line":75,"column":16},"end":{"line":77,"column":25}},"38":{"start":{"line":76,"column":20},"end":{"line":76,"column":42}},"39":{"start":{"line":80,"column":16},"end":{"line":80,"column":64}},"40":{"start":{"line":81,"column":32},"end":{"line":81,"column":80}},"41":{"start":{"line":82,"column":16},"end":{"line":82,"column":38}},"42":{"start":{"line":83,"column":16},"end":{"line":83,"column":41}},"43":{"start":{"line":84,"column":16},"end":{"line":84,"column":41}},"44":{"start":{"line":87,"column":12},"end":{"line":87,"column":33}},"45":{"start":{"line":91,"column":4},"end":{"line":99,"column":20}},"46":{"start":{"line":92,"column":8},"end":{"line":92,"column":76}},"47":{"start":{"line":93,"column":8},"end":{"line":93,"column":63}},"48":{"start":{"line":94,"column":8},"end":{"line":94,"column":28}},"49":{"start":{"line":95,"column":8},"end":{"line":95,"column":30}},"50":{"start":{"line":96,"column":8},"end":{"line":96,"column":22}},"51":{"start":{"line":97,"column":8},"end":{"line":97,"column":24}},"52":{"start":{"line":98,"column":8},"end":{"line":98,"column":20}},"53":{"start":{"line":101,"column":4},"end":{"line":103,"column":5}},"54":{"start":{"line":102,"column":8},"end":{"line":102,"column":42}},"55":{"start":{"line":105,"column":4},"end":{"line":111,"column":5}},"56":{"start":{"line":106,"column":8},"end":{"line":110,"column":10}},"57":{"start":{"line":113,"column":4},"end":{"line":132,"column":5}},"58":{"start":{"line":114,"column":8},"end":{"line":131,"column":10}},"59":{"start":{"line":125,"column":35},"end":{"line":125,"column":57}},"60":{"start":{"line":134,"column":4},"end":{"line":167,"column":6}},"61":{"start":{"line":145,"column":38},"end":{"line":145,"column":55}},"62":{"start":{"line":153,"column":38},"end":{"line":153,"column":53}},"63":{"start":{"line":161,"column":38},"end":{"line":161,"column":51}}},"fnMap":{"0":{"name":"AddExpenseForm","decl":{"start":{"line":10,"column":16},"end":{"line":10,"column":30}},"loc":{"start":{"line":10,"column":33},"end":{"line":168,"column":1}},"line":10},"1":{"name":"(anonymous_1)","decl":{"start":{"line":21,"column":42},"end":{"line":21,"column":43}},"loc":{"start":{"line":21,"column":54},"end":{"line":40,"column":5}},"line":21},"2":{"name":"(anonymous_2)","decl":{"start":{"line":42,"column":14},"end":{"line":42,"column":15}},"loc":{"start":{"line":42,"column":20},"end":{"line":46,"column":5}},"line":42},"3":{"name":"(anonymous_3)","decl":{"start":{"line":48,"column":29},"end":{"line":48,"column":30}},"loc":{"start":{"line":48,"column":41},"end":{"line":89,"column":5}},"line":48},"4":{"name":"(anonymous_4)","decl":{"start":{"line":75,"column":27},"end":{"line":75,"column":28}},"loc":{"start":{"line":75,"column":33},"end":{"line":77,"column":17}},"line":75},"5":{"name":"(anonymous_5)","decl":{"start":{"line":91,"column":14},"end":{"line":91,"column":15}},"loc":{"start":{"line":91,"column":20},"end":{"line":99,"column":5}},"line":91},"6":{"name":"(anonymous_6)","decl":{"start":{"line":125,"column":29},"end":{"line":125,"column":30}},"loc":{"start":{"line":125,"column":35},"end":{"line":125,"column":57}},"line":125},"7":{"name":"(anonymous_7)","decl":{"start":{"line":145,"column":30},"end":{"line":145,"column":31}},"loc":{"start":{"line":145,"column":38},"end":{"line":145,"column":55}},"line":145},"8":{"name":"(anonymous_8)","decl":{"start":{"line":153,"column":30},"end":{"line":153,"column":31}},"loc":{"start":{"line":153,"column":38},"end":{"line":153,"column":53}},"line":153},"9":{"name":"(anonymous_9)","decl":{"start":{"line":161,"column":30},"end":{"line":161,"column":31}},"loc":{"start":{"line":161,"column":38},"end":{"line":161,"column":51}},"line":161}},"branchMap":{"0":{"loc":{"start":{"line":34,"column":33},"end":{"line":34,"column":105}},"type":"binary-expr","locations":[{"start":{"line":34,"column":33},"end":{"line":34,"column":44}},{"start":{"line":34,"column":48},"end":{"line":34,"column":52}},{"start":{"line":34,"column":56},"end":{"line":34,"column":80}},{"start":{"line":34,"column":84},"end":{"line":34,"column":105}}],"line":34},"1":{"loc":{"start":{"line":43,"column":8},"end":{"line":45,"column":9}},"type":"if","locations":[{"start":{"line":43,"column":8},"end":{"line":45,"column":9}},{"start":{},"end":{}}],"line":43},"2":{"loc":{"start":{"line":68,"column":12},"end":{"line":85,"column":13}},"type":"if","locations":[{"start":{"line":68,"column":12},"end":{"line":85,"column":13}},{"start":{"line":78,"column":19},"end":{"line":85,"column":13}}],"line":68},"3":{"loc":{"start":{"line":101,"column":4},"end":{"line":103,"column":5}},"type":"if","locations":[{"start":{"line":101,"column":4},"end":{"line":103,"column":5}},{"start":{},"end":{}}],"line":101},"4":{"loc":{"start":{"line":105,"column":4},"end":{"line":111,"column":5}},"type":"if","locations":[{"start":{"line":105,"column":4},"end":{"line":111,"column":5}},{"start":{},"end":{}}],"line":105},"5":{"loc":{"start":{"line":113,"column":4},"end":{"line":132,"column":5}},"type":"if","locations":[{"start":{"line":113,"column":4},"end":{"line":132,"column":5}},{"start":{},"end":{}}],"line":113},"6":{"loc":{"start":{"line":136,"column":13},"end":{"line":136,"column":89}},"type":"cond-expr","locations":[{"start":{"line":136,"column":28},"end":{"line":136,"column":82}},{"start":{"line":136,"column":85},"end":{"line":136,"column":89}}],"line":136},"7":{"loc":{"start":{"line":137,"column":13},"end":{"line":137,"column":94}},"type":"cond-expr","locations":[{"start":{"line":137,"column":30},"end":{"line":137,"column":87}},{"start":{"line":137,"column":90},"end":{"line":137,"column":94}}],"line":137}},"s":{"0":25,"1":25,"2":25,"3":25,"4":25,"5":25,"6":25,"7":25,"8":25,"9":25,"10":7,"11":7,"12":7,"13":7,"14":6,"15":6,"16":6,"17":1,"18":1,"19":25,"20":9,"21":7,"22":25,"23":2,"24":2,"25":2,"26":2,"27":2,"28":2,"29":2,"30":2,"31":2,"32":2,"33":2,"34":2,"35":2,"36":2,"37":2,"38":1,"39":0,"40":0,"41":0,"42":0,"43":0,"44":0,"45":25,"46":9,"47":9,"48":9,"49":9,"50":9,"51":9,"52":9,"53":25,"54":2,"55":23,"56":7,"57":16,"58":3,"59":1,"60":13,"61":2,"62":2,"63":2},"f":{"0":25,"1":7,"2":9,"3":2,"4":1,"5":9,"6":1,"7":2,"8":2,"9":2},"b":{"0":[6,5,5,5],"1":[7,2],"2":[2,0],"3":[2,23],"4":[7,16],"5":[3,13],"6":[0,13],"7":[2,11]},"_coverageSchema":"1a1c01bbd47fc00a2c39e90264f33305004495a9","hash":"11d93fb829fa5e403f2ff99d6387b7732dec1318"},"C:\\projects\\simple-budget\\mobile\\components\\utility\\ExpenseCard.tsx":{"path":"C:\\projects\\simple-budget\\mobile\\components\\utility\\ExpenseCard.tsx","statementMap":{"0":{"start":{"line":4,"column":22},"end":{"line":8,"column":5}},"1":{"start":{"line":9,"column":4},"end":{"line":15,"column":16}}},"fnMap":{"0":{"name":"ExpenseCard","decl":{"start":{"line":3,"column":24},"end":{"line":3,"column":35}},"loc":{"start":{"line":3,"column":112},"end":{"line":16,"column":1}},"line":3}},"branchMap":{},"s":{"0":3,"1":3},"f":{"0":3},"b":{},"_coverageSchema":"1a1c01bbd47fc00a2c39e90264f33305004495a9","hash":"17c9ebe262fd99eb914bf0c2a4c5737228e15603"},"C:\\projects\\simple-budget\\mobile\\components\\HomePage.tsx":{"path":"C:\\projects\\simple-budget\\mobile\\components\\HomePage.tsx","statementMap":{"0":{"start":{"line":7,"column":18},"end":{"line":7,"column":40}},"1":{"start":{"line":9,"column":2},"end":{"line":11,"column":3}},"2":{"start":{"line":10,"column":4},"end":{"line":10,"column":38}},"3":{"start":{"line":13,"column":2},"end":{"line":19,"column":10}}},"fnMap":{"0":{"name":"HomePage","decl":{"start":{"line":6,"column":16},"end":{"line":6,"column":24}},"loc":{"start":{"line":6,"column":27},"end":{"line":20,"column":1}},"line":6}},"branchMap":{"0":{"loc":{"start":{"line":9,"column":2},"end":{"line":11,"column":3}},"type":"if","locations":[{"start":{"line":9,"column":2},"end":{"line":11,"column":3}},{"start":{},"end":{}}],"line":9}},"s":{"0":2,"1":2,"2":1,"3":1},"f":{"0":2},"b":{"0":[1,1]},"_coverageSchema":"1a1c01bbd47fc00a2c39e90264f33305004495a9","hash":"3dd95258feb22fe4c8d9281bc42d42d5ee606bcd"}}}
